    Finished `dev` profile [unoptimized + debuginfo] target(s) in 0.48s
warning[E0133]: dereference of raw pointer is unsafe and requires unsafe block
  --> ulib/axlibc/src/mktime.rs:20:20
   |
20 |     let mut year = (*t).tm_year + 1900;
   |                    ^^^^ dereference of raw pointer
   |
   = note: for more information, see <https://doc.rust-lang.org/nightly/edition-guide/rust-2024/unsafe-op-in-unsafe-fn.html>
   = note: raw pointers may be null, dangling or unaligned; they can violate aliasing rules and cause data races: all of these are undefined behavior
note: an unsafe function restricts its caller, but its body is safe by default
  --> ulib/axlibc/src/mktime.rs:19:1
   |
19 | pub unsafe extern "C" fn mktime(t: *mut ctypes::tm) -> ctypes::time_t {
   | ^^^^^^^^^^^^^^^^^^^^^^^^^^^^^^^^^^^^^^^^^^^^^^^^^^^^^^^^^^^^^^^^^^^^^
   = note: `#[warn(unsafe_op_in_unsafe_fn)]` on by default

warning[E0133]: dereference of raw pointer is unsafe and requires unsafe block
  --> ulib/axlibc/src/mktime.rs:21:21
   |
21 |     let mut month = (*t).tm_mon;
   |                     ^^^^ dereference of raw pointer
   |
   = note: for more information, see <https://doc.rust-lang.org/nightly/edition-guide/rust-2024/unsafe-op-in-unsafe-fn.html>
   = note: raw pointers may be null, dangling or unaligned; they can violate aliasing rules and cause data races: all of these are undefined behavior

warning[E0133]: dereference of raw pointer is unsafe and requires unsafe block
  --> ulib/axlibc/src/mktime.rs:22:19
   |
22 |     let mut day = (*t).tm_mday as i64 - 1;
   |                   ^^^^ dereference of raw pointer
   |
   = note: for more information, see <https://doc.rust-lang.org/nightly/edition-guide/rust-2024/unsafe-op-in-unsafe-fn.html>
   = note: raw pointers may be null, dangling or unaligned; they can violate aliasing rules and cause data races: all of these are undefined behavior

warning[E0133]: dereference of raw pointer is unsafe and requires unsafe block
  --> ulib/axlibc/src/mktime.rs:27:63
   |
27 |         day = MONTH_DAYS[if leap_year(year) { 1 } else { 0 }][(*t).tm_mon as usize] as i64 - day;
   |                                                               ^^^^ dereference of raw pointer
   |
   = note: for more information, see <https://doc.rust-lang.org/nightly/edition-guide/rust-2024/unsafe-op-in-unsafe-fn.html>
   = note: raw pointers may be null, dangling or unaligned; they can violate aliasing rules and cause data races: all of these are undefined behavior

warning[E0133]: dereference of raw pointer is unsafe and requires unsafe block
  --> ulib/axlibc/src/mktime.rs:40:17
   |
40 |             - (((*t).tm_hour as i64) * (60 * 60) + ((*t).tm_min as i64) * 60 + (*t).tm_sec as i64)))
   |                 ^^^^ dereference of raw pointer
   |
   = note: for more information, see <https://doc.rust-lang.org/nightly/edition-guide/rust-2024/unsafe-op-in-unsafe-fn.html>
   = note: raw pointers may be null, dangling or unaligned; they can violate aliasing rules and cause data races: all of these are undefined behavior

warning[E0133]: dereference of raw pointer is unsafe and requires unsafe block
  --> ulib/axlibc/src/mktime.rs:40:53
   |
40 |             - (((*t).tm_hour as i64) * (60 * 60) + ((*t).tm_min as i64) * 60 + (*t).tm_sec as i64)))
   |                                                     ^^^^ dereference of raw pointer
   |
   = note: for more information, see <https://doc.rust-lang.org/nightly/edition-guide/rust-2024/unsafe-op-in-unsafe-fn.html>
   = note: raw pointers may be null, dangling or unaligned; they can violate aliasing rules and cause data races: all of these are undefined behavior

warning[E0133]: dereference of raw pointer is unsafe and requires unsafe block
  --> ulib/axlibc/src/mktime.rs:40:80
   |
40 |             - (((*t).tm_hour as i64) * (60 * 60) + ((*t).tm_min as i64) * 60 + (*t).tm_sec as i64)))
   |                                                                                ^^^^ dereference of raw pointer
   |
   = note: for more information, see <https://doc.rust-lang.org/nightly/edition-guide/rust-2024/unsafe-op-in-unsafe-fn.html>
   = note: raw pointers may be null, dangling or unaligned; they can violate aliasing rules and cause data races: all of these are undefined behavior

warning[E0133]: dereference of raw pointer is unsafe and requires unsafe block
  --> ulib/axlibc/src/mktime.rs:54:16
   |
54 |             + ((*t).tm_hour as i64) * (60 * 60)
   |                ^^^^ dereference of raw pointer
   |
   = note: for more information, see <https://doc.rust-lang.org/nightly/edition-guide/rust-2024/unsafe-op-in-unsafe-fn.html>
   = note: raw pointers may be null, dangling or unaligned; they can violate aliasing rules and cause data races: all of these are undefined behavior

warning[E0133]: dereference of raw pointer is unsafe and requires unsafe block
  --> ulib/axlibc/src/mktime.rs:55:16
   |
55 |             + ((*t).tm_min as i64) * 60
   |                ^^^^ dereference of raw pointer
   |
   = note: for more information, see <https://doc.rust-lang.org/nightly/edition-guide/rust-2024/unsafe-op-in-unsafe-fn.html>
   = note: raw pointers may be null, dangling or unaligned; they can violate aliasing rules and cause data races: all of these are undefined behavior

warning[E0133]: dereference of raw pointer is unsafe and requires unsafe block
  --> ulib/axlibc/src/mktime.rs:56:15
   |
56 |             + (*t).tm_sec as i64) as ctypes::time_t
   |               ^^^^ dereference of raw pointer
   |
   = note: for more information, see <https://doc.rust-lang.org/nightly/edition-guide/rust-2024/unsafe-op-in-unsafe-fn.html>
   = note: raw pointers may be null, dangling or unaligned; they can violate aliasing rules and cause data races: all of these are undefined behavior

For more information about this error, try `rustc --explain E0133`.
warning: `axlibc` (lib) generated 10 warnings (run `cargo fix --lib -p axlibc` to apply 1 suggestion)
    Finished `dev` profile [unoptimized + debuginfo] target(s) in 0.10s
warning: unused import: `super::fragmentation::PacketAssemblerSet`
  --> vendor/smoltcp/src/iface/interface/mod.rs:35:5
   |
35 | use super::fragmentation::PacketAssemblerSet;
   |     ^^^^^^^^^^^^^^^^^^^^^^^^^^^^^^^^^^^^^^^^
   |
   = note: `#[warn(unused_imports)]` on by default

warning: unused import: `IFACE_MAX_SIXLOWPAN_ADDRESS_CONTEXT_COUNT`
  --> vendor/smoltcp/src/iface/interface/mod.rs:41:43
   |
41 | use crate::config::{IFACE_MAX_ADDR_COUNT, IFACE_MAX_SIXLOWPAN_ADDRESS_CONTEXT_COUNT};
   |                                           ^^^^^^^^^^^^^^^^^^^^^^^^^^^^^^^^^^^^^^^^^

warning: unused variable: `frag`
  --> vendor/smoltcp/src/iface/interface/ipv4.rs:91:9
   |
91 |         frag: &'a mut FragmentsBuffer,
   |         ^^^^ help: if this is intentional, prefix it with an underscore: `_frag`
   |
   = note: `#[warn(unused_variables)]` on by default

warning: unreachable pattern
    --> vendor/smoltcp/src/iface/interface/mod.rs:1177:13
     |
1171 |             Medium::Ethernet => {
     |             ---------------- matches all the relevant values
...
1177 |             _ => (EthernetAddress([0; 6]), tx_token),
     |             ^ no value can reach this
     |
     = note: `#[warn(unreachable_patterns)]` on by default

warning: unreachable pattern
    --> vendor/smoltcp/src/iface/interface/mod.rs:1174:21
     |
1173 |                     (HardwareAddress::Ethernet(addr), tx_token) => (addr, tx_token),
     |                     ------------------------------------------- matches all the relevant values
1174 |                     (_, _) => unreachable!(),
     |                     ^^^^^^ no value can reach this

warning: unused variable: `repr`
    --> vendor/smoltcp/src/iface/interface/mod.rs:1211:26
     |
1211 |             IpRepr::Ipv4(repr) => {
     |                          ^^^^ help: if this is intentional, prefix it with an underscore: `_repr`

warning: variable does not need to be mutable
   --> vendor/smoltcp/src/socket/dns.rs:249:13
    |
249 |         let mut mdns = MulticastDns::Disabled;
    |             ----^^^^
    |             |
    |             help: remove this `mut`
    |
    = note: `#[warn(unused_mut)]` on by default

warning: methods `link_local_ipv6_address` and `mldv2_report_packet` are never used
   --> vendor/smoltcp/src/iface/interface/ipv6.rs:171:8
    |
21  | impl InterfaceInner {
    | ------------------- methods in this implementation
...
171 |     fn link_local_ipv6_address(&self) -> Option<Ipv6Address> {
    |        ^^^^^^^^^^^^^^^^^^^^^^^
...
536 |     pub(super) fn mldv2_report_packet<'any>(
    |                   ^^^^^^^^^^^^^^^^^^^
    |
    = note: `#[warn(dead_code)]` on by default

warning: variant `HopByHopIcmpv6` is never constructed
   --> vendor/smoltcp/src/iface/packet.rs:215:5
    |
207 | pub(crate) enum IpPayload<'p> {
    |                 --------- variant in this enum
...
215 |     HopByHopIcmpv6(Ipv6HopByHopRepr<'p>, Icmpv6Repr<'p>),
    |     ^^^^^^^^^^^^^^
    |
    = note: `IpPayload` has a derived impl for the trait `Debug`, but this is intentionally ignored during dead code analysis

warning: method `is_solicited_node_multicast` is never used
   --> vendor/smoltcp/src/wire/ipv6.rs:131:8
    |
79  | pub(crate) trait AddressExt {
    |                  ---------- method in this trait
...
131 |     fn is_solicited_node_multicast(&self) -> bool;
    |        ^^^^^^^^^^^^^^^^^^^^^^^^^^^

warning: method `emit_header` is never used
   --> vendor/smoltcp/src/wire/udp.rs:275:19
    |
232 | impl Repr {
    | --------- method in this implementation
...
275 |     pub(crate) fn emit_header<T>(&self, packet: &mut Packet<&mut T>, payload_len: usize)
    |                   ^^^^^^^^^^^

warning: `smoltcp` (lib) generated 11 warnings (run `cargo fix --lib -p smoltcp` to apply 3 suggestions)
    Checking arceos_posix_api v0.2.0 (/root/oskernel2026-orays/api/arceos_posix_api)
warning: implicit autoref creates a reference to the dereference of a raw pointer
  --> api/arceos_posix_api/src/imp/io_mpx/select.rs:58:29
   |
58 |         let src = unsafe { &(*fds).fds_bits[..words] };
   |                             ^^---^^^^^^^^^^^^^^^^^^^
   |                               |
   |                               this raw pointer has type `*const fd_set`
   |
   = note: creating a reference requires the pointer target to be valid and imposes aliasing requirements
note: autoref is being applied to this expression, resulting in: `&[u64; 16]`
  --> api/arceos_posix_api/src/imp/io_mpx/select.rs:58:29
   |
58 |         let src = unsafe { &(*fds).fds_bits[..words] };
   |                             ^^^^^^^^^^^^^^^
   = note: `#[warn(dangerous_implicit_autorefs)]` on by default
help: try using a raw pointer method instead; or if this reference is intentional, make it explicit
   |
58 |         let src = unsafe { &(&(*fds).fds_bits)[..words] };
   |                             ++               +

warning: implicit autoref creates a reference to the dereference of a raw pointer
  --> api/arceos_posix_api/src/imp/io_mpx/select.rs:85:13
   |
85 |             (*fds).fds_bits[..words].copy_from_slice(&self.bits[set_idx][..words]);
   |             ^^---^^^^^^^^^^^^^^^^^^^
   |               |
   |               this raw pointer has type `*mut fd_set`
   |
   = note: creating a reference requires the pointer target to be valid and imposes aliasing requirements
note: autoref is being applied to this expression, resulting in: `&mut [u64; 16]`
  --> api/arceos_posix_api/src/imp/io_mpx/select.rs:85:13
   |
85 |             (*fds).fds_bits[..words].copy_from_slice(&self.bits[set_idx][..words]);
   |             ^^^^^^^^^^^^^^^
help: try using a raw pointer method instead; or if this reference is intentional, make it explicit
   |
85 |             (&mut (*fds).fds_bits)[..words].copy_from_slice(&self.bits[set_idx][..words]);
   |             +++++                +

warning: `arceos_posix_api` (lib) generated 2 warnings
    Finished `dev` profile [unoptimized + debuginfo] target(s) in 0.95s
LTP_CASES="stable" \
	make test_build ARCH=riscv64 BUS=mmio \
	KERNEL_FEATURES="alloc,paging,irq,multitask,fs,net,rtc" \
	APP_FEATURES="auto-run-tests,uspace" \
	AXCONFIG_WRITES="-w plat.phys-memory-size=0x4000_0000" \
	OUT_DIR=/root/oskernel2026-orays/build/kernels/riscv64 \
	OUT_CONFIG=/root/oskernel2026-orays/build/kernels/riscv64.axconfig.toml \
	TARGET_DIR=/root/oskernel2026-orays/build/kernels/target/riscv64
make[1]: Entering directory '/root/oskernel2026-orays'
make A=examples/shell MODE=release LOG=info SMP=1 FEATURES=alloc,paging,irq,multitask,fs,net,rtc \
	ARCH=riscv64 BUS=mmio  \
	APP_FEATURES="auto-run-tests,uspace" \
	AXCONFIG_WRITES="-w plat.phys-memory-size=0x4000_0000" \
	OUT_DIR=/root/oskernel2026-orays/build/kernels/riscv64 \
	OUT_CONFIG=/root/oskernel2026-orays/build/kernels/riscv64.axconfig.toml \
	TARGET_DIR=/root/oskernel2026-orays/build/kernels/target/riscv64 \
	build
make[2]: Entering directory '/root/oskernel2026-orays'
printf '\033[37mpython3 /root/oskernel2026-orays/scripts/axconfig-gen.py\033[0m \033[90mconfigs/defconfig.toml /root/oskernel2026-orays/configs/platforms/axplat-riscv64-qemu-virt.toml  -w 'arch="riscv64"' -w 'platform="riscv64-qemu-virt"' -o "/root/oskernel2026-orays/build/kernels/riscv64.axconfig.toml" -w plat.phys-memory-size=0x4000_0000 -w 'plat.max-cpu-num=1' -c "/root/oskernel2026-orays/build/kernels/riscv64.axconfig.toml"\033[0m\n'
python3 /root/oskernel2026-orays/scripts/axconfig-gen.py configs/defconfig.toml /root/oskernel2026-orays/configs/platforms/axplat-riscv64-qemu-virt.toml  -w 'arch="riscv64"' -w 'platform="riscv64-qemu-virt"' -o "/root/oskernel2026-orays/build/kernels/riscv64.axconfig.toml" -w plat.phys-memory-size=0x4000_0000 -w 'plat.max-cpu-num=1' -c "/root/oskernel2026-orays/build/kernels/riscv64.axconfig.toml"
printf "    \033[92;1mBuilding\033[0m App: shell, Arch: riscv64, Platform: riscv64-qemu-virt, App type: rust\n"
printf '\033[37mcargo -C examples/shell build\033[0m \033[90m-Z unstable-options --target riscv64gc-unknown-none-elf --target-dir /root/oskernel2026-orays/build/kernels/target/riscv64 --release  --features "axstd/defplat axstd/log-level-info axstd/bus-mmio axstd/alloc axstd/paging axstd/irq axstd/multitask axstd/fs axstd/net axstd/rtc auto-run-tests uspace"\033[0m\n'
cargo -C examples/shell build -Z unstable-options --target riscv64gc-unknown-none-elf --target-dir /root/oskernel2026-orays/build/kernels/target/riscv64 --release  --features "axstd/defplat axstd/log-level-info axstd/bus-mmio axstd/alloc axstd/paging axstd/irq axstd/multitask axstd/fs axstd/net axstd/rtc auto-run-tests uspace"
cp /root/oskernel2026-orays/build/kernels/target/riscv64/riscv64gc-unknown-none-elf/release/arceos-shell /root/oskernel2026-orays/build/kernels/riscv64/shell_riscv64-qemu-virt.elf
:
printf '\033[37msh /root/oskernel2026-orays/scripts/rust-objcopy.sh --binary-architecture=riscv64\033[0m \033[90m/root/oskernel2026-orays/build/kernels/riscv64/shell_riscv64-qemu-virt.elf --strip-all -O binary /root/oskernel2026-orays/build/kernels/riscv64/shell_riscv64-qemu-virt.bin\033[0m\n'
sh /root/oskernel2026-orays/scripts/rust-objcopy.sh --binary-architecture=riscv64 /root/oskernel2026-orays/build/kernels/riscv64/shell_riscv64-qemu-virt.elf --strip-all -O binary /root/oskernel2026-orays/build/kernels/riscv64/shell_riscv64-qemu-virt.bin
if [ ! -s /root/oskernel2026-orays/build/kernels/riscv64/shell_riscv64-qemu-virt.bin ]; then \
	echo 'Empty kernel image "shell_riscv64-qemu-virt.bin" is built, please check your build configuration'; \
	exit 1; \
fi
make[2]: Leaving directory '/root/oskernel2026-orays'
mkdir -p /root/oskernel2026-orays/
sh /root/oskernel2026-orays/scripts/rust-objcopy.sh -I binary -O elf64-littleriscv --rename-section .data=.text,alloc,load,readonly,code /root/oskernel2026-orays/build/kernels/riscv64/shell_riscv64-qemu-virt.bin /root/oskernel2026-orays/build/kernels/kernel-rv.wrap.o
rust-lld -flavor gnu -m elf64lriscv -T scripts/make/riscv64-kernel-wrap.lds /root/oskernel2026-orays/build/kernels/kernel-rv.wrap.o -o /root/oskernel2026-orays/kernel-rv
make[1]: Leaving directory '/root/oskernel2026-orays'
LTP_CASES="stable" \
	make test_build ARCH=loongarch64 BUS=pci \
	PLAT_CONFIG="/root/oskernel2026-orays/configs/remote-eval/axplat-loongarch64-qemu-virt.toml" \
	KERNEL_FEATURES="alloc,paging,irq,multitask,fs,net,rtc" \
	APP_FEATURES="auto-run-tests,uspace" \
	AXCONFIG_WRITES="-w plat.phys-memory-size=0x3000_0000" \
	OUT_DIR=/root/oskernel2026-orays/build/kernels/loongarch64 \
	OUT_CONFIG=/root/oskernel2026-orays/build/kernels/loongarch64.axconfig.toml \
	TARGET_DIR=/root/oskernel2026-orays/build/kernels/target/loongarch64
make[1]: Entering directory '/root/oskernel2026-orays'
make A=examples/shell MODE=release LOG=info SMP=1 FEATURES=alloc,paging,irq,multitask,fs,net,rtc \
	ARCH=loongarch64 BUS=pci PLAT_CONFIG="/root/oskernel2026-orays/configs/remote-eval/axplat-loongarch64-qemu-virt.toml" \
	APP_FEATURES="auto-run-tests,uspace" \
	AXCONFIG_WRITES="-w plat.phys-memory-size=0x3000_0000" \
	OUT_DIR=/root/oskernel2026-orays/build/kernels/loongarch64 \
	OUT_CONFIG=/root/oskernel2026-orays/build/kernels/loongarch64.axconfig.toml \
	TARGET_DIR=/root/oskernel2026-orays/build/kernels/target/loongarch64 \
	build
make[2]: Entering directory '/root/oskernel2026-orays'
printf '\033[37mpython3 /root/oskernel2026-orays/scripts/axconfig-gen.py\033[0m \033[90mconfigs/defconfig.toml /root/oskernel2026-orays/configs/remote-eval/axplat-loongarch64-qemu-virt.toml  -w 'arch="loongarch64"' -w 'platform="loongarch64-qemu-virt"' -o "/root/oskernel2026-orays/build/kernels/loongarch64.axconfig.toml" -w plat.phys-memory-size=0x3000_0000 -w 'plat.max-cpu-num=1' -c "/root/oskernel2026-orays/build/kernels/loongarch64.axconfig.toml"\033[0m\n'
python3 /root/oskernel2026-orays/scripts/axconfig-gen.py configs/defconfig.toml /root/oskernel2026-orays/configs/remote-eval/axplat-loongarch64-qemu-virt.toml  -w 'arch="loongarch64"' -w 'platform="loongarch64-qemu-virt"' -o "/root/oskernel2026-orays/build/kernels/loongarch64.axconfig.toml" -w plat.phys-memory-size=0x3000_0000 -w 'plat.max-cpu-num=1' -c "/root/oskernel2026-orays/build/kernels/loongarch64.axconfig.toml"
printf "    \033[92;1mBuilding\033[0m App: shell, Arch: loongarch64, Platform: loongarch64-qemu-virt, App type: rust\n"
printf '\033[37mcargo -C examples/shell build\033[0m \033[90m-Z unstable-options --target loongarch64-unknown-none-softfloat --target-dir /root/oskernel2026-orays/build/kernels/target/loongarch64 --release  --features "axstd/defplat axstd/log-level-info axstd/alloc axstd/paging axstd/irq axstd/multitask axstd/fs axstd/net axstd/rtc auto-run-tests uspace"\033[0m\n'
cargo -C examples/shell build -Z unstable-options --target loongarch64-unknown-none-softfloat --target-dir /root/oskernel2026-orays/build/kernels/target/loongarch64 --release  --features "axstd/defplat axstd/log-level-info axstd/alloc axstd/paging axstd/irq axstd/multitask axstd/fs axstd/net axstd/rtc auto-run-tests uspace"
cp /root/oskernel2026-orays/build/kernels/target/loongarch64/loongarch64-unknown-none-softfloat/release/arceos-shell /root/oskernel2026-orays/build/kernels/loongarch64/shell_loongarch64-qemu-virt.elf
:
printf '\033[37msh /root/oskernel2026-orays/scripts/rust-objcopy.sh --binary-architecture=loongarch64\033[0m \033[90m/root/oskernel2026-orays/build/kernels/loongarch64/shell_loongarch64-qemu-virt.elf --strip-all -O binary /root/oskernel2026-orays/build/kernels/loongarch64/shell_loongarch64-qemu-virt.bin\033[0m\n'
sh /root/oskernel2026-orays/scripts/rust-objcopy.sh --binary-architecture=loongarch64 /root/oskernel2026-orays/build/kernels/loongarch64/shell_loongarch64-qemu-virt.elf --strip-all -O binary /root/oskernel2026-orays/build/kernels/loongarch64/shell_loongarch64-qemu-virt.bin
if [ ! -s /root/oskernel2026-orays/build/kernels/loongarch64/shell_loongarch64-qemu-virt.bin ]; then \
	echo 'Empty kernel image "shell_loongarch64-qemu-virt.bin" is built, please check your build configuration'; \
	exit 1; \
fi
make[2]: Leaving directory '/root/oskernel2026-orays'
mkdir -p /root/oskernel2026-orays/
cp /root/oskernel2026-orays/build/kernels/loongarch64/shell_loongarch64-qemu-virt.elf /root/oskernel2026-orays/kernel-la
make[1]: Leaving directory '/root/oskernel2026-orays'
