LTP_CASES="stable" \
	make test_build ARCH=riscv64 BUS=mmio \
	KERNEL_FEATURES="alloc,paging,irq,multitask,fs,net,rtc" \
	APP_FEATURES="auto-run-tests,uspace" \
	AXCONFIG_WRITES="-w plat.phys-memory-size=0x4000_0000" \
	OUT_DIR=/root/oskernel2026-orays/build/kernels/riscv64 \
	OUT_CONFIG=/root/oskernel2026-orays/build/kernels/riscv64.axconfig.toml \
	TARGET_DIR=/root/oskernel2026-orays/build/kernels/target/riscv64
make[1]: Entering directory '/root/oskernel2026-orays'
make A=examples/shell MODE=release LOG=info SMP=1 FEATURES=alloc,paging,irq,multitask,fs,net,rtc \
	ARCH=riscv64 BUS=mmio  \
	APP_FEATURES="auto-run-tests,uspace" \
	AXCONFIG_WRITES="-w plat.phys-memory-size=0x4000_0000" \
	OUT_DIR=/root/oskernel2026-orays/build/kernels/riscv64 \
	OUT_CONFIG=/root/oskernel2026-orays/build/kernels/riscv64.axconfig.toml \
	TARGET_DIR=/root/oskernel2026-orays/build/kernels/target/riscv64 \
	build
make[2]: Entering directory '/root/oskernel2026-orays'
printf '\033[37mpython3 /root/oskernel2026-orays/scripts/axconfig-gen.py\033[0m \033[90mconfigs/defconfig.toml /root/oskernel2026-orays/configs/platforms/axplat-riscv64-qemu-virt.toml  -w 'arch="riscv64"' -w 'platform="riscv64-qemu-virt"' -o "/root/oskernel2026-orays/build/kernels/riscv64.axconfig.toml" -w plat.phys-memory-size=0x4000_0000 -w 'plat.max-cpu-num=1' -c "/root/oskernel2026-orays/build/kernels/riscv64.axconfig.toml"\033[0m\n'
python3 /root/oskernel2026-orays/scripts/axconfig-gen.py configs/defconfig.toml /root/oskernel2026-orays/configs/platforms/axplat-riscv64-qemu-virt.toml  -w 'arch="riscv64"' -w 'platform="riscv64-qemu-virt"' -o "/root/oskernel2026-orays/build/kernels/riscv64.axconfig.toml" -w plat.phys-memory-size=0x4000_0000 -w 'plat.max-cpu-num=1' -c "/root/oskernel2026-orays/build/kernels/riscv64.axconfig.toml"
printf "    \033[92;1mBuilding\033[0m App: shell, Arch: riscv64, Platform: riscv64-qemu-virt, App type: rust\n"
printf '\033[37mcargo -C examples/shell build\033[0m \033[90m-Z unstable-options --target riscv64gc-unknown-none-elf --target-dir /root/oskernel2026-orays/build/kernels/target/riscv64 --release  --features "axstd/defplat axstd/log-level-info axstd/bus-mmio axstd/alloc axstd/paging axstd/irq axstd/multitask axstd/fs axstd/net axstd/rtc auto-run-tests uspace"\033[0m\n'
cargo -C examples/shell build -Z unstable-options --target riscv64gc-unknown-none-elf --target-dir /root/oskernel2026-orays/build/kernels/target/riscv64 --release  --features "axstd/defplat axstd/log-level-info axstd/bus-mmio axstd/alloc axstd/paging axstd/irq axstd/multitask axstd/fs axstd/net axstd/rtc auto-run-tests uspace"
cp /root/oskernel2026-orays/build/kernels/target/riscv64/riscv64gc-unknown-none-elf/release/arceos-shell /root/oskernel2026-orays/build/kernels/riscv64/shell_riscv64-qemu-virt.elf
:
printf '\033[37msh /root/oskernel2026-orays/scripts/rust-objcopy.sh --binary-architecture=riscv64\033[0m \033[90m/root/oskernel2026-orays/build/kernels/riscv64/shell_riscv64-qemu-virt.elf --strip-all -O binary /root/oskernel2026-orays/build/kernels/riscv64/shell_riscv64-qemu-virt.bin\033[0m\n'
sh /root/oskernel2026-orays/scripts/rust-objcopy.sh --binary-architecture=riscv64 /root/oskernel2026-orays/build/kernels/riscv64/shell_riscv64-qemu-virt.elf --strip-all -O binary /root/oskernel2026-orays/build/kernels/riscv64/shell_riscv64-qemu-virt.bin
if [ ! -s /root/oskernel2026-orays/build/kernels/riscv64/shell_riscv64-qemu-virt.bin ]; then \
	echo 'Empty kernel image "shell_riscv64-qemu-virt.bin" is built, please check your build configuration'; \
	exit 1; \
fi
make[2]: Leaving directory '/root/oskernel2026-orays'
mkdir -p /root/oskernel2026-orays/
sh /root/oskernel2026-orays/scripts/rust-objcopy.sh -I binary -O elf64-littleriscv --rename-section .data=.text,alloc,load,readonly,code /root/oskernel2026-orays/build/kernels/riscv64/shell_riscv64-qemu-virt.bin /root/oskernel2026-orays/build/kernels/kernel-rv.wrap.o
rust-lld -flavor gnu -m elf64lriscv -T scripts/make/riscv64-kernel-wrap.lds /root/oskernel2026-orays/build/kernels/kernel-rv.wrap.o -o /root/oskernel2026-orays/kernel-rv
make[1]: Leaving directory '/root/oskernel2026-orays'
LTP_CASES="stable" \
	make test_build ARCH=loongarch64 BUS=pci \
	PLAT_CONFIG="/root/oskernel2026-orays/configs/remote-eval/axplat-loongarch64-qemu-virt.toml" \
	KERNEL_FEATURES="alloc,paging,irq,multitask,fs,net,rtc" \
	APP_FEATURES="auto-run-tests,uspace" \
	AXCONFIG_WRITES="-w plat.phys-memory-size=0x3000_0000" \
	OUT_DIR=/root/oskernel2026-orays/build/kernels/loongarch64 \
	OUT_CONFIG=/root/oskernel2026-orays/build/kernels/loongarch64.axconfig.toml \
	TARGET_DIR=/root/oskernel2026-orays/build/kernels/target/loongarch64
make[1]: Entering directory '/root/oskernel2026-orays'
make A=examples/shell MODE=release LOG=info SMP=1 FEATURES=alloc,paging,irq,multitask,fs,net,rtc \
	ARCH=loongarch64 BUS=pci PLAT_CONFIG="/root/oskernel2026-orays/configs/remote-eval/axplat-loongarch64-qemu-virt.toml" \
	APP_FEATURES="auto-run-tests,uspace" \
	AXCONFIG_WRITES="-w plat.phys-memory-size=0x3000_0000" \
	OUT_DIR=/root/oskernel2026-orays/build/kernels/loongarch64 \
	OUT_CONFIG=/root/oskernel2026-orays/build/kernels/loongarch64.axconfig.toml \
	TARGET_DIR=/root/oskernel2026-orays/build/kernels/target/loongarch64 \
	build
make[2]: Entering directory '/root/oskernel2026-orays'
printf '\033[37mpython3 /root/oskernel2026-orays/scripts/axconfig-gen.py\033[0m \033[90mconfigs/defconfig.toml /root/oskernel2026-orays/configs/remote-eval/axplat-loongarch64-qemu-virt.toml  -w 'arch="loongarch64"' -w 'platform="loongarch64-qemu-virt"' -o "/root/oskernel2026-orays/build/kernels/loongarch64.axconfig.toml" -w plat.phys-memory-size=0x3000_0000 -w 'plat.max-cpu-num=1' -c "/root/oskernel2026-orays/build/kernels/loongarch64.axconfig.toml"\033[0m\n'
python3 /root/oskernel2026-orays/scripts/axconfig-gen.py configs/defconfig.toml /root/oskernel2026-orays/configs/remote-eval/axplat-loongarch64-qemu-virt.toml  -w 'arch="loongarch64"' -w 'platform="loongarch64-qemu-virt"' -o "/root/oskernel2026-orays/build/kernels/loongarch64.axconfig.toml" -w plat.phys-memory-size=0x3000_0000 -w 'plat.max-cpu-num=1' -c "/root/oskernel2026-orays/build/kernels/loongarch64.axconfig.toml"
printf "    \033[92;1mBuilding\033[0m App: shell, Arch: loongarch64, Platform: loongarch64-qemu-virt, App type: rust\n"
printf '\033[37mcargo -C examples/shell build\033[0m \033[90m-Z unstable-options --target loongarch64-unknown-none-softfloat --target-dir /root/oskernel2026-orays/build/kernels/target/loongarch64 --release  --features "axstd/defplat axstd/log-level-info axstd/alloc axstd/paging axstd/irq axstd/multitask axstd/fs axstd/net axstd/rtc auto-run-tests uspace"\033[0m\n'
cargo -C examples/shell build -Z unstable-options --target loongarch64-unknown-none-softfloat --target-dir /root/oskernel2026-orays/build/kernels/target/loongarch64 --release  --features "axstd/defplat axstd/log-level-info axstd/alloc axstd/paging axstd/irq axstd/multitask axstd/fs axstd/net axstd/rtc auto-run-tests uspace"
cp /root/oskernel2026-orays/build/kernels/target/loongarch64/loongarch64-unknown-none-softfloat/release/arceos-shell /root/oskernel2026-orays/build/kernels/loongarch64/shell_loongarch64-qemu-virt.elf
:
printf '\033[37msh /root/oskernel2026-orays/scripts/rust-objcopy.sh --binary-architecture=loongarch64\033[0m \033[90m/root/oskernel2026-orays/build/kernels/loongarch64/shell_loongarch64-qemu-virt.elf --strip-all -O binary /root/oskernel2026-orays/build/kernels/loongarch64/shell_loongarch64-qemu-virt.bin\033[0m\n'
sh /root/oskernel2026-orays/scripts/rust-objcopy.sh --binary-architecture=loongarch64 /root/oskernel2026-orays/build/kernels/loongarch64/shell_loongarch64-qemu-virt.elf --strip-all -O binary /root/oskernel2026-orays/build/kernels/loongarch64/shell_loongarch64-qemu-virt.bin
if [ ! -s /root/oskernel2026-orays/build/kernels/loongarch64/shell_loongarch64-qemu-virt.bin ]; then \
	echo 'Empty kernel image "shell_loongarch64-qemu-virt.bin" is built, please check your build configuration'; \
	exit 1; \
fi
make[2]: Leaving directory '/root/oskernel2026-orays'
mkdir -p /root/oskernel2026-orays/
cp /root/oskernel2026-orays/build/kernels/loongarch64/shell_loongarch64-qemu-virt.elf /root/oskernel2026-orays/kernel-la
make[1]: Leaving directory '/root/oskernel2026-orays'
