    Checking axlibc v0.2.0 (/root/oskernel2026-orays/ulib/axlibc)
warning[E0133]: dereference of raw pointer is unsafe and requires unsafe block
  --> ulib/axlibc/src/mktime.rs:20:20
   |
20 |     let mut year = (*t).tm_year + 1900;
   |                    ^^^^ dereference of raw pointer
   |
   = note: for more information, see <https://doc.rust-lang.org/nightly/edition-guide/rust-2024/unsafe-op-in-unsafe-fn.html>
   = note: raw pointers may be null, dangling or unaligned; they can violate aliasing rules and cause data races: all of these are undefined behavior
note: an unsafe function restricts its caller, but its body is safe by default
  --> ulib/axlibc/src/mktime.rs:19:1
   |
19 | pub unsafe extern "C" fn mktime(t: *mut ctypes::tm) -> ctypes::time_t {
   | ^^^^^^^^^^^^^^^^^^^^^^^^^^^^^^^^^^^^^^^^^^^^^^^^^^^^^^^^^^^^^^^^^^^^^
   = note: `#[warn(unsafe_op_in_unsafe_fn)]` on by default

warning[E0133]: dereference of raw pointer is unsafe and requires unsafe block
  --> ulib/axlibc/src/mktime.rs:21:21
   |
21 |     let mut month = (*t).tm_mon;
   |                     ^^^^ dereference of raw pointer
   |
   = note: for more information, see <https://doc.rust-lang.org/nightly/edition-guide/rust-2024/unsafe-op-in-unsafe-fn.html>
   = note: raw pointers may be null, dangling or unaligned; they can violate aliasing rules and cause data races: all of these are undefined behavior

warning[E0133]: dereference of raw pointer is unsafe and requires unsafe block
  --> ulib/axlibc/src/mktime.rs:22:19
   |
22 |     let mut day = (*t).tm_mday as i64 - 1;
   |                   ^^^^ dereference of raw pointer
   |
   = note: for more information, see <https://doc.rust-lang.org/nightly/edition-guide/rust-2024/unsafe-op-in-unsafe-fn.html>
   = note: raw pointers may be null, dangling or unaligned; they can violate aliasing rules and cause data races: all of these are undefined behavior

warning[E0133]: dereference of raw pointer is unsafe and requires unsafe block
  --> ulib/axlibc/src/mktime.rs:27:63
   |
27 |         day = MONTH_DAYS[if leap_year(year) { 1 } else { 0 }][(*t).tm_mon as usize] as i64 - day;
   |                                                               ^^^^ dereference of raw pointer
   |
   = note: for more information, see <https://doc.rust-lang.org/nightly/edition-guide/rust-2024/unsafe-op-in-unsafe-fn.html>
   = note: raw pointers may be null, dangling or unaligned; they can violate aliasing rules and cause data races: all of these are undefined behavior

warning[E0133]: dereference of raw pointer is unsafe and requires unsafe block
  --> ulib/axlibc/src/mktime.rs:40:17
   |
40 |             - (((*t).tm_hour as i64) * (60 * 60) + ((*t).tm_min as i64) * 60 + (*t).tm_sec as i64)))
   |                 ^^^^ dereference of raw pointer
   |
   = note: for more information, see <https://doc.rust-lang.org/nightly/edition-guide/rust-2024/unsafe-op-in-unsafe-fn.html>
   = note: raw pointers may be null, dangling or unaligned; they can violate aliasing rules and cause data races: all of these are undefined behavior

warning[E0133]: dereference of raw pointer is unsafe and requires unsafe block
  --> ulib/axlibc/src/mktime.rs:40:53
   |
40 |             - (((*t).tm_hour as i64) * (60 * 60) + ((*t).tm_min as i64) * 60 + (*t).tm_sec as i64)))
   |                                                     ^^^^ dereference of raw pointer
   |
   = note: for more information, see <https://doc.rust-lang.org/nightly/edition-guide/rust-2024/unsafe-op-in-unsafe-fn.html>
   = note: raw pointers may be null, dangling or unaligned; they can violate aliasing rules and cause data races: all of these are undefined behavior

warning[E0133]: dereference of raw pointer is unsafe and requires unsafe block
  --> ulib/axlibc/src/mktime.rs:40:80
   |
40 |             - (((*t).tm_hour as i64) * (60 * 60) + ((*t).tm_min as i64) * 60 + (*t).tm_sec as i64)))
   |                                                                                ^^^^ dereference of raw pointer
   |
   = note: for more information, see <https://doc.rust-lang.org/nightly/edition-guide/rust-2024/unsafe-op-in-unsafe-fn.html>
   = note: raw pointers may be null, dangling or unaligned; they can violate aliasing rules and cause data races: all of these are undefined behavior

warning[E0133]: dereference of raw pointer is unsafe and requires unsafe block
  --> ulib/axlibc/src/mktime.rs:54:16
   |
54 |             + ((*t).tm_hour as i64) * (60 * 60)
   |                ^^^^ dereference of raw pointer
   |
   = note: for more information, see <https://doc.rust-lang.org/nightly/edition-guide/rust-2024/unsafe-op-in-unsafe-fn.html>
   = note: raw pointers may be null, dangling or unaligned; they can violate aliasing rules and cause data races: all of these are undefined behavior

warning[E0133]: dereference of raw pointer is unsafe and requires unsafe block
  --> ulib/axlibc/src/mktime.rs:55:16
   |
55 |             + ((*t).tm_min as i64) * 60
   |                ^^^^ dereference of raw pointer
   |
   = note: for more information, see <https://doc.rust-lang.org/nightly/edition-guide/rust-2024/unsafe-op-in-unsafe-fn.html>
   = note: raw pointers may be null, dangling or unaligned; they can violate aliasing rules and cause data races: all of these are undefined behavior

warning[E0133]: dereference of raw pointer is unsafe and requires unsafe block
  --> ulib/axlibc/src/mktime.rs:56:15
   |
56 |             + (*t).tm_sec as i64) as ctypes::time_t
   |               ^^^^ dereference of raw pointer
   |
   = note: for more information, see <https://doc.rust-lang.org/nightly/edition-guide/rust-2024/unsafe-op-in-unsafe-fn.html>
   = note: raw pointers may be null, dangling or unaligned; they can violate aliasing rules and cause data races: all of these are undefined behavior

For more information about this error, try `rustc --explain E0133`.
warning: `axlibc` (lib) generated 10 warnings (run `cargo fix --lib -p axlibc` to apply 1 suggestion)
    Finished `dev` profile [unoptimized + debuginfo] target(s) in 0.25s
