start=2026-05-22T23:26:44+08:00
make test_build ARCH=riscv64 BUS=mmio \
	KERNEL_FEATURES="alloc,paging,irq,multitask,fs,net" \
	APP_FEATURES="auto-run-tests,uspace" \
	AXCONFIG_WRITES="-w plat.phys-memory-size=0x4000_0000" \
	OUT_DIR=/root/oskernel2026-orays/.omx/team/phase-d-ltp-stable-sc-ae18f5c7/worktrees/worker-3/build/kernels/riscv64 \
	OUT_CONFIG=/root/oskernel2026-orays/.omx/team/phase-d-ltp-stable-sc-ae18f5c7/worktrees/worker-3/build/kernels/riscv64.axconfig.toml \
	TARGET_DIR=/root/oskernel2026-orays/.omx/team/phase-d-ltp-stable-sc-ae18f5c7/worktrees/worker-3/build/kernels/target/riscv64
make[1]: Entering directory '/root/oskernel2026-orays/.omx/team/phase-d-ltp-stable-sc-ae18f5c7/worktrees/worker-3'
make A=examples/shell MODE=release LOG=info SMP=1 FEATURES=alloc,paging,irq,multitask,fs,net \
	ARCH=riscv64 BUS=mmio  \
	APP_FEATURES="auto-run-tests,uspace" \
	AXCONFIG_WRITES="-w plat.phys-memory-size=0x4000_0000" \
	OUT_DIR=/root/oskernel2026-orays/.omx/team/phase-d-ltp-stable-sc-ae18f5c7/worktrees/worker-3/build/kernels/riscv64 \
	OUT_CONFIG=/root/oskernel2026-orays/.omx/team/phase-d-ltp-stable-sc-ae18f5c7/worktrees/worker-3/build/kernels/riscv64.axconfig.toml \
	TARGET_DIR=/root/oskernel2026-orays/.omx/team/phase-d-ltp-stable-sc-ae18f5c7/worktrees/worker-3/build/kernels/target/riscv64 \
	build
make[2]: Entering directory '/root/oskernel2026-orays/.omx/team/phase-d-ltp-stable-sc-ae18f5c7/worktrees/worker-3'
[37mmkdir[0m [90m-p /root/oskernel2026-orays/.omx/team/phase-d-ltp-stable-sc-ae18f5c7/worktrees/worker-3/build/kernels/riscv64[0m
[37mpython3 /root/oskernel2026-orays/.omx/team/phase-d-ltp-stable-sc-ae18f5c7/worktrees/worker-3/scripts/axconfig-gen.py[0m [90mconfigs/defconfig.toml /root/oskernel2026-orays/.omx/team/phase-d-ltp-stable-sc-ae18f5c7/worktrees/worker-3/configs/platforms/axplat-riscv64-qemu-virt.toml  -w arch=riscv64 -w platform=riscv64-qemu-virt -o "/root/oskernel2026-orays/.omx/team/phase-d-ltp-stable-sc-ae18f5c7/worktrees/worker-3/build/kernels/riscv64.axconfig.toml" -w plat.phys-memory-size=0x4000_0000 -w plat.max-cpu-num=1[0m
    [92;1mBuilding[0m App: shell, Arch: riscv64, Platform: riscv64-qemu-virt, App type: rust
[37mcargo -C examples/shell build[0m [90m-Z unstable-options --target riscv64gc-unknown-none-elf --target-dir /root/oskernel2026-orays/.omx/team/phase-d-ltp-stable-sc-ae18f5c7/worktrees/worker-3/build/kernels/target/riscv64 --release  --features "axstd/defplat axstd/log-level-info axstd/bus-mmio axstd/alloc axstd/paging axstd/irq axstd/multitask axstd/fs axstd/net auto-run-tests uspace"[0m
   Compiling proc-macro2 v1.0.106
   Compiling unicode-ident v1.0.24
   Compiling quote v1.0.45
   Compiling heck v0.5.0
   Compiling log v0.4.29
   Compiling bitflags v2.11.0
   Compiling utf8parse v0.2.2
   Compiling syn v2.0.117
   Compiling cfg-if v1.0.4
   Compiling anstyle-parse v1.0.0
   Compiling is_terminal_polyfill v1.70.2
   Compiling anstyle v1.0.14
   Compiling anstyle-query v1.1.5
   Compiling colorchoice v1.0.5
   Compiling anstream v1.0.0
   Compiling strsim v0.11.1
   Compiling hashbrown v0.16.1
   Compiling equivalent v1.0.2
   Compiling clap_lex v1.1.0
   Compiling clap_builder v4.6.0
   Compiling indexmap v2.13.1
   Compiling strum_macros v0.27.2
   Compiling clap_derive v4.6.0
   Compiling crate_interface v0.3.0
   Compiling toml_datetime v0.6.11
   Compiling winnow v0.7.15
   Compiling axerrno v0.2.2
   Compiling toml_write v0.1.2
   Compiling clap v4.6.0
   Compiling strum v0.27.2
   Compiling memory_addr v0.4.1
   Compiling kernel_guard v0.2.0
   Compiling syn v1.0.109
   Compiling axconfig v0.2.0 (/root/oskernel2026-orays/.omx/team/phase-d-ltp-stable-sc-ae18f5c7/worktrees/worker-3/kernel/config/axconfig)
   Compiling paste v1.0.15
   Compiling axerrno v0.1.2
   Compiling rustversion v1.0.22
   Compiling linkme-impl v0.3.35
   Compiling scopeguard v1.2.0
   Compiling lock_api v0.4.14
   Compiling toml_edit v0.22.27
   Compiling axconfig-gen v0.2.1
   Compiling kspin v0.2.0
   Compiling riscv-macros v0.4.0
   Compiling axconfig-macros v0.2.1
   Compiling unicode-width v0.1.14
   Compiling linkme v0.3.35
   Compiling base64 v0.13.1
   Compiling embedded-hal v1.0.0
   Compiling riscv-types v0.1.0
   Compiling critical-section v1.2.0
   Compiling svgbobdoc v0.3.0
   Compiling riscv v0.16.0
   Compiling page_table_entry v0.6.1
   Compiling bit_field v0.10.3
   Compiling bitmaps v3.2.1
   Compiling const-default v1.0.0
   Compiling heapless v0.8.0
   Compiling byteorder v1.5.0
   Compiling hash32 v0.3.1
   Compiling rlsf v0.2.2
   Compiling bitmap-allocator v0.2.1
   Compiling axplat-macros v0.2.0
   Compiling const-str v1.1.0
   Compiling sbi-spec v0.0.7
   Compiling percpu v0.4.0
   Compiling static_assertions v1.1.0
   Compiling zerocopy v0.8.48
   Compiling handler_table v0.1.2
   Compiling stable_deref_trait v1.2.1
   Compiling autocfg v1.5.0
   Compiling axplat-riscv64-qemu-virt v0.4.1
   Compiling axplat v0.4.1
   Compiling axcpu v0.3.1 (/root/oskernel2026-orays/.omx/team/phase-d-ltp-stable-sc-ae18f5c7/worktrees/worker-3/vendor/axcpu)
   Compiling sbi-rt v0.0.3
   Compiling axhal v0.2.0 (/root/oskernel2026-orays/.omx/team/phase-d-ltp-stable-sc-ae18f5c7/worktrees/worker-3/kernel/arch/axhal)
   Compiling axallocator v0.2.0
   Compiling spin v0.9.8
   Compiling percpu_macros v0.4.0
   Compiling zerocopy-derive v0.8.48
   Compiling arrayvec v0.7.6
   Compiling lazyinit v0.2.2
   Compiling thiserror v2.0.18
   Compiling page_table_multiarch v0.6.1
   Compiling axalloc v0.2.0 (/root/oskernel2026-orays/.omx/team/phase-d-ltp-stable-sc-ae18f5c7/worktrees/worker-3/kernel/memory/axalloc)
   Compiling axlog v0.2.0 (/root/oskernel2026-orays/.omx/team/phase-d-ltp-stable-sc-ae18f5c7/worktrees/worker-3/kernel/diagnostics/axlog)
   Compiling thiserror-impl v2.0.18
   Compiling enumn v0.1.14
   Compiling axdriver_base v0.2.0
   Compiling linked_list_r4l v0.3.0
   Compiling axsched v0.3.1
   Compiling axdriver_block v0.2.0
   Compiling axdriver_net v0.2.0
   Compiling axio v0.2.1
   Compiling cpumask v0.1.0
   Compiling timer_list v0.1.0
   Compiling axdriver v0.2.0 (/root/oskernel2026-orays/.omx/team/phase-d-ltp-stable-sc-ae18f5c7/worktrees/worker-3/kernel/drivers/axdriver)
   Compiling axtask v0.2.0 (/root/oskernel2026-orays/.omx/team/phase-d-ltp-stable-sc-ae18f5c7/worktrees/worker-3/kernel/task/axtask)
   Compiling num-traits v0.2.19
   Compiling axfs_vfs v0.1.2
   Compiling crc-catalog v2.4.0
   Compiling glob v0.3.3
   Compiling smoltcp v0.12.0 (/root/oskernel2026-orays/.omx/team/phase-d-ltp-stable-sc-ae18f5c7/worktrees/worker-3/vendor/smoltcp)
   Compiling clang-sys v1.8.1
   Compiling crc v3.4.0
   Compiling axsync v0.2.0 (/root/oskernel2026-orays/.omx/team/phase-d-ltp-stable-sc-ae18f5c7/worktrees/worker-3/kernel/sync/axsync)
   Compiling managed v0.8.0
   Compiling prettyplease v0.2.37
   Compiling bitflags v1.3.2
   Compiling libc v0.2.184
   Compiling safe-mmio v0.3.0
   Compiling virtio-drivers v0.13.0
warning: unused import: `super::fragmentation::PacketAssemblerSet`
  --> vendor/smoltcp/src/iface/interface/mod.rs:35:5
   |
35 | use super::fragmentation::PacketAssemblerSet;
   |     ^^^^^^^^^^^^^^^^^^^^^^^^^^^^^^^^^^^^^^^^
   |
   = note: `#[warn(unused_imports)]` on by default

warning: unused import: `IFACE_MAX_SIXLOWPAN_ADDRESS_CONTEXT_COUNT`
  --> vendor/smoltcp/src/iface/interface/mod.rs:41:43
   |
41 | use crate::config::{IFACE_MAX_ADDR_COUNT, IFACE_MAX_SIXLOWPAN_ADDRESS_CONTEXT_COUNT};
   |                                           ^^^^^^^^^^^^^^^^^^^^^^^^^^^^^^^^^^^^^^^^^

warning: unused variable: `frag`
  --> vendor/smoltcp/src/iface/interface/ipv4.rs:91:9
   |
91 |         frag: &'a mut FragmentsBuffer,
   |         ^^^^ help: if this is intentional, prefix it with an underscore: `_frag`
   |
   = note: `#[warn(unused_variables)]` on by default

warning: unreachable pattern
    --> vendor/smoltcp/src/iface/interface/mod.rs:1177:13
     |
1171 |             Medium::Ethernet => {
     |             ---------------- matches all the relevant values
...
1177 |             _ => (EthernetAddress([0; 6]), tx_token),
     |             ^ no value can reach this
     |
     = note: `#[warn(unreachable_patterns)]` on by default

warning: unreachable pattern
    --> vendor/smoltcp/src/iface/interface/mod.rs:1174:21
     |
1173 |                     (HardwareAddress::Ethernet(addr), tx_token) => (addr, tx_token),
     |                     ------------------------------------------- matches all the relevant values
1174 |                     (_, _) => unreachable!(),
     |                     ^^^^^^ no value can reach this

warning: unused variable: `repr`
    --> vendor/smoltcp/src/iface/interface/mod.rs:1211:26
     |
1211 |             IpRepr::Ipv4(repr) => {
     |                          ^^^^ help: if this is intentional, prefix it with an underscore: `_repr`

warning: variable does not need to be mutable
   --> vendor/smoltcp/src/socket/dns.rs:249:13
    |
249 |         let mut mdns = MulticastDns::Disabled;
    |             ----^^^^
    |             |
    |             help: remove this `mut`
    |
    = note: `#[warn(unused_mut)]` on by default

warning: methods `link_local_ipv6_address` and `mldv2_report_packet` are never used
   --> vendor/smoltcp/src/iface/interface/ipv6.rs:171:8
    |
21  | impl InterfaceInner {
    | ------------------- methods in this implementation
...
171 |     fn link_local_ipv6_address(&self) -> Option<Ipv6Address> {
    |        ^^^^^^^^^^^^^^^^^^^^^^^
...
536 |     pub(super) fn mldv2_report_packet<'any>(
    |                   ^^^^^^^^^^^^^^^^^^^
    |
    = note: `#[warn(dead_code)]` on by default

warning: variant `HopByHopIcmpv6` is never constructed
   --> vendor/smoltcp/src/iface/packet.rs:215:5
    |
207 | pub(crate) enum IpPayload<'p> {
    |                 --------- variant in this enum
...
215 |     HopByHopIcmpv6(Ipv6HopByHopRepr<'p>, Icmpv6Repr<'p>),
    |     ^^^^^^^^^^^^^^
    |
    = note: `IpPayload` has a derived impl for the trait `Debug`, but this is intentionally ignored during dead code analysis

warning: method `is_solicited_node_multicast` is never used
   --> vendor/smoltcp/src/wire/ipv6.rs:131:8
    |
79  | pub(crate) trait AddressExt {
    |                  ---------- method in this trait
...
131 |     fn is_solicited_node_multicast(&self) -> bool;
    |        ^^^^^^^^^^^^^^^^^^^^^^^^^^^

warning: method `emit_header` is never used
   --> vendor/smoltcp/src/wire/udp.rs:275:19
    |
232 | impl Repr {
    | --------- method in this implementation
...
275 |     pub(crate) fn emit_header<T>(&self, packet: &mut Packet<&mut T>, payload_len: usize)
    |                   ^^^^^^^^^^^

   Compiling axdriver_virtio v0.2.0
warning: `smoltcp` (lib) generated 11 warnings (run `cargo fix --lib -p smoltcp` to apply 3 suggestions)
   Compiling axdriver_pci v0.2.0
   Compiling ext4-view v0.9.3
   Compiling axfs_devfs v0.1.2
   Compiling axfs_ramfs v0.1.2 (/root/oskernel2026-orays/.omx/team/phase-d-ltp-stable-sc-ae18f5c7/worktrees/worker-3/vendor/axfs_ramfs)
   Compiling axns v0.2.0 (/root/oskernel2026-orays/.omx/team/phase-d-ltp-stable-sc-ae18f5c7/worktrees/worker-3/kernel/namespace/axns)
   Compiling spin v0.10.0
   Compiling memory_set v0.4.1
   Compiling ctor_bare_macros v0.2.1
   Compiling fatfs v0.4.0 (/root/oskernel2026-orays/.omx/team/phase-d-ltp-stable-sc-ae18f5c7/worktrees/worker-3/vendor/rust-fatfs)
   Compiling cap_access v0.1.0
   Compiling minimal-lexical v0.2.1
   Compiling regex-syntax v0.8.10
   Compiling memchr v2.8.0
   Compiling nom v7.1.3
   Compiling regex-automata v0.4.14
   Compiling axfs v0.2.0 (/root/oskernel2026-orays/.omx/team/phase-d-ltp-stable-sc-ae18f5c7/worktrees/worker-3/kernel/fs/axfs)
   Compiling libloading v0.8.9
   Compiling ctor_bare v0.2.1
   Compiling axmm v0.2.0 (/root/oskernel2026-orays/.omx/team/phase-d-ltp-stable-sc-ae18f5c7/worktrees/worker-3/kernel/memory/axmm)
   Compiling axnet v0.2.0 (/root/oskernel2026-orays/.omx/team/phase-d-ltp-stable-sc-ae18f5c7/worktrees/worker-3/kernel/net/axnet)
warning: methods `recv_loopback` and `recv_loopback_from` are never used
   --> kernel/net/axnet/src/smoltcp_impl/udp.rs:319:8
    |
276 | impl UdpSocket {
    | -------------- methods in this implementation
...
319 |     fn recv_loopback(&self, buf: &mut [u8], remote: Option<IpEndpoint>) -> AxResult<usize> {
    |        ^^^^^^^^^^^^^
...
323 |     fn recv_loopback_from(
    |        ^^^^^^^^^^^^^^^^^^
    |
    = note: `#[warn(dead_code)]` on by default

   Compiling chrono v0.4.44
warning: `axnet` (lib) generated 1 warning
   Compiling bindgen v0.72.1
   Compiling either v1.15.0
   Compiling itertools v0.13.0
   Compiling axruntime v0.2.0 (/root/oskernel2026-orays/.omx/team/phase-d-ltp-stable-sc-ae18f5c7/worktrees/worker-3/kernel/runtime/axruntime)
   Compiling regex v1.12.3
   Compiling cexpr v0.6.0
   Compiling shlex v1.3.0
   Compiling rustc-hash v2.1.2
   Compiling axfeat v0.2.0 (/root/oskernel2026-orays/.omx/team/phase-d-ltp-stable-sc-ae18f5c7/worktrees/worker-3/api/axfeat)
   Compiling arceos_api v0.2.0 (/root/oskernel2026-orays/.omx/team/phase-d-ltp-stable-sc-ae18f5c7/worktrees/worker-3/api/arceos_api)
   Compiling lazy_static v1.5.0
   Compiling flatten_objects v0.2.4
   Compiling zero v0.1.3
   Compiling xmas-elf v0.10.0
   Compiling axstd v0.2.0 (/root/oskernel2026-orays/.omx/team/phase-d-ltp-stable-sc-ae18f5c7/worktrees/worker-3/ulib/axstd)
   Compiling linux-raw-sys v0.12.1
   Compiling arceos_posix_api v0.2.0 (/root/oskernel2026-orays/.omx/team/phase-d-ltp-stable-sc-ae18f5c7/worktrees/worker-3/api/arceos_posix_api)
   Compiling arceos-shell v0.1.0 (/root/oskernel2026-orays/.omx/team/phase-d-ltp-stable-sc-ae18f5c7/worktrees/worker-3/examples/shell)
    Finished `release` profile [optimized] target(s) in 13m 00s
[37msh /root/oskernel2026-orays/.omx/team/phase-d-ltp-stable-sc-ae18f5c7/worktrees/worker-3/scripts/rust-objcopy.sh --binary-architecture=riscv64[0m [90m/root/oskernel2026-orays/.omx/team/phase-d-ltp-stable-sc-ae18f5c7/worktrees/worker-3/build/kernels/riscv64/shell_riscv64-qemu-virt.elf --strip-all -O binary /root/oskernel2026-orays/.omx/team/phase-d-ltp-stable-sc-ae18f5c7/worktrees/worker-3/build/kernels/riscv64/shell_riscv64-qemu-virt.bin[0m
make[2]: Leaving directory '/root/oskernel2026-orays/.omx/team/phase-d-ltp-stable-sc-ae18f5c7/worktrees/worker-3'
sh /root/oskernel2026-orays/.omx/team/phase-d-ltp-stable-sc-ae18f5c7/worktrees/worker-3/scripts/rust-objcopy.sh -I binary -O elf64-littleriscv --rename-section .data=.text,alloc,load,readonly,code /root/oskernel2026-orays/.omx/team/phase-d-ltp-stable-sc-ae18f5c7/worktrees/worker-3/build/kernels/riscv64/shell_riscv64-qemu-virt.bin /root/oskernel2026-orays/.omx/team/phase-d-ltp-stable-sc-ae18f5c7/worktrees/worker-3/build/kernels/kernel-rv.wrap.o
rust-lld -flavor gnu -m elf64lriscv -T scripts/make/riscv64-kernel-wrap.lds /root/oskernel2026-orays/.omx/team/phase-d-ltp-stable-sc-ae18f5c7/worktrees/worker-3/build/kernels/kernel-rv.wrap.o -o /root/oskernel2026-orays/.omx/team/phase-d-ltp-stable-sc-ae18f5c7/worktrees/worker-3/kernel-rv
make[1]: Leaving directory '/root/oskernel2026-orays/.omx/team/phase-d-ltp-stable-sc-ae18f5c7/worktrees/worker-3'
make test_build ARCH=loongarch64 BUS=pci \
	PLAT_CONFIG="/root/oskernel2026-orays/.omx/team/phase-d-ltp-stable-sc-ae18f5c7/worktrees/worker-3/configs/remote-eval/axplat-loongarch64-qemu-virt.toml" \
	KERNEL_FEATURES="alloc,paging,irq,multitask,fs,net" \
	APP_FEATURES="auto-run-tests,uspace" \
	AXCONFIG_WRITES="-w plat.phys-memory-size=0x3000_0000" \
	OUT_DIR=/root/oskernel2026-orays/.omx/team/phase-d-ltp-stable-sc-ae18f5c7/worktrees/worker-3/build/kernels/loongarch64 \
	OUT_CONFIG=/root/oskernel2026-orays/.omx/team/phase-d-ltp-stable-sc-ae18f5c7/worktrees/worker-3/build/kernels/loongarch64.axconfig.toml \
	TARGET_DIR=/root/oskernel2026-orays/.omx/team/phase-d-ltp-stable-sc-ae18f5c7/worktrees/worker-3/build/kernels/target/loongarch64
make[1]: Entering directory '/root/oskernel2026-orays/.omx/team/phase-d-ltp-stable-sc-ae18f5c7/worktrees/worker-3'
make A=examples/shell MODE=release LOG=info SMP=1 FEATURES=alloc,paging,irq,multitask,fs,net \
	ARCH=loongarch64 BUS=pci PLAT_CONFIG="/root/oskernel2026-orays/.omx/team/phase-d-ltp-stable-sc-ae18f5c7/worktrees/worker-3/configs/remote-eval/axplat-loongarch64-qemu-virt.toml" \
	APP_FEATURES="auto-run-tests,uspace" \
	AXCONFIG_WRITES="-w plat.phys-memory-size=0x3000_0000" \
	OUT_DIR=/root/oskernel2026-orays/.omx/team/phase-d-ltp-stable-sc-ae18f5c7/worktrees/worker-3/build/kernels/loongarch64 \
	OUT_CONFIG=/root/oskernel2026-orays/.omx/team/phase-d-ltp-stable-sc-ae18f5c7/worktrees/worker-3/build/kernels/loongarch64.axconfig.toml \
	TARGET_DIR=/root/oskernel2026-orays/.omx/team/phase-d-ltp-stable-sc-ae18f5c7/worktrees/worker-3/build/kernels/target/loongarch64 \
	build
make[2]: Entering directory '/root/oskernel2026-orays/.omx/team/phase-d-ltp-stable-sc-ae18f5c7/worktrees/worker-3'
[37mmkdir[0m [90m-p /root/oskernel2026-orays/.omx/team/phase-d-ltp-stable-sc-ae18f5c7/worktrees/worker-3/build/kernels/loongarch64[0m
[37mpython3 /root/oskernel2026-orays/.omx/team/phase-d-ltp-stable-sc-ae18f5c7/worktrees/worker-3/scripts/axconfig-gen.py[0m [90mconfigs/defconfig.toml /root/oskernel2026-orays/.omx/team/phase-d-ltp-stable-sc-ae18f5c7/worktrees/worker-3/configs/remote-eval/axplat-loongarch64-qemu-virt.toml  -w arch=loongarch64 -w platform=loongarch64-qemu-virt -o "/root/oskernel2026-orays/.omx/team/phase-d-ltp-stable-sc-ae18f5c7/worktrees/worker-3/build/kernels/loongarch64.axconfig.toml" -w plat.phys-memory-size=0x3000_0000 -w plat.max-cpu-num=1[0m
    [92;1mBuilding[0m App: shell, Arch: loongarch64, Platform: loongarch64-qemu-virt, App type: rust
[37mcargo -C examples/shell build[0m [90m-Z unstable-options --target loongarch64-unknown-none-softfloat --target-dir /root/oskernel2026-orays/.omx/team/phase-d-ltp-stable-sc-ae18f5c7/worktrees/worker-3/build/kernels/target/loongarch64 --release  --features "axstd/defplat axstd/log-level-info axstd/alloc axstd/paging axstd/irq axstd/multitask axstd/fs axstd/net auto-run-tests uspace"[0m
   Compiling proc-macro2 v1.0.106
   Compiling quote v1.0.45
   Compiling unicode-ident v1.0.24
   Compiling log v0.4.29
   Compiling heck v0.5.0
   Compiling bitflags v2.11.0
   Compiling utf8parse v0.2.2
   Compiling syn v2.0.117
   Compiling cfg-if v1.0.4
   Compiling anstyle-parse v1.0.0
   Compiling anstyle v1.0.14
   Compiling anstyle-query v1.1.5
   Compiling colorchoice v1.0.5
   Compiling is_terminal_polyfill v1.70.2
   Compiling anstream v1.0.0
   Compiling hashbrown v0.16.1
   Compiling equivalent v1.0.2
   Compiling strsim v0.11.1
   Compiling clap_lex v1.1.0
   Compiling clap_builder v4.6.0
   Compiling indexmap v2.13.1
   Compiling strum_macros v0.27.2
   Compiling clap_derive v4.6.0
   Compiling crate_interface v0.3.0
   Compiling toml_datetime v0.6.11
   Compiling axerrno v0.2.2
   Compiling toml_write v0.1.2
   Compiling winnow v0.7.15
   Compiling clap v4.6.0
   Compiling strum v0.27.2
   Compiling memory_addr v0.4.1
   Compiling kernel_guard v0.2.0
   Compiling syn v1.0.109
   Compiling bit_field v0.10.3
   Compiling axconfig v0.2.0 (/root/oskernel2026-orays/.omx/team/phase-d-ltp-stable-sc-ae18f5c7/worktrees/worker-3/kernel/config/axconfig)
   Compiling axerrno v0.1.2
   Compiling rustversion v1.0.22
   Compiling scopeguard v1.2.0
   Compiling bitmaps v3.2.1
   Compiling linkme-impl v0.3.35
   Compiling lock_api v0.4.14
   Compiling toml_edit v0.22.27
   Compiling axconfig-gen v0.2.1
   Compiling kspin v0.2.0
   Compiling base64 v0.13.1
   Compiling axconfig-macros v0.2.1
   Compiling unicode-width v0.1.14
   Compiling linkme v0.3.35
   Compiling svgbobdoc v0.3.0
   Compiling page_table_entry v0.6.1
   Compiling const-default v1.0.0
   Compiling heapless v0.8.0
   Compiling arrayvec v0.7.6
   Compiling byteorder v1.5.0
   Compiling hash32 v0.3.1
   Compiling page_table_multiarch v0.6.1
   Compiling rlsf v0.2.2
   Compiling bitmap-allocator v0.2.1
   Compiling loongArch64 v0.2.5
   Compiling axplat-macros v0.2.0
   Compiling stable_deref_trait v1.2.1
   Compiling handler_table v0.1.2
   Compiling zerocopy v0.8.48
   Compiling lazyinit v0.2.2
   Compiling const-str v1.1.0
   Compiling autocfg v1.5.0
   Compiling axplat-loongarch64-qemu-virt v0.4.2
   Compiling percpu v0.4.0
   Compiling static_assertions v1.1.0
   Compiling axcpu v0.3.1 (/root/oskernel2026-orays/.omx/team/phase-d-ltp-stable-sc-ae18f5c7/worktrees/worker-3/vendor/axcpu)
   Compiling axplat v0.4.1
   Compiling axallocator v0.2.0
   Compiling axhal v0.2.0 (/root/oskernel2026-orays/.omx/team/phase-d-ltp-stable-sc-ae18f5c7/worktrees/worker-3/kernel/arch/axhal)
   Compiling spin v0.9.8
   Compiling zerocopy-derive v0.8.48
   Compiling percpu_macros v0.4.0
   Compiling ns16550a v0.5.0
   Compiling thiserror v2.0.18
   Compiling axalloc v0.2.0 (/root/oskernel2026-orays/.omx/team/phase-d-ltp-stable-sc-ae18f5c7/worktrees/worker-3/kernel/memory/axalloc)
   Compiling axlog v0.2.0 (/root/oskernel2026-orays/.omx/team/phase-d-ltp-stable-sc-ae18f5c7/worktrees/worker-3/kernel/diagnostics/axlog)
   Compiling thiserror-impl v2.0.18
   Compiling enumn v0.1.14
   Compiling axdriver_base v0.2.0
   Compiling linked_list_r4l v0.3.0
   Compiling axsched v0.3.1
   Compiling axdriver_net v0.2.0
   Compiling axdriver_block v0.2.0
   Compiling axio v0.2.1
   Compiling cpumask v0.1.0
   Compiling axdriver v0.2.0 (/root/oskernel2026-orays/.omx/team/phase-d-ltp-stable-sc-ae18f5c7/worktrees/worker-3/kernel/drivers/axdriver)
   Compiling timer_list v0.1.0
   Compiling axtask v0.2.0 (/root/oskernel2026-orays/.omx/team/phase-d-ltp-stable-sc-ae18f5c7/worktrees/worker-3/kernel/task/axtask)
make[2]: *** [scripts/make/build.mk:43: _cargo_build] Terminated
make[1]: *** [Makefile:316: test_build] Terminated
make[1]: Leaving directory '/root/oskernel2026-orays/.omx/team/phase-d-ltp-stable-sc-ae18f5c7/worktrees/worker-3'
make: *** [Makefile:283: all] Error 2
