make test_build ARCH=riscv64 BUS=mmio \
	KERNEL_FEATURES="alloc,paging,irq,multitask,fs,net" \
	APP_FEATURES="auto-run-tests,uspace" \
	AXCONFIG_WRITES="-w plat.phys-memory-size=0x4000_0000" \
	OUT_DIR=/root/oskernel2026-orays/.omx/team/phase-d-ltp-stable-sc-ae18f5c7/worktrees/worker-3/build/kernels/riscv64 \
	OUT_CONFIG=/root/oskernel2026-orays/.omx/team/phase-d-ltp-stable-sc-ae18f5c7/worktrees/worker-3/build/kernels/riscv64.axconfig.toml \
	TARGET_DIR=/root/oskernel2026-orays/.omx/team/phase-d-ltp-stable-sc-ae18f5c7/worktrees/worker-3/build/kernels/target/riscv64
make[1]: Entering directory '/root/oskernel2026-orays/.omx/team/phase-d-ltp-stable-sc-ae18f5c7/worktrees/worker-3'
make A=examples/shell MODE=release LOG=info SMP=1 FEATURES=alloc,paging,irq,multitask,fs,net \
	ARCH=riscv64 BUS=mmio  \
	APP_FEATURES="auto-run-tests,uspace" \
	AXCONFIG_WRITES="-w plat.phys-memory-size=0x4000_0000" \
	OUT_DIR=/root/oskernel2026-orays/.omx/team/phase-d-ltp-stable-sc-ae18f5c7/worktrees/worker-3/build/kernels/riscv64 \
	OUT_CONFIG=/root/oskernel2026-orays/.omx/team/phase-d-ltp-stable-sc-ae18f5c7/worktrees/worker-3/build/kernels/riscv64.axconfig.toml \
	TARGET_DIR=/root/oskernel2026-orays/.omx/team/phase-d-ltp-stable-sc-ae18f5c7/worktrees/worker-3/build/kernels/target/riscv64 \
	build
make[2]: Entering directory '/root/oskernel2026-orays/.omx/team/phase-d-ltp-stable-sc-ae18f5c7/worktrees/worker-3'
[37mpython3 /root/oskernel2026-orays/.omx/team/phase-d-ltp-stable-sc-ae18f5c7/worktrees/worker-3/scripts/axconfig-gen.py[0m [90mconfigs/defconfig.toml /root/oskernel2026-orays/.omx/team/phase-d-ltp-stable-sc-ae18f5c7/worktrees/worker-3/configs/platforms/axplat-riscv64-qemu-virt.toml  -w arch=riscv64 -w platform=riscv64-qemu-virt -o "/root/oskernel2026-orays/.omx/team/phase-d-ltp-stable-sc-ae18f5c7/worktrees/worker-3/build/kernels/riscv64.axconfig.toml" -w plat.phys-memory-size=0x4000_0000 -w plat.max-cpu-num=1 -c "/root/oskernel2026-orays/.omx/team/phase-d-ltp-stable-sc-ae18f5c7/worktrees/worker-3/build/kernels/riscv64.axconfig.toml"[0m
    [92;1mBuilding[0m App: shell, Arch: riscv64, Platform: riscv64-qemu-virt, App type: rust
[37mcargo -C examples/shell build[0m [90m-Z unstable-options --target riscv64gc-unknown-none-elf --target-dir /root/oskernel2026-orays/.omx/team/phase-d-ltp-stable-sc-ae18f5c7/worktrees/worker-3/build/kernels/target/riscv64 --release  --features "axstd/defplat axstd/log-level-info axstd/bus-mmio axstd/alloc axstd/paging axstd/irq axstd/multitask axstd/fs axstd/net auto-run-tests uspace"[0m
   Compiling axconfig v0.2.0 (/root/oskernel2026-orays/.omx/team/phase-d-ltp-stable-sc-ae18f5c7/worktrees/worker-3/kernel/config/axconfig)
   Compiling axplat-riscv64-qemu-virt v0.4.1
   Compiling axhal v0.2.0 (/root/oskernel2026-orays/.omx/team/phase-d-ltp-stable-sc-ae18f5c7/worktrees/worker-3/kernel/arch/axhal)
warning: unused import: `super::fragmentation::PacketAssemblerSet`
  --> vendor/smoltcp/src/iface/interface/mod.rs:35:5
   |
35 | use super::fragmentation::PacketAssemblerSet;
   |     ^^^^^^^^^^^^^^^^^^^^^^^^^^^^^^^^^^^^^^^^
   |
   = note: `#[warn(unused_imports)]` on by default

warning: unused import: `IFACE_MAX_SIXLOWPAN_ADDRESS_CONTEXT_COUNT`
  --> vendor/smoltcp/src/iface/interface/mod.rs:41:43
   |
41 | use crate::config::{IFACE_MAX_ADDR_COUNT, IFACE_MAX_SIXLOWPAN_ADDRESS_CONTEXT_COUNT};
   |                                           ^^^^^^^^^^^^^^^^^^^^^^^^^^^^^^^^^^^^^^^^^

warning: unused variable: `frag`
  --> vendor/smoltcp/src/iface/interface/ipv4.rs:91:9
   |
91 |         frag: &'a mut FragmentsBuffer,
   |         ^^^^ help: if this is intentional, prefix it with an underscore: `_frag`
   |
   = note: `#[warn(unused_variables)]` on by default

warning: unreachable pattern
    --> vendor/smoltcp/src/iface/interface/mod.rs:1177:13
     |
1171 |             Medium::Ethernet => {
     |             ---------------- matches all the relevant values
...
1177 |             _ => (EthernetAddress([0; 6]), tx_token),
     |             ^ no value can reach this
     |
     = note: `#[warn(unreachable_patterns)]` on by default

warning: unreachable pattern
    --> vendor/smoltcp/src/iface/interface/mod.rs:1174:21
     |
1173 |                     (HardwareAddress::Ethernet(addr), tx_token) => (addr, tx_token),
     |                     ------------------------------------------- matches all the relevant values
1174 |                     (_, _) => unreachable!(),
     |                     ^^^^^^ no value can reach this

warning: unused variable: `repr`
    --> vendor/smoltcp/src/iface/interface/mod.rs:1211:26
     |
1211 |             IpRepr::Ipv4(repr) => {
     |                          ^^^^ help: if this is intentional, prefix it with an underscore: `_repr`

warning: variable does not need to be mutable
   --> vendor/smoltcp/src/socket/dns.rs:249:13
    |
249 |         let mut mdns = MulticastDns::Disabled;
    |             ----^^^^
    |             |
    |             help: remove this `mut`
    |
    = note: `#[warn(unused_mut)]` on by default

warning: methods `link_local_ipv6_address` and `mldv2_report_packet` are never used
   --> vendor/smoltcp/src/iface/interface/ipv6.rs:171:8
    |
21  | impl InterfaceInner {
    | ------------------- methods in this implementation
...
171 |     fn link_local_ipv6_address(&self) -> Option<Ipv6Address> {
    |        ^^^^^^^^^^^^^^^^^^^^^^^
...
536 |     pub(super) fn mldv2_report_packet<'any>(
    |                   ^^^^^^^^^^^^^^^^^^^
    |
    = note: `#[warn(dead_code)]` on by default

warning: variant `HopByHopIcmpv6` is never constructed
   --> vendor/smoltcp/src/iface/packet.rs:215:5
    |
207 | pub(crate) enum IpPayload<'p> {
    |                 --------- variant in this enum
...
215 |     HopByHopIcmpv6(Ipv6HopByHopRepr<'p>, Icmpv6Repr<'p>),
    |     ^^^^^^^^^^^^^^
    |
    = note: `IpPayload` has a derived impl for the trait `Debug`, but this is intentionally ignored during dead code analysis

warning: method `is_solicited_node_multicast` is never used
   --> vendor/smoltcp/src/wire/ipv6.rs:131:8
    |
79  | pub(crate) trait AddressExt {
    |                  ---------- method in this trait
...
131 |     fn is_solicited_node_multicast(&self) -> bool;
    |        ^^^^^^^^^^^^^^^^^^^^^^^^^^^

warning: method `emit_header` is never used
   --> vendor/smoltcp/src/wire/udp.rs:275:19
    |
232 | impl Repr {
    | --------- method in this implementation
...
275 |     pub(crate) fn emit_header<T>(&self, packet: &mut Packet<&mut T>, payload_len: usize)
    |                   ^^^^^^^^^^^

warning: `smoltcp` (lib) generated 11 warnings (run `cargo fix --lib -p smoltcp` to apply 3 suggestions)
   Compiling axtask v0.2.0 (/root/oskernel2026-orays/.omx/team/phase-d-ltp-stable-sc-ae18f5c7/worktrees/worker-3/kernel/task/axtask)
   Compiling axdriver v0.2.0 (/root/oskernel2026-orays/.omx/team/phase-d-ltp-stable-sc-ae18f5c7/worktrees/worker-3/kernel/drivers/axdriver)
   Compiling axsync v0.2.0 (/root/oskernel2026-orays/.omx/team/phase-d-ltp-stable-sc-ae18f5c7/worktrees/worker-3/kernel/sync/axsync)
   Compiling axnet v0.2.0 (/root/oskernel2026-orays/.omx/team/phase-d-ltp-stable-sc-ae18f5c7/worktrees/worker-3/kernel/net/axnet)
   Compiling axfs v0.2.0 (/root/oskernel2026-orays/.omx/team/phase-d-ltp-stable-sc-ae18f5c7/worktrees/worker-3/kernel/fs/axfs)
warning: methods `recv_loopback` and `recv_loopback_from` are never used
   --> kernel/net/axnet/src/smoltcp_impl/udp.rs:319:8
    |
276 | impl UdpSocket {
    | -------------- methods in this implementation
...
319 |     fn recv_loopback(&self, buf: &mut [u8], remote: Option<IpEndpoint>) -> AxResult<usize> {
    |        ^^^^^^^^^^^^^
...
323 |     fn recv_loopback_from(
    |        ^^^^^^^^^^^^^^^^^^
    |
    = note: `#[warn(dead_code)]` on by default

warning: `axnet` (lib) generated 1 warning
   Compiling axmm v0.2.0 (/root/oskernel2026-orays/.omx/team/phase-d-ltp-stable-sc-ae18f5c7/worktrees/worker-3/kernel/memory/axmm)
   Compiling axruntime v0.2.0 (/root/oskernel2026-orays/.omx/team/phase-d-ltp-stable-sc-ae18f5c7/worktrees/worker-3/kernel/runtime/axruntime)
   Compiling axfeat v0.2.0 (/root/oskernel2026-orays/.omx/team/phase-d-ltp-stable-sc-ae18f5c7/worktrees/worker-3/api/axfeat)
   Compiling arceos_api v0.2.0 (/root/oskernel2026-orays/.omx/team/phase-d-ltp-stable-sc-ae18f5c7/worktrees/worker-3/api/arceos_api)
   Compiling axstd v0.2.0 (/root/oskernel2026-orays/.omx/team/phase-d-ltp-stable-sc-ae18f5c7/worktrees/worker-3/ulib/axstd)
   Compiling arceos_posix_api v0.2.0 (/root/oskernel2026-orays/.omx/team/phase-d-ltp-stable-sc-ae18f5c7/worktrees/worker-3/api/arceos_posix_api)
   Compiling arceos-shell v0.1.0 (/root/oskernel2026-orays/.omx/team/phase-d-ltp-stable-sc-ae18f5c7/worktrees/worker-3/examples/shell)
    Finished `release` profile [optimized] target(s) in 3m 05s
[37msh /root/oskernel2026-orays/.omx/team/phase-d-ltp-stable-sc-ae18f5c7/worktrees/worker-3/scripts/rust-objcopy.sh --binary-architecture=riscv64[0m [90m/root/oskernel2026-orays/.omx/team/phase-d-ltp-stable-sc-ae18f5c7/worktrees/worker-3/build/kernels/riscv64/shell_riscv64-qemu-virt.elf --strip-all -O binary /root/oskernel2026-orays/.omx/team/phase-d-ltp-stable-sc-ae18f5c7/worktrees/worker-3/build/kernels/riscv64/shell_riscv64-qemu-virt.bin[0m
make[2]: Leaving directory '/root/oskernel2026-orays/.omx/team/phase-d-ltp-stable-sc-ae18f5c7/worktrees/worker-3'
sh /root/oskernel2026-orays/.omx/team/phase-d-ltp-stable-sc-ae18f5c7/worktrees/worker-3/scripts/rust-objcopy.sh -I binary -O elf64-littleriscv --rename-section .data=.text,alloc,load,readonly,code /root/oskernel2026-orays/.omx/team/phase-d-ltp-stable-sc-ae18f5c7/worktrees/worker-3/build/kernels/riscv64/shell_riscv64-qemu-virt.bin /root/oskernel2026-orays/.omx/team/phase-d-ltp-stable-sc-ae18f5c7/worktrees/worker-3/build/kernels/kernel-rv.wrap.o
rust-lld -flavor gnu -m elf64lriscv -T scripts/make/riscv64-kernel-wrap.lds /root/oskernel2026-orays/.omx/team/phase-d-ltp-stable-sc-ae18f5c7/worktrees/worker-3/build/kernels/kernel-rv.wrap.o -o /root/oskernel2026-orays/.omx/team/phase-d-ltp-stable-sc-ae18f5c7/worktrees/worker-3/kernel-rv
make[1]: Leaving directory '/root/oskernel2026-orays/.omx/team/phase-d-ltp-stable-sc-ae18f5c7/worktrees/worker-3'
