warning: unused import: `super::fragmentation::PacketAssemblerSet`
  --> vendor/smoltcp/src/iface/interface/mod.rs:35:5
   |
35 | use super::fragmentation::PacketAssemblerSet;
   |     ^^^^^^^^^^^^^^^^^^^^^^^^^^^^^^^^^^^^^^^^
   |
   = note: `#[warn(unused_imports)]` on by default

warning: unused import: `IFACE_MAX_SIXLOWPAN_ADDRESS_CONTEXT_COUNT`
  --> vendor/smoltcp/src/iface/interface/mod.rs:41:43
   |
41 | use crate::config::{IFACE_MAX_ADDR_COUNT, IFACE_MAX_SIXLOWPAN_ADDRESS_CONTEXT_COUNT};
   |                                           ^^^^^^^^^^^^^^^^^^^^^^^^^^^^^^^^^^^^^^^^^

warning: unused variable: `frag`
  --> vendor/smoltcp/src/iface/interface/ipv4.rs:91:9
   |
91 |         frag: &'a mut FragmentsBuffer,
   |         ^^^^ help: if this is intentional, prefix it with an underscore: `_frag`
   |
   = note: `#[warn(unused_variables)]` on by default

warning: unreachable pattern
    --> vendor/smoltcp/src/iface/interface/mod.rs:1177:13
     |
1171 |             Medium::Ethernet => {
     |             ---------------- matches all the relevant values
...
1177 |             _ => (EthernetAddress([0; 6]), tx_token),
     |             ^ no value can reach this
     |
     = note: `#[warn(unreachable_patterns)]` on by default

warning: unreachable pattern
    --> vendor/smoltcp/src/iface/interface/mod.rs:1174:21
     |
1173 |                     (HardwareAddress::Ethernet(addr), tx_token) => (addr, tx_token),
     |                     ------------------------------------------- matches all the relevant values
1174 |                     (_, _) => unreachable!(),
     |                     ^^^^^^ no value can reach this

warning: unused variable: `repr`
    --> vendor/smoltcp/src/iface/interface/mod.rs:1211:26
     |
1211 |             IpRepr::Ipv4(repr) => {
     |                          ^^^^ help: if this is intentional, prefix it with an underscore: `_repr`

warning: variable does not need to be mutable
   --> vendor/smoltcp/src/socket/dns.rs:249:13
    |
249 |         let mut mdns = MulticastDns::Disabled;
    |             ----^^^^
    |             |
    |             help: remove this `mut`
    |
    = note: `#[warn(unused_mut)]` on by default

warning: methods `link_local_ipv6_address` and `mldv2_report_packet` are never used
   --> vendor/smoltcp/src/iface/interface/ipv6.rs:171:8
    |
21  | impl InterfaceInner {
    | ------------------- methods in this implementation
...
171 |     fn link_local_ipv6_address(&self) -> Option<Ipv6Address> {
    |        ^^^^^^^^^^^^^^^^^^^^^^^
...
536 |     pub(super) fn mldv2_report_packet<'any>(
    |                   ^^^^^^^^^^^^^^^^^^^
    |
    = note: `#[warn(dead_code)]` on by default

warning: variant `HopByHopIcmpv6` is never constructed
   --> vendor/smoltcp/src/iface/packet.rs:215:5
    |
207 | pub(crate) enum IpPayload<'p> {
    |                 --------- variant in this enum
...
215 |     HopByHopIcmpv6(Ipv6HopByHopRepr<'p>, Icmpv6Repr<'p>),
    |     ^^^^^^^^^^^^^^
    |
    = note: `IpPayload` has a derived impl for the trait `Debug`, but this is intentionally ignored during dead code analysis

warning: method `is_solicited_node_multicast` is never used
   --> vendor/smoltcp/src/wire/ipv6.rs:131:8
    |
79  | pub(crate) trait AddressExt {
    |                  ---------- method in this trait
...
131 |     fn is_solicited_node_multicast(&self) -> bool;
    |        ^^^^^^^^^^^^^^^^^^^^^^^^^^^

warning: method `emit_header` is never used
   --> vendor/smoltcp/src/wire/udp.rs:275:19
    |
232 | impl Repr {
    | --------- method in this implementation
...
275 |     pub(crate) fn emit_header<T>(&self, packet: &mut Packet<&mut T>, payload_len: usize)
    |                   ^^^^^^^^^^^

warning: `smoltcp` (lib) generated 11 warnings (run `cargo fix --lib -p smoltcp` to apply 3 suggestions)
    Checking arceos_posix_api v0.2.0 (/root/oskernel2026-orays/api/arceos_posix_api)
warning: implicit autoref creates a reference to the dereference of a raw pointer
  --> api/arceos_posix_api/src/imp/io_mpx/select.rs:58:29
   |
58 |         let src = unsafe { &(*fds).fds_bits[..words] };
   |                             ^^---^^^^^^^^^^^^^^^^^^^
   |                               |
   |                               this raw pointer has type `*const fd_set`
   |
   = note: creating a reference requires the pointer target to be valid and imposes aliasing requirements
note: autoref is being applied to this expression, resulting in: `&[u64; 16]`
  --> api/arceos_posix_api/src/imp/io_mpx/select.rs:58:29
   |
58 |         let src = unsafe { &(*fds).fds_bits[..words] };
   |                             ^^^^^^^^^^^^^^^
   = note: `#[warn(dangerous_implicit_autorefs)]` on by default
help: try using a raw pointer method instead; or if this reference is intentional, make it explicit
   |
58 |         let src = unsafe { &(&(*fds).fds_bits)[..words] };
   |                             ++               +

warning: implicit autoref creates a reference to the dereference of a raw pointer
  --> api/arceos_posix_api/src/imp/io_mpx/select.rs:85:13
   |
85 |             (*fds).fds_bits[..words].copy_from_slice(&self.bits[set_idx][..words]);
   |             ^^---^^^^^^^^^^^^^^^^^^^
   |               |
   |               this raw pointer has type `*mut fd_set`
   |
   = note: creating a reference requires the pointer target to be valid and imposes aliasing requirements
note: autoref is being applied to this expression, resulting in: `&mut [u64; 16]`
  --> api/arceos_posix_api/src/imp/io_mpx/select.rs:85:13
   |
85 |             (*fds).fds_bits[..words].copy_from_slice(&self.bits[set_idx][..words]);
   |             ^^^^^^^^^^^^^^^
help: try using a raw pointer method instead; or if this reference is intentional, make it explicit
   |
85 |             (&mut (*fds).fds_bits)[..words].copy_from_slice(&self.bits[set_idx][..words]);
   |             +++++                +

warning: `arceos_posix_api` (lib) generated 2 warnings
    Finished `dev` profile [unoptimized + debuginfo] target(s) in 1.09s
