# Fresh post-hook verification: 2026-06-19T09:26:40+08:00
## pre-evidence-amend HEAD under test
5a3c26ed Expose self-check violations instead of hiding them
Constraint: self-check.md forbids test-specific shortcuts, fake PASS, hidden failures, and hardcoded evaluator behavior.

Rejected: Leave fixed-input busybox success and panic/error-shaping gaps as review-only findings | they were small, general semantic repairs with guard coverage.

Confidence: medium

Scope-risk: moderate

Directive: Treat remaining raw pointer copy-in/out and pthread attr/type limitations as WATCH follow-ups, not as resolved user-pointer safety.

Tested: G002-G012 static guards; G00x unittest discovery; G002-G005 root unittest; ltp_summary tests; arceos_posix_api and axlibc cargo checks; rustfmt; git diff --check; make -n all.

Not-tested: live QEMU LTP/non-LTP execution; remote official evaluator; full raw user-pointer copy-in/out redesign.

## whitespace committed range for pre-evidence-amend HEAD
## guard g005
G005 runner/parser static check: PASS (0 findings)
## stable matrix summary
{'rows': 1000, 'unique': 1000, 'results': ['OK_STATIC', 'REVIEW'], 'review': 4}
## status-no-untracked
 D docs/ltp-long-term-collaboration-2026-05-28/README.md
 D docs/ltp-long-term-collaboration-2026-05-28/three-person-long-term-ownership.md
 D docs/ltp-score-improvement-2026-05-28-phase-a/three-person-task-allocation-stable460-to-470.md
 M examples/shell/src/uspace/memory_map.rs
 M examples/shell/src/uspace/task_context.rs
 D output_la.md
 D output_rv.md
