make test_build ARCH=loongarch64 BUS=pci \
	KERNEL_FEATURES="alloc,paging,irq,multitask,fs,net" \
	APP_FEATURES="auto-run-tests,uspace" \
	AXCONFIG_WRITES="-w plat.phys-memory-size=0x3000_0000" \
	OUT_DIR=/root/oskernel2026-orays/build/kernels/loongarch64 \
	OUT_CONFIG=/root/oskernel2026-orays/build/kernels/loongarch64.axconfig.toml \
	TARGET_DIR=/root/oskernel2026-orays/build/kernels/target/loongarch64
make[1]: Entering directory '/root/oskernel2026-orays'
make A=examples/shell MODE=release LOG=info SMP=1 FEATURES=alloc,paging,irq,multitask,fs,net \
	ARCH=loongarch64 BUS=pci \
	APP_FEATURES="auto-run-tests,uspace" \
	AXCONFIG_WRITES="-w plat.phys-memory-size=0x3000_0000" \
	OUT_DIR=/root/oskernel2026-orays/build/kernels/loongarch64 \
	OUT_CONFIG=/root/oskernel2026-orays/build/kernels/loongarch64.axconfig.toml \
	TARGET_DIR=/root/oskernel2026-orays/build/kernels/target/loongarch64 \
	build
make[2]: Entering directory '/root/oskernel2026-orays'
[37maxconfig-gen[0m [90mconfigs/defconfig.toml /root/.cargo/registry/src/index.crates.io-1949cf8c6b5b557f/axplat-loongarch64-qemu-virt-0.4.2/axconfig.toml  -w arch=loongarch64 -w platform=loongarch64-qemu-virt -o "/root/oskernel2026-orays/build/kernels/loongarch64.axconfig.toml" -w plat.phys-memory-size=0x3000_0000 -w plat.max-cpu-num=1 -c "/root/oskernel2026-orays/build/kernels/loongarch64.axconfig.toml"[0m
    [92;1mBuilding[0m App: shell, Arch: loongarch64, Platform: loongarch64-qemu-virt, App type: rust
[37mcargo -C examples/shell build[0m [90m-Z unstable-options --target loongarch64-unknown-none-softfloat --target-dir /root/oskernel2026-orays/build/kernels/target/loongarch64 --release  --features "axstd/defplat axstd/log-level-info axstd/alloc axstd/paging axstd/irq axstd/multitask axstd/fs axstd/net auto-run-tests uspace"[0m
warning: unused import: `super::fragmentation::PacketAssemblerSet`
  --> vendor/smoltcp/src/iface/interface/mod.rs:35:5
   |
35 | use super::fragmentation::PacketAssemblerSet;
   |     ^^^^^^^^^^^^^^^^^^^^^^^^^^^^^^^^^^^^^^^^
   |
   = note: `#[warn(unused_imports)]` on by default

warning: unused import: `IFACE_MAX_SIXLOWPAN_ADDRESS_CONTEXT_COUNT`
  --> vendor/smoltcp/src/iface/interface/mod.rs:41:43
   |
41 | use crate::config::{IFACE_MAX_ADDR_COUNT, IFACE_MAX_SIXLOWPAN_ADDRESS_CONTEXT_COUNT};
   |                                           ^^^^^^^^^^^^^^^^^^^^^^^^^^^^^^^^^^^^^^^^^

warning: unused variable: `frag`
  --> vendor/smoltcp/src/iface/interface/ipv4.rs:91:9
   |
91 |         frag: &'a mut FragmentsBuffer,
   |         ^^^^ help: if this is intentional, prefix it with an underscore: `_frag`
   |
   = note: `#[warn(unused_variables)]` on by default

warning: unreachable pattern
    --> vendor/smoltcp/src/iface/interface/mod.rs:1177:13
     |
1171 |             Medium::Ethernet => {
     |             ---------------- matches all the relevant values
...
1177 |             _ => (EthernetAddress([0; 6]), tx_token),
     |             ^ no value can reach this
     |
     = note: `#[warn(unreachable_patterns)]` on by default

warning: unreachable pattern
    --> vendor/smoltcp/src/iface/interface/mod.rs:1174:21
     |
1173 |                     (HardwareAddress::Ethernet(addr), tx_token) => (addr, tx_token),
     |                     ------------------------------------------- matches all the relevant values
1174 |                     (_, _) => unreachable!(),
     |                     ^^^^^^ no value can reach this

warning: unused variable: `repr`
    --> vendor/smoltcp/src/iface/interface/mod.rs:1211:26
     |
1211 |             IpRepr::Ipv4(repr) => {
     |                          ^^^^ help: if this is intentional, prefix it with an underscore: `_repr`

warning: variable does not need to be mutable
   --> vendor/smoltcp/src/socket/dns.rs:249:13
    |
249 |         let mut mdns = MulticastDns::Disabled;
    |             ----^^^^
    |             |
    |             help: remove this `mut`
    |
    = note: `#[warn(unused_mut)]` on by default

warning: methods `link_local_ipv6_address` and `mldv2_report_packet` are never used
   --> vendor/smoltcp/src/iface/interface/ipv6.rs:171:8
    |
21  | impl InterfaceInner {
    | ------------------- methods in this implementation
...
171 |     fn link_local_ipv6_address(&self) -> Option<Ipv6Address> {
    |        ^^^^^^^^^^^^^^^^^^^^^^^
...
536 |     pub(super) fn mldv2_report_packet<'any>(
    |                   ^^^^^^^^^^^^^^^^^^^
    |
    = note: `#[warn(dead_code)]` on by default

warning: variant `HopByHopIcmpv6` is never constructed
   --> vendor/smoltcp/src/iface/packet.rs:215:5
    |
207 | pub(crate) enum IpPayload<'p> {
    |                 --------- variant in this enum
...
215 |     HopByHopIcmpv6(Ipv6HopByHopRepr<'p>, Icmpv6Repr<'p>),
    |     ^^^^^^^^^^^^^^
    |
    = note: `IpPayload` has a derived impl for the trait `Debug`, but this is intentionally ignored during dead code analysis

warning: method `is_solicited_node_multicast` is never used
   --> vendor/smoltcp/src/wire/ipv6.rs:131:8
    |
79  | pub(crate) trait AddressExt {
    |                  ---------- method in this trait
...
131 |     fn is_solicited_node_multicast(&self) -> bool;
    |        ^^^^^^^^^^^^^^^^^^^^^^^^^^^

warning: method `emit_header` is never used
   --> vendor/smoltcp/src/wire/udp.rs:275:19
    |
232 | impl Repr {
    | --------- method in this implementation
...
275 |     pub(crate) fn emit_header<T>(&self, packet: &mut Packet<&mut T>, payload_len: usize)
    |                   ^^^^^^^^^^^

warning: `smoltcp` (lib) generated 11 warnings (run `cargo fix --lib -p smoltcp` to apply 3 suggestions)
warning: methods `recv_loopback` and `recv_loopback_from` are never used
   --> kernel/net/axnet/src/smoltcp_impl/udp.rs:319:8
    |
276 | impl UdpSocket {
    | -------------- methods in this implementation
...
319 |     fn recv_loopback(&self, buf: &mut [u8], remote: Option<IpEndpoint>) -> AxResult<usize> {
    |        ^^^^^^^^^^^^^
...
323 |     fn recv_loopback_from(
    |        ^^^^^^^^^^^^^^^^^^
    |
    = note: `#[warn(dead_code)]` on by default

warning: `axnet` (lib) generated 1 warning
warning: arceos_posix_api@0.2.0: using checked-in src/ctypes_gen.rs; libclang may not support target loongarch64-unknown-none-softfloat
   Compiling arceos-shell v0.1.0 (/root/oskernel2026-orays/examples/shell)
    Finished `release` profile [optimized] target(s) in 22.13s
[37mrust-objcopy --binary-architecture=loongarch64[0m [90m/root/oskernel2026-orays/build/kernels/loongarch64/shell_loongarch64-qemu-virt.elf --strip-all -O binary /root/oskernel2026-orays/build/kernels/loongarch64/shell_loongarch64-qemu-virt.bin[0m
make[2]: Leaving directory '/root/oskernel2026-orays'
cp /root/oskernel2026-orays/build/kernels/loongarch64/shell_loongarch64-qemu-virt.elf /root/oskernel2026-orays/kernel-la
make[1]: Leaving directory '/root/oskernel2026-orays'
rm -f /tmp/arceos-sdcard-la.run.qcow2
qemu-img create -f qcow2 -F raw -b /root/oskernel2026-orays/sdcard-la.img /tmp/arceos-sdcard-la.run.qcow2
Formatting '/tmp/arceos-sdcard-la.run.qcow2', fmt=qcow2 cluster_size=65536 extended_l2=off compression_type=zlib size=4294967296 backing_file=/root/oskernel2026-orays/sdcard-la.img backing_fmt=raw lazy_refcounts=off refcount_bits=16
qemu-system-loongarch64 -kernel /root/oskernel2026-orays/kernel-la -m 1G -nographic -smp 1 -drive file=/tmp/arceos-sdcard-la.run.qcow2,if=none,format=qcow2,id=x0 \
	-device virtio-blk-pci,drive=x0,bus=pcie.0 -no-reboot -device virtio-net-pci,netdev=net0 \
	-netdev user,id=net0 -rtc base=utc

       d8888                            .d88888b.   .d8888b.
      d88888                           d88P" "Y88b d88P  Y88b
     d88P888                           888     888 Y88b.
    d88P 888 888d888  .d8888b  .d88b.  888     888  "Y888b.
   d88P  888 888P"   d88P"    d8P  Y8b 888     888     "Y88b.
  d88P   888 888     888      88888888 888     888       "888
 d8888888888 888     Y88b.    Y8b.     Y88b. .d88P Y88b  d88P
d88P     888 888      "Y8888P  "Y8888   "Y88888P"   "Y8888P"

arch = loongarch64
platform = loongarch64-qemu-virt
target = loongarch64-unknown-none-softfloat
build_mode = release
log_level = info

[37m[  0.006118 0 axruntime:135] [32mLogging is enabled.[m
[m[37m[  0.007875 0 axruntime:136] [32mPrimary CPU 0 started, arg = 0x0.[m
[m[37m[  0.009410 0 axruntime:139] [32mFound physcial memory regions:[m
[m[37m[  0.009937 0 axruntime:141] [32m  [PA:0x100d0000, PA:0x100d1000) mmio (READ | WRITE | DEVICE | RESERVED)[m
[m[37m[  0.010748 0 axruntime:141] [32m  [PA:0x100e0000, PA:0x100e1000) mmio (READ | WRITE | DEVICE | RESERVED)[m
[m[37m[  0.011222 0 axruntime:141] [32m  [PA:0x1fe00000, PA:0x1fe01000) mmio (READ | WRITE | DEVICE | RESERVED)[m
[m[37m[  0.011693 0 axruntime:141] [32m  [PA:0x20000000, PA:0x30000000) mmio (READ | WRITE | DEVICE | RESERVED)[m
[m[37m[  0.012174 0 axruntime:141] [32m  [PA:0x40000000, PA:0x40020000) mmio (READ | WRITE | DEVICE | RESERVED)[m
[m[37m[  0.012646 0 axruntime:141] [32m  [PA:0x80000000, PA:0x80122000) .text (READ | EXECUTE | RESERVED)[m
[m[37m[  0.013102 0 axruntime:141] [32m  [PA:0x80122000, PA:0x8014e000) .rodata (READ | RESERVED)[m
[m[37m[  0.013528 0 axruntime:141] [32m  [PA:0x8014e000, PA:0x80153000) .data .tdata .tbss .percpu (READ | WRITE | RESERVED)[m
[m[37m[  0.014007 0 axruntime:141] [32m  [PA:0x80153000, PA:0x80193000) boot stack (READ | WRITE | RESERVED)[m
[m[37m[  0.014392 0 axruntime:141] [32m  [PA:0x80193000, PA:0x801ba000) .bss (READ | WRITE | RESERVED)[m
[m[37m[  0.014757 0 axruntime:141] [32m  [PA:0x801ba000, PA:0xb0000000) free memory (READ | WRITE | FREE)[m
[m[37m[  0.015233 0 axruntime:216] [32mInitialize global memory allocator...[m
[m[37m[  0.015619 0 axruntime:217] [32m  use TLSF allocator.[m
[m[37m[  0.019078 0 axmm:103] [32mInitialize virtual memory management...[m
[m[37m[  0.077895 0 axruntime:156] [32mInitialize platform devices...[m
[msmp = 1
[37m[  0.079260 0 axtask::api:73] [32mInitialize scheduling...[m
[m[37m[  0.082637 0 axtask::api:83] [32m  use Round-robin scheduler.[m
[m[37m[  0.083218 0 axdriver:152] [32mInitialize device drivers...[m
[m[37m[  0.083670 0 axdriver:153] [32m  device model: static[m
[m[37m[  0.093471 0 virtio_drivers::device::blk:63] [32mfound a block device of size 4194304KB[m
[m[37m[  0.095752 0 axdriver::bus::pci:107] [32mregistered a new Block device at 00:01.0: "virtio-blk"[m
[m[37m[  0.103480 0 virtio_drivers::device::net::dev_raw:33] [32mnegotiated_features Features(MAC | STATUS | RING_INDIRECT_DESC | RING_EVENT_IDX | VERSION_1)[m
[m[37m[  0.109312 0 axdriver::bus::pci:107] [32mregistered a new Net device at 00:02.0: "virtio-net"[m
[m[37m[  0.182881 0 axfs:44] [32mInitialize filesystems...[m
[m[37m[  0.183389 0 axfs:47] [32m  use block device 0: "virtio-blk"[m
[m[37m[  0.191304 0 axfs::root:336] [32m  detected root filesystem: Ext4[m
[m[37m[  0.234349 0 axnet:42] [32mInitialize network subsystem...[m
[m[37m[  0.234846 0 axnet:45] [32m  use NIC 0: "virtio-net"[m
[m[37m[  0.239977 0 axnet::smoltcp_impl:335] [32mcreated net interface "eth0":[m
[m[37m[  0.240485 0 axnet::smoltcp_impl:336] [32m  ether:    52-54-00-12-34-56[m
[m[37m[  0.247315 0 axnet::smoltcp_impl:337] [32m  ip:       10.0.2.15/24[m
[m[37m[  0.247973 0 axnet::smoltcp_impl:338] [32m  gateway:  10.0.2.2[m
[m[37m[  0.248451 0 axruntime:182] [32mInitialize interrupt handlers...[m
[m[37m[  0.250408 0 axruntime:194] [32mPrimary CPU 0 init OK.[m
[m#### OS COMP TEST GROUP START ltp-musl ####
ltp case list: inline (11 cases, timeout 15s)
========== START ltp getsid01 ==========
RUN LTP CASE getsid01
LTP MEMORY getsid01 before: free_frames=194416 allocated_frames=1750
tst_memutils.c:152: [1;34mTINFO: [0moom_score_adj does not exist, skipping the adjustment
tst_test.c:1733: [1;34mTINFO: [0mLTP version: 20240524
tst_test.c:1617: [1;34mTINFO: [0mTimeout per run is 0h 00m 30s
tst_memutils.c:152: [1;34mTINFO: [0moom_score_adj does not exist, skipping the adjustment
getsid01.c:41: [1;32mTPASS: [0mp_sid == c_sid (4)

Summary:
passed   1
failed   0
broken   0
skipped  0
warnings 0
[37m[  1.623661 0:4 axfs::root:433] [33m[AxError::IsADirectory][m
[mFAIL LTP CASE getsid01 : 0
Pass!
LTP MEMORY getsid01 after_run: free_frames=192344 allocated_frames=3822
LTP MEMORY getsid01 after_cleanup: free_frames=192344 allocated_frames=3822
LTP CASE RUNTIME getsid01: 1258 ms
========== END ltp getsid01 ==========
========== START ltp getresuid01 ==========
RUN LTP CASE getresuid01
LTP MEMORY getresuid01 before: free_frames=192344 allocated_frames=3822
getresuid01    1  [1;32mTPASS[0m  :  Functionality of getresuid() successful
FAIL LTP CASE getresuid01 : 0
Pass!
LTP MEMORY getresuid01 after_run: free_frames=192336 allocated_frames=3830
LTP MEMORY getresuid01 after_cleanup: free_frames=192336 allocated_frames=3830
LTP CASE RUNTIME getresuid01: 1012 ms
========== END ltp getresuid01 ==========
========== START ltp getresuid02 ==========
RUN LTP CASE getresuid02
LTP MEMORY getresuid02 before: free_frames=192336 allocated_frames=3830
getresuid02    1  [1;32mTPASS[0m  :  Functionality of getresuid() successful
FAIL LTP CASE getresuid02 : 0
Pass!
LTP MEMORY getresuid02 after_run: free_frames=192328 allocated_frames=3838
LTP MEMORY getresuid02 after_cleanup: free_frames=192328 allocated_frames=3838
LTP CASE RUNTIME getresuid02: 1076 ms
========== END ltp getresuid02 ==========
========== START ltp getresuid03 ==========
RUN LTP CASE getresuid03
LTP MEMORY getresuid03 before: free_frames=192328 allocated_frames=3838
getresuid03    1  [1;32mTPASS[0m  :  Functionality of getresuid() successful
FAIL LTP CASE getresuid03 : 0
Pass!
LTP MEMORY getresuid03 after_run: free_frames=192320 allocated_frames=3846
LTP MEMORY getresuid03 after_cleanup: free_frames=192320 allocated_frames=3846
LTP CASE RUNTIME getresuid03: 1130 ms
========== END ltp getresuid03 ==========
========== START ltp getresgid01 ==========
RUN LTP CASE getresgid01
LTP MEMORY getresgid01 before: free_frames=192320 allocated_frames=3846
getresgid01    1  [1;32mTPASS[0m  :  Functionality of getresgid() successful
FAIL LTP CASE getresgid01 : 0
Pass!
LTP MEMORY getresgid01 after_run: free_frames=192312 allocated_frames=3854
LTP MEMORY getresgid01 after_cleanup: free_frames=192312 allocated_frames=3854
LTP CASE RUNTIME getresgid01: 1070 ms
========== END ltp getresgid01 ==========
========== START ltp getresgid02 ==========
RUN LTP CASE getresgid02
LTP MEMORY getresgid02 before: free_frames=192312 allocated_frames=3854
getresgid02    1  [1;32mTPASS[0m  :  Functionality of getresgid() successful
FAIL LTP CASE getresgid02 : 0
Pass!
LTP MEMORY getresgid02 after_run: free_frames=192304 allocated_frames=3862
LTP MEMORY getresgid02 after_cleanup: free_frames=192304 allocated_frames=3862
LTP CASE RUNTIME getresgid02: 1065 ms
========== END ltp getresgid02 ==========
========== START ltp getresgid03 ==========
RUN LTP CASE getresgid03
LTP MEMORY getresgid03 before: free_frames=192304 allocated_frames=3862
getresgid03    1  [1;32mTPASS[0m  :  Functionality of getresgid() successful
FAIL LTP CASE getresgid03 : 0
Pass!
LTP MEMORY getresgid03 after_run: free_frames=192296 allocated_frames=3870
LTP MEMORY getresgid03 after_cleanup: free_frames=192296 allocated_frames=3870
LTP CASE RUNTIME getresgid03: 1078 ms
========== END ltp getresgid03 ==========
========== START ltp sched_getscheduler01 ==========
RUN LTP CASE sched_getscheduler01
LTP MEMORY sched_getscheduler01 before: free_frames=192296 allocated_frames=3870
tst_memutils.c:152: [1;34mTINFO: [0moom_score_adj does not exist, skipping the adjustment
tst_test.c:1733: [1;34mTINFO: [0mLTP version: 20240524
tst_test.c:1617: [1;34mTINFO: [0mTimeout per run is 0h 00m 30s
tst_memutils.c:152: [1;34mTINFO: [0moom_score_adj does not exist, skipping the adjustment
sched_getscheduler01.c:58: [1;34mTINFO: [0mTesting libc variant
sched_getscheduler01.c:51: [1;32mTPASS: [0mgot expected policy 2
sched_getscheduler01.c:51: [1;32mTPASS: [0mgot expected policy 0
sched_getscheduler01.c:51: [1;32mTPASS: [0mgot expected policy 1
tst_memutils.c:152: [1;34mTINFO: [0moom_score_adj does not exist, skipping the adjustment
sched_getscheduler01.c:58: [1;34mTINFO: [0mTesting syscall variant
sched_getscheduler01.c:51: [1;32mTPASS: [0mgot expected policy 2
sched_getscheduler01.c:51: [1;32mTPASS: [0mgot expected policy 0
sched_getscheduler01.c:51: [1;32mTPASS: [0mgot expected policy 1

Summary:
passed   6
failed   0
broken   0
skipped  0
warnings 0
[37m[  9.328262 0:15 axfs::root:433] [33m[AxError::IsADirectory][m
[mFAIL LTP CASE sched_getscheduler01 : 0
Pass!
LTP MEMORY sched_getscheduler01 after_run: free_frames=192272 allocated_frames=3894
LTP MEMORY sched_getscheduler01 after_cleanup: free_frames=192272 allocated_frames=3894
LTP CASE RUNTIME sched_getscheduler01: 1220 ms
========== END ltp sched_getscheduler01 ==========
========== START ltp sched_getscheduler02 ==========
RUN LTP CASE sched_getscheduler02
LTP MEMORY sched_getscheduler02 before: free_frames=192272 allocated_frames=3894
tst_memutils.c:152: [1;34mTINFO: [0moom_score_adj does not exist, skipping the adjustment
tst_test.c:1733: [1;34mTINFO: [0mLTP version: 20240524
tst_test.c:1617: [1;34mTINFO: [0mTimeout per run is 0h 00m 30s
tst_memutils.c:152: [1;34mTINFO: [0moom_score_adj does not exist, skipping the adjustment
sched_getscheduler02.c:23: [1;34mTINFO: [0mTesting libc variant
sched_getscheduler02.c:32: [1;31mTFAIL: [0msched_getscheduler(4194304) invalid retval -3: SUCCESS (0)
tst_memutils.c:152: [1;34mTINFO: [0moom_score_adj does not exist, skipping the adjustment
sched_getscheduler02.c:23: [1;34mTINFO: [0mTesting syscall variant
sched_getscheduler02.c:32: [1;32mTPASS: [0msched_getscheduler(4194304) : ESRCH (3)

Summary:
passed   1
failed   1
broken   0
skipped  0
warnings 0
[37m[ 10.465322 0:22 axfs::root:433] [33m[AxError::IsADirectory][m
[mFAIL LTP CASE sched_getscheduler02 : 1
LTP MEMORY sched_getscheduler02 after_run: free_frames=192248 allocated_frames=3918
LTP MEMORY sched_getscheduler02 after_cleanup: free_frames=192248 allocated_frames=3918
LTP CASE RUNTIME sched_getscheduler02: 1127 ms
========== END ltp sched_getscheduler02 ==========
========== START ltp rt_sigaction02 ==========
RUN LTP CASE rt_sigaction02
LTP MEMORY rt_sigaction02 before: free_frames=192248 allocated_frames=3918
rt_sigaction02    0  [1;34mTINFO[0m  :  Signal 35
rt_sigaction02    0  [1;34mTINFO[0m  :  sa.sa_flags = SA_RESETHAND|SA_SIGINFO
rt_sigaction02    1  [1;32mTPASS[0m  :  rt_sigaction02 failure with sig: 35 as expected errno  = EFAULT : Bad address
rt_sigaction02    0  [1;34mTINFO[0m  :  sa.sa_flags = SA_RESETHAND
rt_sigaction02    2  [1;32mTPASS[0m  :  rt_sigaction02 failure with sig: 35 as expected errno  = EFAULT : Bad address
rt_sigaction02    0  [1;34mTINFO[0m  :  sa.sa_flags = SA_RESETHAND|SA_SIGINFO
rt_sigaction02    3  [1;32mTPASS[0m  :  rt_sigaction02 failure with sig: 35 as expected errno  = EFAULT : Bad address
rt_sigaction02    0  [1;34mTINFO[0m  :  sa.sa_flags = SA_RESETHAND|SA_SIGINFO
rt_sigaction02    4  [1;32mTPASS[0m  :  rt_sigaction02 failure with sig: 35 as expected errno  = EFAULT : Bad address
rt_sigaction02    0  [1;34mTINFO[0m  :  sa.sa_flags = SA_NOMASK
rt_sigaction02    5  [1;32mTPASS[0m  :  rt_sigaction02 failure with sig: 35 as expected errno  = EFAULT : Bad address
rt_sigaction02    0  [1;34mTINFO[0m  :  Signal 36
rt_sigaction02    0  [1;34mTINFO[0m  :  sa.sa_flags = SA_RESETHAND|SA_SIGINFO
rt_sigaction02    6  [1;32mTPASS[0m  :  rt_sigaction02 failure with sig: 36 as expected errno  = EFAULT : Bad address
rt_sigaction02    0  [1;34mTINFO[0m  :  sa.sa_flags = SA_RESETHAND
rt_sigaction02    7  [1;32mTPASS[0m  :  rt_sigaction02 failure with sig: 36 as expected errno  = EFAULT : Bad address
rt_sigaction02    0  [1;34mTINFO[0m  :  sa.sa_flags = SA_RESETHAND|SA_SIGINFO
rt_sigaction02    8  [1;32mTPASS[0m  :  rt_sigaction02 failure with sig: 36 as expected errno  = EFAULT : Bad address
rt_sigaction02    0  [1;34mTINFO[0m  :  sa.sa_flags = SA_RESETHAND|SA_SIGINFO
rt_sigaction02    9  [1;32mTPASS[0m  :  rt_sigaction02 failure with sig: 36 as expected errno  = EFAULT : Bad address
rt_sigaction02    0  [1;34mTINFO[0m  :  sa.sa_flags = SA_NOMASK
rt_sigaction02   10  [1;32mTPASS[0m  :  rt_sigaction02 failure with sig: 36 as expected errno  = EFAULT : Bad address
rt_sigaction02    0  [1;34mTINFO[0m  :  Signal 37
rt_sigaction02    0  [1;34mTINFO[0m  :  sa.sa_flags = SA_RESETHAND|SA_SIGINFO
rt_sigaction02   11  [1;32mTPASS[0m  :  rt_sigaction02 failure with sig: 37 as expected errno  = EFAULT : Bad address
rt_sigaction02    0  [1;34mTINFO[0m  :  sa.sa_flags = SA_RESETHAND
rt_sigaction02   12  [1;32mTPASS[0m  :  rt_sigaction02 failure with sig: 37 as expected errno  = EFAULT : Bad address
rt_sigaction02    0  [1;34mTINFO[0m  :  sa.sa_flags = SA_RESETHAND|SA_SIGINFO
rt_sigaction02   13  [1;32mTPASS[0m  :  rt_sigaction02 failure with sig: 37 as expected errno  = EFAULT : Bad address
rt_sigaction02    0  [1;34mTINFO[0m  :  sa.sa_flags = SA_RESETHAND|SA_SIGINFO
rt_sigaction02   14  [1;32mTPASS[0m  :  rt_sigaction02 failure with sig: 37 as expected errno  = EFAULT : Bad address
rt_sigaction02    0  [1;34mTINFO[0m  :  sa.sa_flags = SA_NOMASK
rt_sigaction02   15  [1;32mTPASS[0m  :  rt_sigaction02 failure with sig: 37 as expected errno  = EFAULT : Bad address
rt_sigaction02    0  [1;34mTINFO[0m  :  Signal 38
rt_sigaction02    0  [1;34mTINFO[0m  :  sa.sa_flags = SA_RESETHAND|SA_SIGINFO
rt_sigaction02   16  [1;32mTPASS[0m  :  rt_sigaction02 failure with sig: 38 as expected errno  = EFAULT : Bad address
rt_sigaction02    0  [1;34mTINFO[0m  :  sa.sa_flags = SA_RESETHAND
rt_sigaction02   17  [1;32mTPASS[0m  :  rt_sigaction02 failure with sig: 38 as expected errno  = EFAULT : Bad address
rt_sigaction02    0  [1;34mTINFO[0m  :  sa.sa_flags = SA_RESETHAND|SA_SIGINFO
rt_sigaction02   18  [1;32mTPASS[0m  :  rt_sigaction02 failure with sig: 38 as expected errno  = EFAULT : Bad address
rt_sigaction02    0  [1;34mTINFO[0m  :  sa.sa_flags = SA_RESETHAND|SA_SIGINFO
rt_sigaction02   19  [1;32mTPASS[0m  :  rt_sigaction02 failure with sig: 38 as expected errno  = EFAULT : Bad address
rt_sigaction02    0  [1;34mTINFO[0m  :  sa.sa_flags = SA_NOMASK
rt_sigaction02   20  [1;32mTPASS[0m  :  rt_sigaction02 failure with sig: 38 as expected errno  = EFAULT : Bad address
rt_sigaction02    0  [1;34mTINFO[0m  :  Signal 39
rt_sigaction02    0  [1;34mTINFO[0m  :  sa.sa_flags = SA_RESETHAND|SA_SIGINFO
rt_sigaction02   21  [1;32mTPASS[0m  :  rt_sigaction02 failure with sig: 39 as expected errno  = EFAULT : Bad address
rt_sigaction02    0  [1;34mTINFO[0m  :  sa.sa_flags = SA_RESETHAND
rt_sigaction02   22  [1;32mTPASS[0m  :  rt_sigaction02 failure with sig: 39 as expected errno  = EFAULT : Bad address
rt_sigaction02    0  [1;34mTINFO[0m  :  sa.sa_flags = SA_RESETHAND|SA_SIGINFO
rt_sigaction02   23  [1;32mTPASS[0m  :  rt_sigaction02 failure with sig: 39 as expected errno  = EFAULT : Bad address
rt_sigaction02    0  [1;34mTINFO[0m  :  sa.sa_flags = SA_RESETHAND|SA_SIGINFO
rt_sigaction02   24  [1;32mTPASS[0m  :  rt_sigaction02 failure with sig: 39 as expected errno  = EFAULT : Bad address
rt_sigaction02    0  [1;34mTINFO[0m  :  sa.sa_flags = SA_NOMASK
rt_sigaction02   25  [1;32mTPASS[0m  :  rt_sigaction02 failure with sig: 39 as expected errno  = EFAULT : Bad address
rt_sigaction02    0  [1;34mTINFO[0m  :  Signal 40
rt_sigaction02    0  [1;34mTINFO[0m  :  sa.sa_flags = SA_RESETHAND|SA_SIGINFO
rt_sigaction02   26  [1;32mTPASS[0m  :  rt_sigaction02 failure with sig: 40 as expected errno  = EFAULT : Bad address
rt_sigaction02    0  [1;34mTINFO[0m  :  sa.sa_flags = SA_RESETHAND
rt_sigaction02   27  [1;32mTPASS[0m  :  rt_sigaction02 failure with sig: 40 as expected errno  = EFAULT : Bad address
rt_sigaction02    0  [1;34mTINFO[0m  :  sa.sa_flags = SA_RESETHAND|SA_SIGINFO
rt_sigaction02   28  [1;32mTPASS[0m  :  rt_sigaction02 failure with sig: 40 as expected errno  = EFAULT : Bad address
rt_sigaction02    0  [1;34mTINFO[0m  :  sa.sa_flags = SA_RESETHAND|SA_SIGINFO
rt_sigaction02   29  [1;32mTPASS[0m  :  rt_sigaction02 failure with sig: 40 as expected errno  = EFAULT : Bad address
rt_sigaction02    0  [1;34mTINFO[0m  :  sa.sa_flags = SA_NOMASK
rt_sigaction02   30  [1;32mTPASS[0m  :  rt_sigaction02 failure with sig: 40 as expected errno  = EFAULT : Bad address
rt_sigaction02    0  [1;34mTINFO[0m  :  Signal 41
rt_sigaction02    0  [1;34mTINFO[0m  :  sa.sa_flags = SA_RESETHAND|SA_SIGINFO
rt_sigaction02   31  [1;32mTPASS[0m  :  rt_sigaction02 failure with sig: 41 as expected errno  = EFAULT : Bad address
rt_sigaction02    0  [1;34mTINFO[0m  :  sa.sa_flags = SA_RESETHAND
rt_sigaction02   32  [1;32mTPASS[0m  :  rt_sigaction02 failure with sig: 41 as expected errno  = EFAULT : Bad address
rt_sigaction02    0  [1;34mTINFO[0m  :  sa.sa_flags = SA_RESETHAND|SA_SIGINFO
rt_sigaction02   33  [1;32mTPASS[0m  :  rt_sigaction02 failure with sig: 41 as expected errno  = EFAULT : Bad address
rt_sigaction02    0  [1;34mTINFO[0m  :  sa.sa_flags = SA_RESETHAND|SA_SIGINFO
rt_sigaction02   34  [1;32mTPASS[0m  :  rt_sigaction02 failure with sig: 41 as expected errno  = EFAULT : Bad address
rt_sigaction02    0  [1;34mTINFO[0m  :  sa.sa_flags = SA_NOMASK
rt_sigaction02   35  [1;32mTPASS[0m  :  rt_sigaction02 failure with sig: 41 as expected errno  = EFAULT : Bad address
rt_sigaction02    0  [1;34mTINFO[0m  :  Signal 42
rt_sigaction02    0  [1;34mTINFO[0m  :  sa.sa_flags = SA_RESETHAND|SA_SIGINFO
rt_sigaction02   36  [1;32mTPASS[0m  :  rt_sigaction02 failure with sig: 42 as expected errno  = EFAULT : Bad address
rt_sigaction02    0  [1;34mTINFO[0m  :  sa.sa_flags = SA_RESETHAND
rt_sigaction02   37  [1;32mTPASS[0m  :  rt_sigaction02 failure with sig: 42 as expected errno  = EFAULT : Bad address
rt_sigaction02    0  [1;34mTINFO[0m  :  sa.sa_flags = SA_RESETHAND|SA_SIGINFO
rt_sigaction02   38  [1;32mTPASS[0m  :  rt_sigaction02 failure with sig: 42 as expected errno  = EFAULT : Bad address
rt_sigaction02    0  [1;34mTINFO[0m  :  sa.sa_flags = SA_RESETHAND|SA_SIGINFO
rt_sigaction02   39  [1;32mTPASS[0m  :  rt_sigaction02 failure with sig: 42 as expected errno  = EFAULT : Bad address
rt_sigaction02    0  [1;34mTINFO[0m  :  sa.sa_flags = SA_NOMASK
rt_sigaction02   40  [1;32mTPASS[0m  :  rt_sigaction02 failure with sig: 42 as expected errno  = EFAULT : Bad address
rt_sigaction02    0  [1;34mTINFO[0m  :  Signal 43
rt_sigaction02    0  [1;34mTINFO[0m  :  sa.sa_flags = SA_RESETHAND|SA_SIGINFO
rt_sigaction02   41  [1;32mTPASS[0m  :  rt_sigaction02 failure with sig: 43 as expected errno  = EFAULT : Bad address
rt_sigaction02    0  [1;34mTINFO[0m  :  sa.sa_flags = SA_RESETHAND
rt_sigaction02   42  [1;32mTPASS[0m  :  rt_sigaction02 failure with sig: 43 as expected errno  = EFAULT : Bad address
rt_sigaction02    0  [1;34mTINFO[0m  :  sa.sa_flags = SA_RESETHAND|SA_SIGINFO
rt_sigaction02   43  [1;32mTPASS[0m  :  rt_sigaction02 failure with sig: 43 as expected errno  = EFAULT : Bad address
rt_sigaction02    0  [1;34mTINFO[0m  :  sa.sa_flags = SA_RESETHAND|SA_SIGINFO
rt_sigaction02   44  [1;32mTPASS[0m  :  rt_sigaction02 failure with sig: 43 as expected errno  = EFAULT : Bad address
rt_sigaction02    0  [1;34mTINFO[0m  :  sa.sa_flags = SA_NOMASK
rt_sigaction02   45  [1;32mTPASS[0m  :  rt_sigaction02 failure with sig: 43 as expected errno  = EFAULT : Bad address
rt_sigaction02    0  [1;34mTINFO[0m  :  Signal 44
rt_sigaction02    0  [1;34mTINFO[0m  :  sa.sa_flags = SA_RESETHAND|SA_SIGINFO
rt_sigaction02   46  [1;32mTPASS[0m  :  rt_sigaction02 failure with sig: 44 as expected errno  = EFAULT : Bad address
rt_sigaction02    0  [1;34mTINFO[0m  :  sa.sa_flags = SA_RESETHAND
rt_sigaction02   47  [1;32mTPASS[0m  :  rt_sigaction02 failure with sig: 44 as expected errno  = EFAULT : Bad address
rt_sigaction02    0  [1;34mTINFO[0m  :  sa.sa_flags = SA_RESETHAND|SA_SIGINFO
rt_sigaction02   48  [1;32mTPASS[0m  :  rt_sigaction02 failure with sig: 44 as expected errno  = EFAULT : Bad address
rt_sigaction02    0  [1;34mTINFO[0m  :  sa.sa_flags = SA_RESETHAND|SA_SIGINFO
rt_sigaction02   49  [1;32mTPASS[0m  :  rt_sigaction02 failure with sig: 44 as expected errno  = EFAULT : Bad address
rt_sigaction02    0  [1;34mTINFO[0m  :  sa.sa_flags = SA_NOMASK
rt_sigaction02   50  [1;32mTPASS[0m  :  rt_sigaction02 failure with sig: 44 as expected errno  = EFAULT : Bad address
rt_sigaction02    0  [1;34mTINFO[0m  :  Signal 45
rt_sigaction02    0  [1;34mTINFO[0m  :  sa.sa_flags = SA_RESETHAND|SA_SIGINFO
rt_sigaction02   51  [1;32mTPASS[0m  :  rt_sigaction02 failure with sig: 45 as expected errno  = EFAULT : Bad address
rt_sigaction02    0  [1;34mTINFO[0m  :  sa.sa_flags = SA_RESETHAND
rt_sigaction02   52  [1;32mTPASS[0m  :  rt_sigaction02 failure with sig: 45 as expected errno  = EFAULT : Bad address
rt_sigaction02    0  [1;34mTINFO[0m  :  sa.sa_flags = SA_RESETHAND|SA_SIGINFO
rt_sigaction02   53  [1;32mTPASS[0m  :  rt_sigaction02 failure with sig: 45 as expected errno  = EFAULT : Bad address
rt_sigaction02    0  [1;34mTINFO[0m  :  sa.sa_flags = SA_RESETHAND|SA_SIGINFO
rt_sigaction02   54  [1;32mTPASS[0m  :  rt_sigaction02 failure with sig: 45 as expected errno  = EFAULT : Bad address
rt_sigaction02    0  [1;34mTINFO[0m  :  sa.sa_flags = SA_NOMASK
rt_sigaction02   55  [1;32mTPASS[0m  :  rt_sigaction02 failure with sig: 45 as expected errno  = EFAULT : Bad address
rt_sigaction02    0  [1;34mTINFO[0m  :  Signal 46
rt_sigaction02    0  [1;34mTINFO[0m  :  sa.sa_flags = SA_RESETHAND|SA_SIGINFO
rt_sigaction02   56  [1;32mTPASS[0m  :  rt_sigaction02 failure with sig: 46 as expected errno  = EFAULT : Bad address
rt_sigaction02    0  [1;34mTINFO[0m  :  sa.sa_flags = SA_RESETHAND
rt_sigaction02   57  [1;32mTPASS[0m  :  rt_sigaction02 failure with sig: 46 as expected errno  = EFAULT : Bad address
rt_sigaction02    0  [1;34mTINFO[0m  :  sa.sa_flags = SA_RESETHAND|SA_SIGINFO
rt_sigaction02   58  [1;32mTPASS[0m  :  rt_sigaction02 failure with sig: 46 as expected errno  = EFAULT : Bad address
rt_sigaction02    0  [1;34mTINFO[0m  :  sa.sa_flags = SA_RESETHAND|SA_SIGINFO
rt_sigaction02   59  [1;32mTPASS[0m  :  rt_sigaction02 failure with sig: 46 as expected errno  = EFAULT : Bad address
rt_sigaction02    0  [1;34mTINFO[0m  :  sa.sa_flags = SA_NOMASK
rt_sigaction02   60  [1;32mTPASS[0m  :  rt_sigaction02 failure with sig: 46 as expected errno  = EFAULT : Bad address
rt_sigaction02    0  [1;34mTINFO[0m  :  Signal 47
rt_sigaction02    0  [1;34mTINFO[0m  :  sa.sa_flags = SA_RESETHAND|SA_SIGINFO
rt_sigaction02   61  [1;32mTPASS[0m  :  rt_sigaction02 failure with sig: 47 as expected errno  = EFAULT : Bad address
rt_sigaction02    0  [1;34mTINFO[0m  :  sa.sa_flags = SA_RESETHAND
rt_sigaction02   62  [1;32mTPASS[0m  :  rt_sigaction02 failure with sig: 47 as expected errno  = EFAULT : Bad address
rt_sigaction02    0  [1;34mTINFO[0m  :  sa.sa_flags = SA_RESETHAND|SA_SIGINFO
rt_sigaction02   63  [1;32mTPASS[0m  :  rt_sigaction02 failure with sig: 47 as expected errno  = EFAULT : Bad address
rt_sigaction02    0  [1;34mTINFO[0m  :  sa.sa_flags = SA_RESETHAND|SA_SIGINFO
rt_sigaction02   64  [1;32mTPASS[0m  :  rt_sigaction02 failure with sig: 47 as expected errno  = EFAULT : Bad address
rt_sigaction02    0  [1;34mTINFO[0m  :  sa.sa_flags = SA_NOMASK
rt_sigaction02   65  [1;32mTPASS[0m  :  rt_sigaction02 failure with sig: 47 as expected errno  = EFAULT : Bad address
rt_sigaction02    0  [1;34mTINFO[0m  :  Signal 48
rt_sigaction02    0  [1;34mTINFO[0m  :  sa.sa_flags = SA_RESETHAND|SA_SIGINFO
rt_sigaction02   66  [1;32mTPASS[0m  :  rt_sigaction02 failure with sig: 48 as expected errno  = EFAULT : Bad address
rt_sigaction02    0  [1;34mTINFO[0m  :  sa.sa_flags = SA_RESETHAND
rt_sigaction02   67  [1;32mTPASS[0m  :  rt_sigaction02 failure with sig: 48 as expected errno  = EFAULT : Bad address
rt_sigaction02    0  [1;34mTINFO[0m  :  sa.sa_flags = SA_RESETHAND|SA_SIGINFO
rt_sigaction02   68  [1;32mTPASS[0m  :  rt_sigaction02 failure with sig: 48 as expected errno  = EFAULT : Bad address
rt_sigaction02    0  [1;34mTINFO[0m  :  sa.sa_flags = SA_RESETHAND|SA_SIGINFO
rt_sigaction02   69  [1;32mTPASS[0m  :  rt_sigaction02 failure with sig: 48 as expected errno  = EFAULT : Bad address
rt_sigaction02    0  [1;34mTINFO[0m  :  sa.sa_flags = SA_NOMASK
rt_sigaction02   70  [1;32mTPASS[0m  :  rt_sigaction02 failure with sig: 48 as expected errno  = EFAULT : Bad address
rt_sigaction02    0  [1;34mTINFO[0m  :  Signal 49
rt_sigaction02    0  [1;34mTINFO[0m  :  sa.sa_flags = SA_RESETHAND|SA_SIGINFO
rt_sigaction02   71  [1;32mTPASS[0m  :  rt_sigaction02 failure with sig: 49 as expected errno  = EFAULT : Bad address
rt_sigaction02    0  [1;34mTINFO[0m  :  sa.sa_flags = SA_RESETHAND
rt_sigaction02   72  [1;32mTPASS[0m  :  rt_sigaction02 failure with sig: 49 as expected errno  = EFAULT : Bad address
rt_sigaction02    0  [1;34mTINFO[0m  :  sa.sa_flags = SA_RESETHAND|SA_SIGINFO
rt_sigaction02   73  [1;32mTPASS[0m  :  rt_sigaction02 failure with sig: 49 as expected errno  = EFAULT : Bad address
rt_sigaction02    0  [1;34mTINFO[0m  :  sa.sa_flags = SA_RESETHAND|SA_SIGINFO
rt_sigaction02   74  [1;32mTPASS[0m  :  rt_sigaction02 failure with sig: 49 as expected errno  = EFAULT : Bad address
rt_sigaction02    0  [1;34mTINFO[0m  :  sa.sa_flags = SA_NOMASK
rt_sigaction02   75  [1;32mTPASS[0m  :  rt_sigaction02 failure with sig: 49 as expected errno  = EFAULT : Bad address
rt_sigaction02    0  [1;34mTINFO[0m  :  Signal 50
rt_sigaction02    0  [1;34mTINFO[0m  :  sa.sa_flags = SA_RESETHAND|SA_SIGINFO
rt_sigaction02   76  [1;32mTPASS[0m  :  rt_sigaction02 failure with sig: 50 as expected errno  = EFAULT : Bad address
rt_sigaction02    0  [1;34mTINFO[0m  :  sa.sa_flags = SA_RESETHAND
rt_sigaction02   77  [1;32mTPASS[0m  :  rt_sigaction02 failure with sig: 50 as expected errno  = EFAULT : Bad address
rt_sigaction02    0  [1;34mTINFO[0m  :  sa.sa_flags = SA_RESETHAND|SA_SIGINFO
rt_sigaction02   78  [1;32mTPASS[0m  :  rt_sigaction02 failure with sig: 50 as expected errno  = EFAULT : Bad address
rt_sigaction02    0  [1;34mTINFO[0m  :  sa.sa_flags = SA_RESETHAND|SA_SIGINFO
rt_sigaction02   79  [1;32mTPASS[0m  :  rt_sigaction02 failure with sig: 50 as expected errno  = EFAULT : Bad address
rt_sigaction02    0  [1;34mTINFO[0m  :  sa.sa_flags = SA_NOMASK
rt_sigaction02   80  [1;32mTPASS[0m  :  rt_sigaction02 failure with sig: 50 as expected errno  = EFAULT : Bad address
rt_sigaction02    0  [1;34mTINFO[0m  :  Signal 51
rt_sigaction02    0  [1;34mTINFO[0m  :  sa.sa_flags = SA_RESETHAND|SA_SIGINFO
rt_sigaction02   81  [1;32mTPASS[0m  :  rt_sigaction02 failure with sig: 51 as expected errno  = EFAULT : Bad address
rt_sigaction02    0  [1;34mTINFO[0m  :  sa.sa_flags = SA_RESETHAND
rt_sigaction02   82  [1;32mTPASS[0m  :  rt_sigaction02 failure with sig: 51 as expected errno  = EFAULT : Bad address
rt_sigaction02    0  [1;34mTINFO[0m  :  sa.sa_flags = SA_RESETHAND|SA_SIGINFO
rt_sigaction02   83  [1;32mTPASS[0m  :  rt_sigaction02 failure with sig: 51 as expected errno  = EFAULT : Bad address
rt_sigaction02    0  [1;34mTINFO[0m  :  sa.sa_flags = SA_RESETHAND|SA_SIGINFO
rt_sigaction02   84  [1;32mTPASS[0m  :  rt_sigaction02 failure with sig: 51 as expected errno  = EFAULT : Bad address
rt_sigaction02    0  [1;34mTINFO[0m  :  sa.sa_flags = SA_NOMASK
rt_sigaction02   85  [1;32mTPASS[0m  :  rt_sigaction02 failure with sig: 51 as expected errno  = EFAULT : Bad address
rt_sigaction02    0  [1;34mTINFO[0m  :  Signal 52
rt_sigaction02    0  [1;34mTINFO[0m  :  sa.sa_flags = SA_RESETHAND|SA_SIGINFO
rt_sigaction02   86  [1;32mTPASS[0m  :  rt_sigaction02 failure with sig: 52 as expected errno  = EFAULT : Bad address
rt_sigaction02    0  [1;34mTINFO[0m  :  sa.sa_flags = SA_RESETHAND
rt_sigaction02   87  [1;32mTPASS[0m  :  rt_sigaction02 failure with sig: 52 as expected errno  = EFAULT : Bad address
rt_sigaction02    0  [1;34mTINFO[0m  :  sa.sa_flags = SA_RESETHAND|SA_SIGINFO
rt_sigaction02   88  [1;32mTPASS[0m  :  rt_sigaction02 failure with sig: 52 as expected errno  = EFAULT : Bad address
rt_sigaction02    0  [1;34mTINFO[0m  :  sa.sa_flags = SA_RESETHAND|SA_SIGINFO
rt_sigaction02   89  [1;32mTPASS[0m  :  rt_sigaction02 failure with sig: 52 as expected errno  = EFAULT : Bad address
rt_sigaction02    0  [1;34mTINFO[0m  :  sa.sa_flags = SA_NOMASK
rt_sigaction02   90  [1;32mTPASS[0m  :  rt_sigaction02 failure with sig: 52 as expected errno  = EFAULT : Bad address
rt_sigaction02    0  [1;34mTINFO[0m  :  Signal 53
rt_sigaction02    0  [1;34mTINFO[0m  :  sa.sa_flags = SA_RESETHAND|SA_SIGINFO
rt_sigaction02   91  [1;32mTPASS[0m  :  rt_sigaction02 failure with sig: 53 as expected errno  = EFAULT : Bad address
rt_sigaction02    0  [1;34mTINFO[0m  :  sa.sa_flags = SA_RESETHAND
rt_sigaction02   92  [1;32mTPASS[0m  :  rt_sigaction02 failure with sig: 53 as expected errno  = EFAULT : Bad address
rt_sigaction02    0  [1;34mTINFO[0m  :  sa.sa_flags = SA_RESETHAND|SA_SIGINFO
rt_sigaction02   93  [1;32mTPASS[0m  :  rt_sigaction02 failure with sig: 53 as expected errno  = EFAULT : Bad address
rt_sigaction02    0  [1;34mTINFO[0m  :  sa.sa_flags = SA_RESETHAND|SA_SIGINFO
rt_sigaction02   94  [1;32mTPASS[0m  :  rt_sigaction02 failure with sig: 53 as expected errno  = EFAULT : Bad address
rt_sigaction02    0  [1;34mTINFO[0m  :  sa.sa_flags = SA_NOMASK
rt_sigaction02   95  [1;32mTPASS[0m  :  rt_sigaction02 failure with sig: 53 as expected errno  = EFAULT : Bad address
rt_sigaction02    0  [1;34mTINFO[0m  :  Signal 54
rt_sigaction02    0  [1;34mTINFO[0m  :  sa.sa_flags = SA_RESETHAND|SA_SIGINFO
rt_sigaction02   96  [1;32mTPASS[0m  :  rt_sigaction02 failure with sig: 54 as expected errno  = EFAULT : Bad address
rt_sigaction02    0  [1;34mTINFO[0m  :  sa.sa_flags = SA_RESETHAND
rt_sigaction02   97  [1;32mTPASS[0m  :  rt_sigaction02 failure with sig: 54 as expected errno  = EFAULT : Bad address
rt_sigaction02    0  [1;34mTINFO[0m  :  sa.sa_flags = SA_RESETHAND|SA_SIGINFO
rt_sigaction02   98  [1;32mTPASS[0m  :  rt_sigaction02 failure with sig: 54 as expected errno  = EFAULT : Bad address
rt_sigaction02    0  [1;34mTINFO[0m  :  sa.sa_flags = SA_RESETHAND|SA_SIGINFO
rt_sigaction02   99  [1;32mTPASS[0m  :  rt_sigaction02 failure with sig: 54 as expected errno  = EFAULT : Bad address
rt_sigaction02    0  [1;34mTINFO[0m  :  sa.sa_flags = SA_NOMASK
rt_sigaction02  100  [1;32mTPASS[0m  :  rt_sigaction02 failure with sig: 54 as expected errno  = EFAULT : Bad address
rt_sigaction02    0  [1;34mTINFO[0m  :  Signal 55
rt_sigaction02    0  [1;34mTINFO[0m  :  sa.sa_flags = SA_RESETHAND|SA_SIGINFO
rt_sigaction02  101  [1;32mTPASS[0m  :  rt_sigaction02 failure with sig: 55 as expected errno  = EFAULT : Bad address
rt_sigaction02    0  [1;34mTINFO[0m  :  sa.sa_flags = SA_RESETHAND
rt_sigaction02  102  [1;32mTPASS[0m  :  rt_sigaction02 failure with sig: 55 as expected errno  = EFAULT : Bad address
rt_sigaction02    0  [1;34mTINFO[0m  :  sa.sa_flags = SA_RESETHAND|SA_SIGINFO
rt_sigaction02  103  [1;32mTPASS[0m  :  rt_sigaction02 failure with sig: 55 as expected errno  = EFAULT : Bad address
rt_sigaction02    0  [1;34mTINFO[0m  :  sa.sa_flags = SA_RESETHAND|SA_SIGINFO
rt_sigaction02  104  [1;32mTPASS[0m  :  rt_sigaction02 failure with sig: 55 as expected errno  = EFAULT : Bad address
rt_sigaction02    0  [1;34mTINFO[0m  :  sa.sa_flags = SA_NOMASK
rt_sigaction02  105  [1;32mTPASS[0m  :  rt_sigaction02 failure with sig: 55 as expected errno  = EFAULT : Bad address
rt_sigaction02    0  [1;34mTINFO[0m  :  Signal 56
rt_sigaction02    0  [1;34mTINFO[0m  :  sa.sa_flags = SA_RESETHAND|SA_SIGINFO
rt_sigaction02  106  [1;32mTPASS[0m  :  rt_sigaction02 failure with sig: 56 as expected errno  = EFAULT : Bad address
rt_sigaction02    0  [1;34mTINFO[0m  :  sa.sa_flags = SA_RESETHAND
rt_sigaction02  107  [1;32mTPASS[0m  :  rt_sigaction02 failure with sig: 56 as expected errno  = EFAULT : Bad address
rt_sigaction02    0  [1;34mTINFO[0m  :  sa.sa_flags = SA_RESETHAND|SA_SIGINFO
rt_sigaction02  108  [1;32mTPASS[0m  :  rt_sigaction02 failure with sig: 56 as expected errno  = EFAULT : Bad address
rt_sigaction02    0  [1;34mTINFO[0m  :  sa.sa_flags = SA_RESETHAND|SA_SIGINFO
rt_sigaction02  109  [1;32mTPASS[0m  :  rt_sigaction02 failure with sig: 56 as expected errno  = EFAULT : Bad address
rt_sigaction02    0  [1;34mTINFO[0m  :  sa.sa_flags = SA_NOMASK
rt_sigaction02  110  [1;32mTPASS[0m  :  rt_sigaction02 failure with sig: 56 as expected errno  = EFAULT : Bad address
rt_sigaction02    0  [1;34mTINFO[0m  :  Signal 57
rt_sigaction02    0  [1;34mTINFO[0m  :  sa.sa_flags = SA_RESETHAND|SA_SIGINFO
rt_sigaction02  111  [1;32mTPASS[0m  :  rt_sigaction02 failure with sig: 57 as expected errno  = EFAULT : Bad address
rt_sigaction02    0  [1;34mTINFO[0m  :  sa.sa_flags = SA_RESETHAND
rt_sigaction02  112  [1;32mTPASS[0m  :  rt_sigaction02 failure with sig: 57 as expected errno  = EFAULT : Bad address
rt_sigaction02    0  [1;34mTINFO[0m  :  sa.sa_flags = SA_RESETHAND|SA_SIGINFO
rt_sigaction02  113  [1;32mTPASS[0m  :  rt_sigaction02 failure with sig: 57 as expected errno  = EFAULT : Bad address
rt_sigaction02    0  [1;34mTINFO[0m  :  sa.sa_flags = SA_RESETHAND|SA_SIGINFO
rt_sigaction02  114  [1;32mTPASS[0m  :  rt_sigaction02 failure with sig: 57 as expected errno  = EFAULT : Bad address
rt_sigaction02    0  [1;34mTINFO[0m  :  sa.sa_flags = SA_NOMASK
rt_sigaction02  115  [1;32mTPASS[0m  :  rt_sigaction02 failure with sig: 57 as expected errno  = EFAULT : Bad address
rt_sigaction02    0  [1;34mTINFO[0m  :  Signal 58
rt_sigaction02    0  [1;34mTINFO[0m  :  sa.sa_flags = SA_RESETHAND|SA_SIGINFO
rt_sigaction02  116  [1;32mTPASS[0m  :  rt_sigaction02 failure with sig: 58 as expected errno  = EFAULT : Bad address
rt_sigaction02    0  [1;34mTINFO[0m  :  sa.sa_flags = SA_RESETHAND
rt_sigaction02  117  [1;32mTPASS[0m  :  rt_sigaction02 failure with sig: 58 as expected errno  = EFAULT : Bad address
rt_sigaction02    0  [1;34mTINFO[0m  :  sa.sa_flags = SA_RESETHAND|SA_SIGINFO
rt_sigaction02  118  [1;32mTPASS[0m  :  rt_sigaction02 failure with sig: 58 as expected errno  = EFAULT : Bad address
rt_sigaction02    0  [1;34mTINFO[0m  :  sa.sa_flags = SA_RESETHAND|SA_SIGINFO
rt_sigaction02  119  [1;32mTPASS[0m  :  rt_sigaction02 failure with sig: 58 as expected errno  = EFAULT : Bad address
rt_sigaction02    0  [1;34mTINFO[0m  :  sa.sa_flags = SA_NOMASK
rt_sigaction02  120  [1;32mTPASS[0m  :  rt_sigaction02 failure with sig: 58 as expected errno  = EFAULT : Bad address
rt_sigaction02    0  [1;34mTINFO[0m  :  Signal 59
rt_sigaction02    0  [1;34mTINFO[0m  :  sa.sa_flags = SA_RESETHAND|SA_SIGINFO
rt_sigaction02  121  [1;32mTPASS[0m  :  rt_sigaction02 failure with sig: 59 as expected errno  = EFAULT : Bad address
rt_sigaction02    0  [1;34mTINFO[0m  :  sa.sa_flags = SA_RESETHAND
rt_sigaction02  122  [1;32mTPASS[0m  :  rt_sigaction02 failure with sig: 59 as expected errno  = EFAULT : Bad address
rt_sigaction02    0  [1;34mTINFO[0m  :  sa.sa_flags = SA_RESETHAND|SA_SIGINFO
rt_sigaction02  123  [1;32mTPASS[0m  :  rt_sigaction02 failure with sig: 59 as expected errno  = EFAULT : Bad address
rt_sigaction02    0  [1;34mTINFO[0m  :  sa.sa_flags = SA_RESETHAND|SA_SIGINFO
rt_sigaction02  124  [1;32mTPASS[0m  :  rt_sigaction02 failure with sig: 59 as expected errno  = EFAULT : Bad address
rt_sigaction02    0  [1;34mTINFO[0m  :  sa.sa_flags = SA_NOMASK
rt_sigaction02  125  [1;32mTPASS[0m  :  rt_sigaction02 failure with sig: 59 as expected errno  = EFAULT : Bad address
rt_sigaction02    0  [1;34mTINFO[0m  :  Signal 60
rt_sigaction02    0  [1;34mTINFO[0m  :  sa.sa_flags = SA_RESETHAND|SA_SIGINFO
rt_sigaction02  126  [1;32mTPASS[0m  :  rt_sigaction02 failure with sig: 60 as expected errno  = EFAULT : Bad address
rt_sigaction02    0  [1;34mTINFO[0m  :  sa.sa_flags = SA_RESETHAND
rt_sigaction02  127  [1;32mTPASS[0m  :  rt_sigaction02 failure with sig: 60 as expected errno  = EFAULT : Bad address
rt_sigaction02    0  [1;34mTINFO[0m  :  sa.sa_flags = SA_RESETHAND|SA_SIGINFO
rt_sigaction02  128  [1;32mTPASS[0m  :  rt_sigaction02 failure with sig: 60 as expected errno  = EFAULT : Bad address
rt_sigaction02    0  [1;34mTINFO[0m  :  sa.sa_flags = SA_RESETHAND|SA_SIGINFO
rt_sigaction02  129  [1;32mTPASS[0m  :  rt_sigaction02 failure with sig: 60 as expected errno  = EFAULT : Bad address
rt_sigaction02    0  [1;34mTINFO[0m  :  sa.sa_flags = SA_NOMASK
rt_sigaction02  130  [1;32mTPASS[0m  :  rt_sigaction02 failure with sig: 60 as expected errno  = EFAULT : Bad address
rt_sigaction02    0  [1;34mTINFO[0m  :  Signal 61
rt_sigaction02    0  [1;34mTINFO[0m  :  sa.sa_flags = SA_RESETHAND|SA_SIGINFO
rt_sigaction02  131  [1;32mTPASS[0m  :  rt_sigaction02 failure with sig: 61 as expected errno  = EFAULT : Bad address
rt_sigaction02    0  [1;34mTINFO[0m  :  sa.sa_flags = SA_RESETHAND
rt_sigaction02  132  [1;32mTPASS[0m  :  rt_sigaction02 failure with sig: 61 as expected errno  = EFAULT : Bad address
rt_sigaction02    0  [1;34mTINFO[0m  :  sa.sa_flags = SA_RESETHAND|SA_SIGINFO
rt_sigaction02  133  [1;32mTPASS[0m  :  rt_sigaction02 failure with sig: 61 as expected errno  = EFAULT : Bad address
rt_sigaction02    0  [1;34mTINFO[0m  :  sa.sa_flags = SA_RESETHAND|SA_SIGINFO
rt_sigaction02  134  [1;32mTPASS[0m  :  rt_sigaction02 failure with sig: 61 as expected errno  = EFAULT : Bad address
rt_sigaction02    0  [1;34mTINFO[0m  :  sa.sa_flags = SA_NOMASK
rt_sigaction02  135  [1;32mTPASS[0m  :  rt_sigaction02 failure with sig: 61 as expected errno  = EFAULT : Bad address
rt_sigaction02    0  [1;34mTINFO[0m  :  Signal 62
rt_sigaction02    0  [1;34mTINFO[0m  :  sa.sa_flags = SA_RESETHAND|SA_SIGINFO
rt_sigaction02  136  [1;32mTPASS[0m  :  rt_sigaction02 failure with sig: 62 as expected errno  = EFAULT : Bad address
rt_sigaction02    0  [1;34mTINFO[0m  :  sa.sa_flags = SA_RESETHAND
rt_sigaction02  137  [1;32mTPASS[0m  :  rt_sigaction02 failure with sig: 62 as expected errno  = EFAULT : Bad address
rt_sigaction02    0  [1;34mTINFO[0m  :  sa.sa_flags = SA_RESETHAND|SA_SIGINFO
rt_sigaction02  138  [1;32mTPASS[0m  :  rt_sigaction02 failure with sig: 62 as expected errno  = EFAULT : Bad address
rt_sigaction02    0  [1;34mTINFO[0m  :  sa.sa_flags = SA_RESETHAND|SA_SIGINFO
rt_sigaction02  139  [1;32mTPASS[0m  :  rt_sigaction02 failure with sig: 62 as expected errno  = EFAULT : Bad address
rt_sigaction02    0  [1;34mTINFO[0m  :  sa.sa_flags = SA_NOMASK
rt_sigaction02  140  [1;32mTPASS[0m  :  rt_sigaction02 failure with sig: 62 as expected errno  = EFAULT : Bad address
rt_sigaction02    0  [1;34mTINFO[0m  :  Signal 63
rt_sigaction02    0  [1;34mTINFO[0m  :  sa.sa_flags = SA_RESETHAND|SA_SIGINFO
rt_sigaction02  141  [1;32mTPASS[0m  :  rt_sigaction02 failure with sig: 63 as expected errno  = EFAULT : Bad address
rt_sigaction02    0  [1;34mTINFO[0m  :  sa.sa_flags = SA_RESETHAND
rt_sigaction02  142  [1;32mTPASS[0m  :  rt_sigaction02 failure with sig: 63 as expected errno  = EFAULT : Bad address
rt_sigaction02    0  [1;34mTINFO[0m  :  sa.sa_flags = SA_RESETHAND|SA_SIGINFO
rt_sigaction02  143  [1;32mTPASS[0m  :  rt_sigaction02 failure with sig: 63 as expected errno  = EFAULT : Bad address
rt_sigaction02    0  [1;34mTINFO[0m  :  sa.sa_flags = SA_RESETHAND|SA_SIGINFO
rt_sigaction02  144  [1;32mTPASS[0m  :  rt_sigaction02 failure with sig: 63 as expected errno  = EFAULT : Bad address
rt_sigaction02    0  [1;34mTINFO[0m  :  sa.sa_flags = SA_NOMASK
rt_sigaction02  145  [1;32mTPASS[0m  :  rt_sigaction02 failure with sig: 63 as expected errno  = EFAULT : Bad address
rt_sigaction02    0  [1;34mTINFO[0m  :  Signal 64
rt_sigaction02    0  [1;34mTINFO[0m  :  sa.sa_flags = SA_RESETHAND|SA_SIGINFO
rt_sigaction02  146  [1;32mTPASS[0m  :  rt_sigaction02 failure with sig: 64 as expected errno  = EFAULT : Bad address
rt_sigaction02    0  [1;34mTINFO[0m  :  sa.sa_flags = SA_RESETHAND
rt_sigaction02  147  [1;32mTPASS[0m  :  rt_sigaction02 failure with sig: 64 as expected errno  = EFAULT : Bad address
rt_sigaction02    0  [1;34mTINFO[0m  :  sa.sa_flags = SA_RESETHAND|SA_SIGINFO
rt_sigaction02  148  [1;32mTPASS[0m  :  rt_sigaction02 failure with sig: 64 as expected errno  = EFAULT : Bad address
rt_sigaction02    0  [1;34mTINFO[0m  :  sa.sa_flags = SA_RESETHAND|SA_SIGINFO
rt_sigaction02  149  [1;32mTPASS[0m  :  rt_sigaction02 failure with sig: 64 as expected errno  = EFAULT : Bad address
rt_sigaction02    0  [1;34mTINFO[0m  :  sa.sa_flags = SA_NOMASK
rt_sigaction02  150  [1;32mTPASS[0m  :  rt_sigaction02 failure with sig: 64 as expected errno  = EFAULT : Bad address
[37m[ 12.296419 0:29 axfs::root:433] [33m[AxError::IsADirectory][m
[mFAIL LTP CASE rt_sigaction02 : 0
Pass!
LTP MEMORY rt_sigaction02 after_run: free_frames=192240 allocated_frames=3926
LTP MEMORY rt_sigaction02 after_cleanup: free_frames=192240 allocated_frames=3926
LTP CASE RUNTIME rt_sigaction02: 1862 ms
========== END ltp rt_sigaction02 ==========
========== START ltp uname04 ==========
RUN LTP CASE uname04
LTP MEMORY uname04 before: free_frames=192240 allocated_frames=3926
tst_memutils.c:152: [1;34mTINFO: [0moom_score_adj does not exist, skipping the adjustment
tst_test.c:1733: [1;34mTINFO: [0mLTP version: 20240524
tst_test.c:1617: [1;34mTINFO: [0mTimeout per run is 0h 00m 30s
tst_memutils.c:152: [1;34mTINFO: [0moom_score_adj does not exist, skipping the adjustment
uname04.c:70: [1;34mTINFO: [0mCalling uname with default personality
uname04.c:62: [1;32mTPASS: [0mNo bytes leaked
uname04.c:73: [1;34mTINFO: [0mCalling uname with UNAME26 personality
uname04.c:62: [1;32mTPASS: [0mNo bytes leaked

Summary:
passed   2
failed   0
broken   0
skipped  0
warnings 0
[37m[ 13.654139 0:30 axfs::root:433] [33m[AxError::IsADirectory][m
[mFAIL LTP CASE uname04 : 0
Pass!
LTP MEMORY uname04 after_run: free_frames=192224 allocated_frames=3942
LTP MEMORY uname04 after_cleanup: free_frames=192224 allocated_frames=3942
LTP CASE RUNTIME uname04: 1322 ms
========== END ltp uname04 ==========
ltp cases: 10 passed, 1 failed, 0 timed out
#### OS COMP TEST GROUP END ltp-musl ####
#### OS COMP TEST GROUP START ltp-glibc ####
ltp case list: inline (11 cases, timeout 15s)
========== START ltp getsid01 ==========
RUN LTP CASE getsid01
LTP MEMORY getsid01 before: free_frames=192224 allocated_frames=3942
tst_memutils.c:152: TINFO: oom_score_adj does not exist, skipping the adjustment
tst_test.c:1733: TINFO: LTP version: 20240524
tst_test.c:1617: TINFO: Timeout per run is 0h 00m 30s
tst_memutils.c:152: TINFO: oom_score_adj does not exist, skipping the adjustment
getsid01.c:41: TPASS: p_sid == c_sid (34)

Summary:
passed   1
failed   0
broken   0
skipped  0
warnings 0
[37m[ 15.835079 0:34 axfs::root:433] [33m[AxError::IsADirectory][m
[mFAIL LTP CASE getsid01 : 0
Pass!
LTP MEMORY getsid01 after_run: free_frames=192194 allocated_frames=3972
LTP MEMORY getsid01 after_cleanup: free_frames=192194 allocated_frames=3972
LTP CASE RUNTIME getsid01: 2140 ms
========== END ltp getsid01 ==========
========== START ltp getresuid01 ==========
RUN LTP CASE getresuid01
LTP MEMORY getresuid01 before: free_frames=192194 allocated_frames=3972
getresuid01    1  TPASS  :  Functionality of getresuid() successful
FAIL LTP CASE getresuid01 : 0
Pass!
LTP MEMORY getresuid01 after_run: free_frames=192182 allocated_frames=3984
LTP MEMORY getresuid01 after_cleanup: free_frames=192182 allocated_frames=3984
LTP CASE RUNTIME getresuid01: 2111 ms
========== END ltp getresuid01 ==========
========== START ltp getresuid02 ==========
RUN LTP CASE getresuid02
LTP MEMORY getresuid02 before: free_frames=192182 allocated_frames=3984
getresuid02    1  TPASS  :  Functionality of getresuid() successful
FAIL LTP CASE getresuid02 : 0
Pass!
LTP MEMORY getresuid02 after_run: free_frames=192170 allocated_frames=3996
LTP MEMORY getresuid02 after_cleanup: free_frames=192170 allocated_frames=3996
LTP CASE RUNTIME getresuid02: 1998 ms
========== END ltp getresuid02 ==========
========== START ltp getresuid03 ==========
RUN LTP CASE getresuid03
LTP MEMORY getresuid03 before: free_frames=192170 allocated_frames=3996
getresuid03    1  TPASS  :  Functionality of getresuid() successful
FAIL LTP CASE getresuid03 : 0
Pass!
LTP MEMORY getresuid03 after_run: free_frames=192158 allocated_frames=4008
LTP MEMORY getresuid03 after_cleanup: free_frames=192158 allocated_frames=4008
LTP CASE RUNTIME getresuid03: 2219 ms
========== END ltp getresuid03 ==========
========== START ltp getresgid01 ==========
RUN LTP CASE getresgid01
LTP MEMORY getresgid01 before: free_frames=192158 allocated_frames=4008
getresgid01    1  TPASS  :  Functionality of getresgid() successful
FAIL LTP CASE getresgid01 : 0
Pass!
LTP MEMORY getresgid01 after_run: free_frames=192146 allocated_frames=4020
LTP MEMORY getresgid01 after_cleanup: free_frames=192146 allocated_frames=4020
LTP CASE RUNTIME getresgid01: 2198 ms
========== END ltp getresgid01 ==========
========== START ltp getresgid02 ==========
RUN LTP CASE getresgid02
LTP MEMORY getresgid02 before: free_frames=192146 allocated_frames=4020
getresgid02    1  TPASS  :  Functionality of getresgid() successful
FAIL LTP CASE getresgid02 : 0
Pass!
LTP MEMORY getresgid02 after_run: free_frames=192134 allocated_frames=4032
LTP MEMORY getresgid02 after_cleanup: free_frames=192134 allocated_frames=4032
LTP CASE RUNTIME getresgid02: 2083 ms
========== END ltp getresgid02 ==========
========== START ltp getresgid03 ==========
RUN LTP CASE getresgid03
LTP MEMORY getresgid03 before: free_frames=192134 allocated_frames=4032
getresgid03    1  TPASS  :  Functionality of getresgid() successful
FAIL LTP CASE getresgid03 : 0
Pass!
LTP MEMORY getresgid03 after_run: free_frames=192122 allocated_frames=4044
LTP MEMORY getresgid03 after_cleanup: free_frames=192122 allocated_frames=4044
LTP CASE RUNTIME getresgid03: 2008 ms
========== END ltp getresgid03 ==========
========== START ltp sched_getscheduler01 ==========
RUN LTP CASE sched_getscheduler01
LTP MEMORY sched_getscheduler01 before: free_frames=192122 allocated_frames=4044
tst_memutils.c:152: TINFO: oom_score_adj does not exist, skipping the adjustment
tst_test.c:1733: TINFO: LTP version: 20240524
tst_test.c:1617: TINFO: Timeout per run is 0h 00m 30s
tst_memutils.c:152: TINFO: oom_score_adj does not exist, skipping the adjustment
sched_getscheduler01.c:58: TINFO: Testing libc variant
sched_getscheduler01.c:51: TPASS: got expected policy 2
sched_getscheduler01.c:51: TPASS: got expected policy 0
sched_getscheduler01.c:51: TPASS: got expected policy 1
tst_memutils.c:152: TINFO: oom_score_adj does not exist, skipping the adjustment
sched_getscheduler01.c:58: TINFO: Testing syscall variant
sched_getscheduler01.c:51: TPASS: got expected policy 2
sched_getscheduler01.c:51: TPASS: got expected policy 0
sched_getscheduler01.c:51: TPASS: got expected policy 1

Summary:
passed   6
failed   0
broken   0
skipped  0
warnings 0
[37m[ 30.588059 0:46 axfs::root:433] [33m[AxError::IsADirectory][m
[mFAIL LTP CASE sched_getscheduler01 : 0
Pass!
LTP MEMORY sched_getscheduler01 after_run: free_frames=192092 allocated_frames=4074
LTP MEMORY sched_getscheduler01 after_cleanup: free_frames=192092 allocated_frames=4074
LTP CASE RUNTIME sched_getscheduler01: 2113 ms
========== END ltp sched_getscheduler01 ==========
========== START ltp sched_getscheduler02 ==========
RUN LTP CASE sched_getscheduler02
LTP MEMORY sched_getscheduler02 before: free_frames=192092 allocated_frames=4074
tst_memutils.c:152: TINFO: oom_score_adj does not exist, skipping the adjustment
tst_test.c:1733: TINFO: LTP version: 20240524
tst_test.c:1617: TINFO: Timeout per run is 0h 00m 30s
tst_memutils.c:152: TINFO: oom_score_adj does not exist, skipping the adjustment
sched_getscheduler02.c:23: TINFO: Testing libc variant
sched_getscheduler02.c:32: TPASS: sched_getscheduler(4194304) : ESRCH (3)
tst_memutils.c:152: TINFO: oom_score_adj does not exist, skipping the adjustment
sched_getscheduler02.c:23: TINFO: Testing syscall variant
sched_getscheduler02.c:32: TPASS: sched_getscheduler(4194304) : ESRCH (3)

Summary:
passed   2
failed   0
broken   0
skipped  0
warnings 0
[37m[ 32.771898 0:53 axfs::root:433] [33m[AxError::IsADirectory][m
[mFAIL LTP CASE sched_getscheduler02 : 0
Pass!
LTP MEMORY sched_getscheduler02 after_run: free_frames=192062 allocated_frames=4104
LTP MEMORY sched_getscheduler02 after_cleanup: free_frames=192062 allocated_frames=4104
LTP CASE RUNTIME sched_getscheduler02: 2184 ms
========== END ltp sched_getscheduler02 ==========
========== START ltp rt_sigaction02 ==========
RUN LTP CASE rt_sigaction02
LTP MEMORY rt_sigaction02 before: free_frames=192062 allocated_frames=4104
rt_sigaction02    0  TINFO  :  Signal 34
rt_sigaction02    0  TINFO  :  sa.sa_flags = SA_RESETHAND|SA_SIGINFO
rt_sigaction02    1  TPASS  :  rt_sigaction02 failure with sig: 34 as expected errno  = EFAULT : Bad address
rt_sigaction02    0  TINFO  :  sa.sa_flags = SA_RESETHAND
rt_sigaction02    2  TPASS  :  rt_sigaction02 failure with sig: 34 as expected errno  = EFAULT : Bad address
rt_sigaction02    0  TINFO  :  sa.sa_flags = SA_RESETHAND|SA_SIGINFO
rt_sigaction02    3  TPASS  :  rt_sigaction02 failure with sig: 34 as expected errno  = EFAULT : Bad address
rt_sigaction02    0  TINFO  :  sa.sa_flags = SA_RESETHAND|SA_SIGINFO
rt_sigaction02    4  TPASS  :  rt_sigaction02 failure with sig: 34 as expected errno  = EFAULT : Bad address
rt_sigaction02    0  TINFO  :  sa.sa_flags = SA_NOMASK
rt_sigaction02    5  TPASS  :  rt_sigaction02 failure with sig: 34 as expected errno  = EFAULT : Bad address
rt_sigaction02    0  TINFO  :  Signal 35
rt_sigaction02    0  TINFO  :  sa.sa_flags = SA_RESETHAND|SA_SIGINFO
rt_sigaction02    6  TPASS  :  rt_sigaction02 failure with sig: 35 as expected errno  = EFAULT : Bad address
rt_sigaction02    0  TINFO  :  sa.sa_flags = SA_RESETHAND
rt_sigaction02    7  TPASS  :  rt_sigaction02 failure with sig: 35 as expected errno  = EFAULT : Bad address
rt_sigaction02    0  TINFO  :  sa.sa_flags = SA_RESETHAND|SA_SIGINFO
rt_sigaction02    8  TPASS  :  rt_sigaction02 failure with sig: 35 as expected errno  = EFAULT : Bad address
rt_sigaction02    0  TINFO  :  sa.sa_flags = SA_RESETHAND|SA_SIGINFO
rt_sigaction02    9  TPASS  :  rt_sigaction02 failure with sig: 35 as expected errno  = EFAULT : Bad address
rt_sigaction02    0  TINFO  :  sa.sa_flags = SA_NOMASK
rt_sigaction02   10  TPASS  :  rt_sigaction02 failure with sig: 35 as expected errno  = EFAULT : Bad address
rt_sigaction02    0  TINFO  :  Signal 36
rt_sigaction02    0  TINFO  :  sa.sa_flags = SA_RESETHAND|SA_SIGINFO
rt_sigaction02   11  TPASS  :  rt_sigaction02 failure with sig: 36 as expected errno  = EFAULT : Bad address
rt_sigaction02    0  TINFO  :  sa.sa_flags = SA_RESETHAND
rt_sigaction02   12  TPASS  :  rt_sigaction02 failure with sig: 36 as expected errno  = EFAULT : Bad address
rt_sigaction02    0  TINFO  :  sa.sa_flags = SA_RESETHAND|SA_SIGINFO
rt_sigaction02   13  TPASS  :  rt_sigaction02 failure with sig: 36 as expected errno  = EFAULT : Bad address
rt_sigaction02    0  TINFO  :  sa.sa_flags = SA_RESETHAND|SA_SIGINFO
rt_sigaction02   14  TPASS  :  rt_sigaction02 failure with sig: 36 as expected errno  = EFAULT : Bad address
rt_sigaction02    0  TINFO  :  sa.sa_flags = SA_NOMASK
rt_sigaction02   15  TPASS  :  rt_sigaction02 failure with sig: 36 as expected errno  = EFAULT : Bad address
rt_sigaction02    0  TINFO  :  Signal 37
rt_sigaction02    0  TINFO  :  sa.sa_flags = SA_RESETHAND|SA_SIGINFO
rt_sigaction02   16  TPASS  :  rt_sigaction02 failure with sig: 37 as expected errno  = EFAULT : Bad address
rt_sigaction02    0  TINFO  :  sa.sa_flags = SA_RESETHAND
rt_sigaction02   17  TPASS  :  rt_sigaction02 failure with sig: 37 as expected errno  = EFAULT : Bad address
rt_sigaction02    0  TINFO  :  sa.sa_flags = SA_RESETHAND|SA_SIGINFO
rt_sigaction02   18  TPASS  :  rt_sigaction02 failure with sig: 37 as expected errno  = EFAULT : Bad address
rt_sigaction02    0  TINFO  :  sa.sa_flags = SA_RESETHAND|SA_SIGINFO
rt_sigaction02   19  TPASS  :  rt_sigaction02 failure with sig: 37 as expected errno  = EFAULT : Bad address
rt_sigaction02    0  TINFO  :  sa.sa_flags = SA_NOMASK
rt_sigaction02   20  TPASS  :  rt_sigaction02 failure with sig: 37 as expected errno  = EFAULT : Bad address
rt_sigaction02    0  TINFO  :  Signal 38
rt_sigaction02    0  TINFO  :  sa.sa_flags = SA_RESETHAND|SA_SIGINFO
rt_sigaction02   21  TPASS  :  rt_sigaction02 failure with sig: 38 as expected errno  = EFAULT : Bad address
rt_sigaction02    0  TINFO  :  sa.sa_flags = SA_RESETHAND
rt_sigaction02   22  TPASS  :  rt_sigaction02 failure with sig: 38 as expected errno  = EFAULT : Bad address
rt_sigaction02    0  TINFO  :  sa.sa_flags = SA_RESETHAND|SA_SIGINFO
rt_sigaction02   23  TPASS  :  rt_sigaction02 failure with sig: 38 as expected errno  = EFAULT : Bad address
rt_sigaction02    0  TINFO  :  sa.sa_flags = SA_RESETHAND|SA_SIGINFO
rt_sigaction02   24  TPASS  :  rt_sigaction02 failure with sig: 38 as expected errno  = EFAULT : Bad address
rt_sigaction02    0  TINFO  :  sa.sa_flags = SA_NOMASK
rt_sigaction02   25  TPASS  :  rt_sigaction02 failure with sig: 38 as expected errno  = EFAULT : Bad address
rt_sigaction02    0  TINFO  :  Signal 39
rt_sigaction02    0  TINFO  :  sa.sa_flags = SA_RESETHAND|SA_SIGINFO
rt_sigaction02   26  TPASS  :  rt_sigaction02 failure with sig: 39 as expected errno  = EFAULT : Bad address
rt_sigaction02    0  TINFO  :  sa.sa_flags = SA_RESETHAND
rt_sigaction02   27  TPASS  :  rt_sigaction02 failure with sig: 39 as expected errno  = EFAULT : Bad address
rt_sigaction02    0  TINFO  :  sa.sa_flags = SA_RESETHAND|SA_SIGINFO
rt_sigaction02   28  TPASS  :  rt_sigaction02 failure with sig: 39 as expected errno  = EFAULT : Bad address
rt_sigaction02    0  TINFO  :  sa.sa_flags = SA_RESETHAND|SA_SIGINFO
rt_sigaction02   29  TPASS  :  rt_sigaction02 failure with sig: 39 as expected errno  = EFAULT : Bad address
rt_sigaction02    0  TINFO  :  sa.sa_flags = SA_NOMASK
rt_sigaction02   30  TPASS  :  rt_sigaction02 failure with sig: 39 as expected errno  = EFAULT : Bad address
rt_sigaction02    0  TINFO  :  Signal 40
rt_sigaction02    0  TINFO  :  sa.sa_flags = SA_RESETHAND|SA_SIGINFO
rt_sigaction02   31  TPASS  :  rt_sigaction02 failure with sig: 40 as expected errno  = EFAULT : Bad address
rt_sigaction02    0  TINFO  :  sa.sa_flags = SA_RESETHAND
rt_sigaction02   32  TPASS  :  rt_sigaction02 failure with sig: 40 as expected errno  = EFAULT : Bad address
rt_sigaction02    0  TINFO  :  sa.sa_flags = SA_RESETHAND|SA_SIGINFO
rt_sigaction02   33  TPASS  :  rt_sigaction02 failure with sig: 40 as expected errno  = EFAULT : Bad address
rt_sigaction02    0  TINFO  :  sa.sa_flags = SA_RESETHAND|SA_SIGINFO
rt_sigaction02   34  TPASS  :  rt_sigaction02 failure with sig: 40 as expected errno  = EFAULT : Bad address
rt_sigaction02    0  TINFO  :  sa.sa_flags = SA_NOMASK
rt_sigaction02   35  TPASS  :  rt_sigaction02 failure with sig: 40 as expected errno  = EFAULT : Bad address
rt_sigaction02    0  TINFO  :  Signal 41
rt_sigaction02    0  TINFO  :  sa.sa_flags = SA_RESETHAND|SA_SIGINFO
rt_sigaction02   36  TPASS  :  rt_sigaction02 failure with sig: 41 as expected errno  = EFAULT : Bad address
rt_sigaction02    0  TINFO  :  sa.sa_flags = SA_RESETHAND
rt_sigaction02   37  TPASS  :  rt_sigaction02 failure with sig: 41 as expected errno  = EFAULT : Bad address
rt_sigaction02    0  TINFO  :  sa.sa_flags = SA_RESETHAND|SA_SIGINFO
rt_sigaction02   38  TPASS  :  rt_sigaction02 failure with sig: 41 as expected errno  = EFAULT : Bad address
rt_sigaction02    0  TINFO  :  sa.sa_flags = SA_RESETHAND|SA_SIGINFO
rt_sigaction02   39  TPASS  :  rt_sigaction02 failure with sig: 41 as expected errno  = EFAULT : Bad address
rt_sigaction02    0  TINFO  :  sa.sa_flags = SA_NOMASK
rt_sigaction02   40  TPASS  :  rt_sigaction02 failure with sig: 41 as expected errno  = EFAULT : Bad address
rt_sigaction02    0  TINFO  :  Signal 42
rt_sigaction02    0  TINFO  :  sa.sa_flags = SA_RESETHAND|SA_SIGINFO
rt_sigaction02   41  TPASS  :  rt_sigaction02 failure with sig: 42 as expected errno  = EFAULT : Bad address
rt_sigaction02    0  TINFO  :  sa.sa_flags = SA_RESETHAND
rt_sigaction02   42  TPASS  :  rt_sigaction02 failure with sig: 42 as expected errno  = EFAULT : Bad address
rt_sigaction02    0  TINFO  :  sa.sa_flags = SA_RESETHAND|SA_SIGINFO
rt_sigaction02   43  TPASS  :  rt_sigaction02 failure with sig: 42 as expected errno  = EFAULT : Bad address
rt_sigaction02    0  TINFO  :  sa.sa_flags = SA_RESETHAND|SA_SIGINFO
rt_sigaction02   44  TPASS  :  rt_sigaction02 failure with sig: 42 as expected errno  = EFAULT : Bad address
rt_sigaction02    0  TINFO  :  sa.sa_flags = SA_NOMASK
rt_sigaction02   45  TPASS  :  rt_sigaction02 failure with sig: 42 as expected errno  = EFAULT : Bad address
rt_sigaction02    0  TINFO  :  Signal 43
rt_sigaction02    0  TINFO  :  sa.sa_flags = SA_RESETHAND|SA_SIGINFO
rt_sigaction02   46  TPASS  :  rt_sigaction02 failure with sig: 43 as expected errno  = EFAULT : Bad address
rt_sigaction02    0  TINFO  :  sa.sa_flags = SA_RESETHAND
rt_sigaction02   47  TPASS  :  rt_sigaction02 failure with sig: 43 as expected errno  = EFAULT : Bad address
rt_sigaction02    0  TINFO  :  sa.sa_flags = SA_RESETHAND|SA_SIGINFO
rt_sigaction02   48  TPASS  :  rt_sigaction02 failure with sig: 43 as expected errno  = EFAULT : Bad address
rt_sigaction02    0  TINFO  :  sa.sa_flags = SA_RESETHAND|SA_SIGINFO
rt_sigaction02   49  TPASS  :  rt_sigaction02 failure with sig: 43 as expected errno  = EFAULT : Bad address
rt_sigaction02    0  TINFO  :  sa.sa_flags = SA_NOMASK
rt_sigaction02   50  TPASS  :  rt_sigaction02 failure with sig: 43 as expected errno  = EFAULT : Bad address
rt_sigaction02    0  TINFO  :  Signal 44
rt_sigaction02    0  TINFO  :  sa.sa_flags = SA_RESETHAND|SA_SIGINFO
rt_sigaction02   51  TPASS  :  rt_sigaction02 failure with sig: 44 as expected errno  = EFAULT : Bad address
rt_sigaction02    0  TINFO  :  sa.sa_flags = SA_RESETHAND
rt_sigaction02   52  TPASS  :  rt_sigaction02 failure with sig: 44 as expected errno  = EFAULT : Bad address
rt_sigaction02    0  TINFO  :  sa.sa_flags = SA_RESETHAND|SA_SIGINFO
rt_sigaction02   53  TPASS  :  rt_sigaction02 failure with sig: 44 as expected errno  = EFAULT : Bad address
rt_sigaction02    0  TINFO  :  sa.sa_flags = SA_RESETHAND|SA_SIGINFO
rt_sigaction02   54  TPASS  :  rt_sigaction02 failure with sig: 44 as expected errno  = EFAULT : Bad address
rt_sigaction02    0  TINFO  :  sa.sa_flags = SA_NOMASK
rt_sigaction02   55  TPASS  :  rt_sigaction02 failure with sig: 44 as expected errno  = EFAULT : Bad address
rt_sigaction02    0  TINFO  :  Signal 45
rt_sigaction02    0  TINFO  :  sa.sa_flags = SA_RESETHAND|SA_SIGINFO
rt_sigaction02   56  TPASS  :  rt_sigaction02 failure with sig: 45 as expected errno  = EFAULT : Bad address
rt_sigaction02    0  TINFO  :  sa.sa_flags = SA_RESETHAND
rt_sigaction02   57  TPASS  :  rt_sigaction02 failure with sig: 45 as expected errno  = EFAULT : Bad address
rt_sigaction02    0  TINFO  :  sa.sa_flags = SA_RESETHAND|SA_SIGINFO
rt_sigaction02   58  TPASS  :  rt_sigaction02 failure with sig: 45 as expected errno  = EFAULT : Bad address
rt_sigaction02    0  TINFO  :  sa.sa_flags = SA_RESETHAND|SA_SIGINFO
rt_sigaction02   59  TPASS  :  rt_sigaction02 failure with sig: 45 as expected errno  = EFAULT : Bad address
rt_sigaction02    0  TINFO  :  sa.sa_flags = SA_NOMASK
rt_sigaction02   60  TPASS  :  rt_sigaction02 failure with sig: 45 as expected errno  = EFAULT : Bad address
rt_sigaction02    0  TINFO  :  Signal 46
rt_sigaction02    0  TINFO  :  sa.sa_flags = SA_RESETHAND|SA_SIGINFO
rt_sigaction02   61  TPASS  :  rt_sigaction02 failure with sig: 46 as expected errno  = EFAULT : Bad address
rt_sigaction02    0  TINFO  :  sa.sa_flags = SA_RESETHAND
rt_sigaction02   62  TPASS  :  rt_sigaction02 failure with sig: 46 as expected errno  = EFAULT : Bad address
rt_sigaction02    0  TINFO  :  sa.sa_flags = SA_RESETHAND|SA_SIGINFO
rt_sigaction02   63  TPASS  :  rt_sigaction02 failure with sig: 46 as expected errno  = EFAULT : Bad address
rt_sigaction02    0  TINFO  :  sa.sa_flags = SA_RESETHAND|SA_SIGINFO
rt_sigaction02   64  TPASS  :  rt_sigaction02 failure with sig: 46 as expected errno  = EFAULT : Bad address
rt_sigaction02    0  TINFO  :  sa.sa_flags = SA_NOMASK
rt_sigaction02   65  TPASS  :  rt_sigaction02 failure with sig: 46 as expected errno  = EFAULT : Bad address
rt_sigaction02    0  TINFO  :  Signal 47
rt_sigaction02    0  TINFO  :  sa.sa_flags = SA_RESETHAND|SA_SIGINFO
rt_sigaction02   66  TPASS  :  rt_sigaction02 failure with sig: 47 as expected errno  = EFAULT : Bad address
rt_sigaction02    0  TINFO  :  sa.sa_flags = SA_RESETHAND
rt_sigaction02   67  TPASS  :  rt_sigaction02 failure with sig: 47 as expected errno  = EFAULT : Bad address
rt_sigaction02    0  TINFO  :  sa.sa_flags = SA_RESETHAND|SA_SIGINFO
rt_sigaction02   68  TPASS  :  rt_sigaction02 failure with sig: 47 as expected errno  = EFAULT : Bad address
rt_sigaction02    0  TINFO  :  sa.sa_flags = SA_RESETHAND|SA_SIGINFO
rt_sigaction02   69  TPASS  :  rt_sigaction02 failure with sig: 47 as expected errno  = EFAULT : Bad address
rt_sigaction02    0  TINFO  :  sa.sa_flags = SA_NOMASK
rt_sigaction02   70  TPASS  :  rt_sigaction02 failure with sig: 47 as expected errno  = EFAULT : Bad address
rt_sigaction02    0  TINFO  :  Signal 48
rt_sigaction02    0  TINFO  :  sa.sa_flags = SA_RESETHAND|SA_SIGINFO
rt_sigaction02   71  TPASS  :  rt_sigaction02 failure with sig: 48 as expected errno  = EFAULT : Bad address
rt_sigaction02    0  TINFO  :  sa.sa_flags = SA_RESETHAND
rt_sigaction02   72  TPASS  :  rt_sigaction02 failure with sig: 48 as expected errno  = EFAULT : Bad address
rt_sigaction02    0  TINFO  :  sa.sa_flags = SA_RESETHAND|SA_SIGINFO
rt_sigaction02   73  TPASS  :  rt_sigaction02 failure with sig: 48 as expected errno  = EFAULT : Bad address
rt_sigaction02    0  TINFO  :  sa.sa_flags = SA_RESETHAND|SA_SIGINFO
rt_sigaction02   74  TPASS  :  rt_sigaction02 failure with sig: 48 as expected errno  = EFAULT : Bad address
rt_sigaction02    0  TINFO  :  sa.sa_flags = SA_NOMASK
rt_sigaction02   75  TPASS  :  rt_sigaction02 failure with sig: 48 as expected errno  = EFAULT : Bad address
rt_sigaction02    0  TINFO  :  Signal 49
rt_sigaction02    0  TINFO  :  sa.sa_flags = SA_RESETHAND|SA_SIGINFO
rt_sigaction02   76  TPASS  :  rt_sigaction02 failure with sig: 49 as expected errno  = EFAULT : Bad address
rt_sigaction02    0  TINFO  :  sa.sa_flags = SA_RESETHAND
rt_sigaction02   77  TPASS  :  rt_sigaction02 failure with sig: 49 as expected errno  = EFAULT : Bad address
rt_sigaction02    0  TINFO  :  sa.sa_flags = SA_RESETHAND|SA_SIGINFO
rt_sigaction02   78  TPASS  :  rt_sigaction02 failure with sig: 49 as expected errno  = EFAULT : Bad address
rt_sigaction02    0  TINFO  :  sa.sa_flags = SA_RESETHAND|SA_SIGINFO
rt_sigaction02   79  TPASS  :  rt_sigaction02 failure with sig: 49 as expected errno  = EFAULT : Bad address
rt_sigaction02    0  TINFO  :  sa.sa_flags = SA_NOMASK
rt_sigaction02   80  TPASS  :  rt_sigaction02 failure with sig: 49 as expected errno  = EFAULT : Bad address
rt_sigaction02    0  TINFO  :  Signal 50
rt_sigaction02    0  TINFO  :  sa.sa_flags = SA_RESETHAND|SA_SIGINFO
rt_sigaction02   81  TPASS  :  rt_sigaction02 failure with sig: 50 as expected errno  = EFAULT : Bad address
rt_sigaction02    0  TINFO  :  sa.sa_flags = SA_RESETHAND
rt_sigaction02   82  TPASS  :  rt_sigaction02 failure with sig: 50 as expected errno  = EFAULT : Bad address
rt_sigaction02    0  TINFO  :  sa.sa_flags = SA_RESETHAND|SA_SIGINFO
rt_sigaction02   83  TPASS  :  rt_sigaction02 failure with sig: 50 as expected errno  = EFAULT : Bad address
rt_sigaction02    0  TINFO  :  sa.sa_flags = SA_RESETHAND|SA_SIGINFO
rt_sigaction02   84  TPASS  :  rt_sigaction02 failure with sig: 50 as expected errno  = EFAULT : Bad address
rt_sigaction02    0  TINFO  :  sa.sa_flags = SA_NOMASK
rt_sigaction02   85  TPASS  :  rt_sigaction02 failure with sig: 50 as expected errno  = EFAULT : Bad address
rt_sigaction02    0  TINFO  :  Signal 51
rt_sigaction02    0  TINFO  :  sa.sa_flags = SA_RESETHAND|SA_SIGINFO
rt_sigaction02   86  TPASS  :  rt_sigaction02 failure with sig: 51 as expected errno  = EFAULT : Bad address
rt_sigaction02    0  TINFO  :  sa.sa_flags = SA_RESETHAND
rt_sigaction02   87  TPASS  :  rt_sigaction02 failure with sig: 51 as expected errno  = EFAULT : Bad address
rt_sigaction02    0  TINFO  :  sa.sa_flags = SA_RESETHAND|SA_SIGINFO
rt_sigaction02   88  TPASS  :  rt_sigaction02 failure with sig: 51 as expected errno  = EFAULT : Bad address
rt_sigaction02    0  TINFO  :  sa.sa_flags = SA_RESETHAND|SA_SIGINFO
rt_sigaction02   89  TPASS  :  rt_sigaction02 failure with sig: 51 as expected errno  = EFAULT : Bad address
rt_sigaction02    0  TINFO  :  sa.sa_flags = SA_NOMASK
rt_sigaction02   90  TPASS  :  rt_sigaction02 failure with sig: 51 as expected errno  = EFAULT : Bad address
rt_sigaction02    0  TINFO  :  Signal 52
rt_sigaction02    0  TINFO  :  sa.sa_flags = SA_RESETHAND|SA_SIGINFO
rt_sigaction02   91  TPASS  :  rt_sigaction02 failure with sig: 52 as expected errno  = EFAULT : Bad address
rt_sigaction02    0  TINFO  :  sa.sa_flags = SA_RESETHAND
rt_sigaction02   92  TPASS  :  rt_sigaction02 failure with sig: 52 as expected errno  = EFAULT : Bad address
rt_sigaction02    0  TINFO  :  sa.sa_flags = SA_RESETHAND|SA_SIGINFO
rt_sigaction02   93  TPASS  :  rt_sigaction02 failure with sig: 52 as expected errno  = EFAULT : Bad address
rt_sigaction02    0  TINFO  :  sa.sa_flags = SA_RESETHAND|SA_SIGINFO
rt_sigaction02   94  TPASS  :  rt_sigaction02 failure with sig: 52 as expected errno  = EFAULT : Bad address
rt_sigaction02    0  TINFO  :  sa.sa_flags = SA_NOMASK
rt_sigaction02   95  TPASS  :  rt_sigaction02 failure with sig: 52 as expected errno  = EFAULT : Bad address
rt_sigaction02    0  TINFO  :  Signal 53
rt_sigaction02    0  TINFO  :  sa.sa_flags = SA_RESETHAND|SA_SIGINFO
rt_sigaction02   96  TPASS  :  rt_sigaction02 failure with sig: 53 as expected errno  = EFAULT : Bad address
rt_sigaction02    0  TINFO  :  sa.sa_flags = SA_RESETHAND
rt_sigaction02   97  TPASS  :  rt_sigaction02 failure with sig: 53 as expected errno  = EFAULT : Bad address
rt_sigaction02    0  TINFO  :  sa.sa_flags = SA_RESETHAND|SA_SIGINFO
rt_sigaction02   98  TPASS  :  rt_sigaction02 failure with sig: 53 as expected errno  = EFAULT : Bad address
rt_sigaction02    0  TINFO  :  sa.sa_flags = SA_RESETHAND|SA_SIGINFO
rt_sigaction02   99  TPASS  :  rt_sigaction02 failure with sig: 53 as expected errno  = EFAULT : Bad address
rt_sigaction02    0  TINFO  :  sa.sa_flags = SA_NOMASK
rt_sigaction02  100  TPASS  :  rt_sigaction02 failure with sig: 53 as expected errno  = EFAULT : Bad address
rt_sigaction02    0  TINFO  :  Signal 54
rt_sigaction02    0  TINFO  :  sa.sa_flags = SA_RESETHAND|SA_SIGINFO
rt_sigaction02  101  TPASS  :  rt_sigaction02 failure with sig: 54 as expected errno  = EFAULT : Bad address
rt_sigaction02    0  TINFO  :  sa.sa_flags = SA_RESETHAND
rt_sigaction02  102  TPASS  :  rt_sigaction02 failure with sig: 54 as expected errno  = EFAULT : Bad address
rt_sigaction02    0  TINFO  :  sa.sa_flags = SA_RESETHAND|SA_SIGINFO
rt_sigaction02  103  TPASS  :  rt_sigaction02 failure with sig: 54 as expected errno  = EFAULT : Bad address
rt_sigaction02    0  TINFO  :  sa.sa_flags = SA_RESETHAND|SA_SIGINFO
rt_sigaction02  104  TPASS  :  rt_sigaction02 failure with sig: 54 as expected errno  = EFAULT : Bad address
rt_sigaction02    0  TINFO  :  sa.sa_flags = SA_NOMASK
rt_sigaction02  105  TPASS  :  rt_sigaction02 failure with sig: 54 as expected errno  = EFAULT : Bad address
rt_sigaction02    0  TINFO  :  Signal 55
rt_sigaction02    0  TINFO  :  sa.sa_flags = SA_RESETHAND|SA_SIGINFO
rt_sigaction02  106  TPASS  :  rt_sigaction02 failure with sig: 55 as expected errno  = EFAULT : Bad address
rt_sigaction02    0  TINFO  :  sa.sa_flags = SA_RESETHAND
rt_sigaction02  107  TPASS  :  rt_sigaction02 failure with sig: 55 as expected errno  = EFAULT : Bad address
rt_sigaction02    0  TINFO  :  sa.sa_flags = SA_RESETHAND|SA_SIGINFO
rt_sigaction02  108  TPASS  :  rt_sigaction02 failure with sig: 55 as expected errno  = EFAULT : Bad address
rt_sigaction02    0  TINFO  :  sa.sa_flags = SA_RESETHAND|SA_SIGINFO
rt_sigaction02  109  TPASS  :  rt_sigaction02 failure with sig: 55 as expected errno  = EFAULT : Bad address
rt_sigaction02    0  TINFO  :  sa.sa_flags = SA_NOMASK
rt_sigaction02  110  TPASS  :  rt_sigaction02 failure with sig: 55 as expected errno  = EFAULT : Bad address
rt_sigaction02    0  TINFO  :  Signal 56
rt_sigaction02    0  TINFO  :  sa.sa_flags = SA_RESETHAND|SA_SIGINFO
rt_sigaction02  111  TPASS  :  rt_sigaction02 failure with sig: 56 as expected errno  = EFAULT : Bad address
rt_sigaction02    0  TINFO  :  sa.sa_flags = SA_RESETHAND
rt_sigaction02  112  TPASS  :  rt_sigaction02 failure with sig: 56 as expected errno  = EFAULT : Bad address
rt_sigaction02    0  TINFO  :  sa.sa_flags = SA_RESETHAND|SA_SIGINFO
rt_sigaction02  113  TPASS  :  rt_sigaction02 failure with sig: 56 as expected errno  = EFAULT : Bad address
rt_sigaction02    0  TINFO  :  sa.sa_flags = SA_RESETHAND|SA_SIGINFO
rt_sigaction02  114  TPASS  :  rt_sigaction02 failure with sig: 56 as expected errno  = EFAULT : Bad address
rt_sigaction02    0  TINFO  :  sa.sa_flags = SA_NOMASK
rt_sigaction02  115  TPASS  :  rt_sigaction02 failure with sig: 56 as expected errno  = EFAULT : Bad address
rt_sigaction02    0  TINFO  :  Signal 57
rt_sigaction02    0  TINFO  :  sa.sa_flags = SA_RESETHAND|SA_SIGINFO
rt_sigaction02  116  TPASS  :  rt_sigaction02 failure with sig: 57 as expected errno  = EFAULT : Bad address
rt_sigaction02    0  TINFO  :  sa.sa_flags = SA_RESETHAND
rt_sigaction02  117  TPASS  :  rt_sigaction02 failure with sig: 57 as expected errno  = EFAULT : Bad address
rt_sigaction02    0  TINFO  :  sa.sa_flags = SA_RESETHAND|SA_SIGINFO
rt_sigaction02  118  TPASS  :  rt_sigaction02 failure with sig: 57 as expected errno  = EFAULT : Bad address
rt_sigaction02    0  TINFO  :  sa.sa_flags = SA_RESETHAND|SA_SIGINFO
rt_sigaction02  119  TPASS  :  rt_sigaction02 failure with sig: 57 as expected errno  = EFAULT : Bad address
rt_sigaction02    0  TINFO  :  sa.sa_flags = SA_NOMASK
rt_sigaction02  120  TPASS  :  rt_sigaction02 failure with sig: 57 as expected errno  = EFAULT : Bad address
rt_sigaction02    0  TINFO  :  Signal 58
rt_sigaction02    0  TINFO  :  sa.sa_flags = SA_RESETHAND|SA_SIGINFO
rt_sigaction02  121  TPASS  :  rt_sigaction02 failure with sig: 58 as expected errno  = EFAULT : Bad address
rt_sigaction02    0  TINFO  :  sa.sa_flags = SA_RESETHAND
rt_sigaction02  122  TPASS  :  rt_sigaction02 failure with sig: 58 as expected errno  = EFAULT : Bad address
rt_sigaction02    0  TINFO  :  sa.sa_flags = SA_RESETHAND|SA_SIGINFO
rt_sigaction02  123  TPASS  :  rt_sigaction02 failure with sig: 58 as expected errno  = EFAULT : Bad address
rt_sigaction02    0  TINFO  :  sa.sa_flags = SA_RESETHAND|SA_SIGINFO
rt_sigaction02  124  TPASS  :  rt_sigaction02 failure with sig: 58 as expected errno  = EFAULT : Bad address
rt_sigaction02    0  TINFO  :  sa.sa_flags = SA_NOMASK
rt_sigaction02  125  TPASS  :  rt_sigaction02 failure with sig: 58 as expected errno  = EFAULT : Bad address
rt_sigaction02    0  TINFO  :  Signal 59
rt_sigaction02    0  TINFO  :  sa.sa_flags = SA_RESETHAND|SA_SIGINFO
rt_sigaction02  126  TPASS  :  rt_sigaction02 failure with sig: 59 as expected errno  = EFAULT : Bad address
rt_sigaction02    0  TINFO  :  sa.sa_flags = SA_RESETHAND
rt_sigaction02  127  TPASS  :  rt_sigaction02 failure with sig: 59 as expected errno  = EFAULT : Bad address
rt_sigaction02    0  TINFO  :  sa.sa_flags = SA_RESETHAND|SA_SIGINFO
rt_sigaction02  128  TPASS  :  rt_sigaction02 failure with sig: 59 as expected errno  = EFAULT : Bad address
rt_sigaction02    0  TINFO  :  sa.sa_flags = SA_RESETHAND|SA_SIGINFO
rt_sigaction02  129  TPASS  :  rt_sigaction02 failure with sig: 59 as expected errno  = EFAULT : Bad address
rt_sigaction02    0  TINFO  :  sa.sa_flags = SA_NOMASK
rt_sigaction02  130  TPASS  :  rt_sigaction02 failure with sig: 59 as expected errno  = EFAULT : Bad address
rt_sigaction02    0  TINFO  :  Signal 60
rt_sigaction02    0  TINFO  :  sa.sa_flags = SA_RESETHAND|SA_SIGINFO
rt_sigaction02  131  TPASS  :  rt_sigaction02 failure with sig: 60 as expected errno  = EFAULT : Bad address
rt_sigaction02    0  TINFO  :  sa.sa_flags = SA_RESETHAND
rt_sigaction02  132  TPASS  :  rt_sigaction02 failure with sig: 60 as expected errno  = EFAULT : Bad address
rt_sigaction02    0  TINFO  :  sa.sa_flags = SA_RESETHAND|SA_SIGINFO
rt_sigaction02  133  TPASS  :  rt_sigaction02 failure with sig: 60 as expected errno  = EFAULT : Bad address
rt_sigaction02    0  TINFO  :  sa.sa_flags = SA_RESETHAND|SA_SIGINFO
rt_sigaction02  134  TPASS  :  rt_sigaction02 failure with sig: 60 as expected errno  = EFAULT : Bad address
rt_sigaction02    0  TINFO  :  sa.sa_flags = SA_NOMASK
rt_sigaction02  135  TPASS  :  rt_sigaction02 failure with sig: 60 as expected errno  = EFAULT : Bad address
rt_sigaction02    0  TINFO  :  Signal 61
rt_sigaction02    0  TINFO  :  sa.sa_flags = SA_RESETHAND|SA_SIGINFO
rt_sigaction02  136  TPASS  :  rt_sigaction02 failure with sig: 61 as expected errno  = EFAULT : Bad address
rt_sigaction02    0  TINFO  :  sa.sa_flags = SA_RESETHAND
rt_sigaction02  137  TPASS  :  rt_sigaction02 failure with sig: 61 as expected errno  = EFAULT : Bad address
rt_sigaction02    0  TINFO  :  sa.sa_flags = SA_RESETHAND|SA_SIGINFO
rt_sigaction02  138  TPASS  :  rt_sigaction02 failure with sig: 61 as expected errno  = EFAULT : Bad address
rt_sigaction02    0  TINFO  :  sa.sa_flags = SA_RESETHAND|SA_SIGINFO
rt_sigaction02  139  TPASS  :  rt_sigaction02 failure with sig: 61 as expected errno  = EFAULT : Bad address
rt_sigaction02    0  TINFO  :  sa.sa_flags = SA_NOMASK
rt_sigaction02  140  TPASS  :  rt_sigaction02 failure with sig: 61 as expected errno  = EFAULT : Bad address
rt_sigaction02    0  TINFO  :  Signal 62
rt_sigaction02    0  TINFO  :  sa.sa_flags = SA_RESETHAND|SA_SIGINFO
rt_sigaction02  141  TPASS  :  rt_sigaction02 failure with sig: 62 as expected errno  = EFAULT : Bad address
rt_sigaction02    0  TINFO  :  sa.sa_flags = SA_RESETHAND
rt_sigaction02  142  TPASS  :  rt_sigaction02 failure with sig: 62 as expected errno  = EFAULT : Bad address
rt_sigaction02    0  TINFO  :  sa.sa_flags = SA_RESETHAND|SA_SIGINFO
rt_sigaction02  143  TPASS  :  rt_sigaction02 failure with sig: 62 as expected errno  = EFAULT : Bad address
rt_sigaction02    0  TINFO  :  sa.sa_flags = SA_RESETHAND|SA_SIGINFO
rt_sigaction02  144  TPASS  :  rt_sigaction02 failure with sig: 62 as expected errno  = EFAULT : Bad address
rt_sigaction02    0  TINFO  :  sa.sa_flags = SA_NOMASK
rt_sigaction02  145  TPASS  :  rt_sigaction02 failure with sig: 62 as expected errno  = EFAULT : Bad address
rt_sigaction02    0  TINFO  :  Signal 63
rt_sigaction02    0  TINFO  :  sa.sa_flags = SA_RESETHAND|SA_SIGINFO
rt_sigaction02  146  TPASS  :  rt_sigaction02 failure with sig: 63 as expected errno  = EFAULT : Bad address
rt_sigaction02    0  TINFO  :  sa.sa_flags = SA_RESETHAND
rt_sigaction02  147  TPASS  :  rt_sigaction02 failure with sig: 63 as expected errno  = EFAULT : Bad address
rt_sigaction02    0  TINFO  :  sa.sa_flags = SA_RESETHAND|SA_SIGINFO
rt_sigaction02  148  TPASS  :  rt_sigaction02 failure with sig: 63 as expected errno  = EFAULT : Bad address
rt_sigaction02    0  TINFO  :  sa.sa_flags = SA_RESETHAND|SA_SIGINFO
rt_sigaction02  149  TPASS  :  rt_sigaction02 failure with sig: 63 as expected errno  = EFAULT : Bad address
rt_sigaction02    0  TINFO  :  sa.sa_flags = SA_NOMASK
rt_sigaction02  150  TPASS  :  rt_sigaction02 failure with sig: 63 as expected errno  = EFAULT : Bad address
rt_sigaction02    0  TINFO  :  Signal 64
rt_sigaction02    0  TINFO  :  sa.sa_flags = SA_RESETHAND|SA_SIGINFO
rt_sigaction02  151  TPASS  :  rt_sigaction02 failure with sig: 64 as expected errno  = EFAULT : Bad address
rt_sigaction02    0  TINFO  :  sa.sa_flags = SA_RESETHAND
rt_sigaction02  152  TPASS  :  rt_sigaction02 failure with sig: 64 as expected errno  = EFAULT : Bad address
rt_sigaction02    0  TINFO  :  sa.sa_flags = SA_RESETHAND|SA_SIGINFO
rt_sigaction02  153  TPASS  :  rt_sigaction02 failure with sig: 64 as expected errno  = EFAULT : Bad address
rt_sigaction02    0  TINFO  :  sa.sa_flags = SA_RESETHAND|SA_SIGINFO
rt_sigaction02  154  TPASS  :  rt_sigaction02 failure with sig: 64 as expected errno  = EFAULT : Bad address
rt_sigaction02    0  TINFO  :  sa.sa_flags = SA_NOMASK
rt_sigaction02  155  TPASS  [37m[ 34.919682 0:60 axfs::root:433] [33m[AxError::IsADirectory][m
[m:  rt_sigaction02 failure with sig: 64 as expected errno  = EFAULT : Bad address
FAIL LTP CASE rt_sigaction02 : 0
Pass!
LTP MEMORY rt_sigaction02 after_run: free_frames=187954 allocated_frames=8212
LTP MEMORY rt_sigaction02 after_cleanup: free_frames=187954 allocated_frames=8212
LTP CASE RUNTIME rt_sigaction02: 2140 ms
========== END ltp rt_sigaction02 ==========
========== START ltp uname04 ==========
RUN LTP CASE uname04
LTP MEMORY uname04 before: free_frames=187954 allocated_frames=8212
tst_memutils.c:152: TINFO: oom_score_adj does not exist, skipping the adjustment
tst_test.c:1733: TINFO: LTP version: 20240524
tst_test.c:1617: TINFO: Timeout per run is 0h 00m 30s
tst_memutils.c:152: TINFO: oom_score_adj does not exist, skipping the adjustment
uname04.c:70: TINFO: Calling uname with default personality
uname04.c:62: TPASS: No bytes leaked
uname04.c:73: TINFO: Calling uname with UNAME26 personality
uname04.c:62: TPASS: No bytes leaked

Summary:
passed   2
failed   0
broken   0
skipped  0
warnings 0
[37m[ 36.958812 0:61 axfs::root:433] [33m[AxError::IsADirectory][m
[mFAIL LTP CASE uname04 : 0
Pass!
LTP MEMORY uname04 after_run: free_frames=187933 allocated_frames=8233
LTP MEMORY uname04 after_cleanup: free_frames=187933 allocated_frames=8233
LTP CASE RUNTIME uname04: 2041 ms
========== END ltp uname04 ==========
ltp cases: 11 passed, 0 failed, 0 timed out
#### OS COMP TEST GROUP END ltp-glibc ####
[37m[ 36.979366 0:2 axplat_loongarch64_qemu_virt::power:23] [32mShutting down...[m
[m
